[4, 'QAOA', 'TFIM', -1, 4, 4, 'hypersphere', 10]
Time to find local minimum: 2.400675058364868

func:'s_dict'  took: 1.1675 sec
[2 2 2 1 1 1 1 1 1 1 0 0 0 0]
K_i: [2 2 2 2 2 2 2 2 2 2 1 1 1 1]
K_path: [[2, 2, 2, 1, 1, 1, 1, 1, 1, 1, 0, 0, 0, 0]]
func:'s_dict'  took: 0.0255 sec
[2 2 2 2 2 2 2 2 2 2 1 1 1 1]
K_i: [2 2 2 2 2 2 2 2 2 2 1 1 1 1]
K_path: [[2, 2, 2, 1, 1, 1, 1, 1, 1, 1, 0, 0, 0, 0], [2, 2, 2, 2, 2, 2, 2, 2, 2, 2, 1, 1, 1, 1]]
K_i: [2 2 2 1 1 1 1 1 1 1 0 0 0 0]
K_path: [[2, 2, 2, 1, 1, 1, 1, 1, 1, 1, 0, 0, 0, 0], [2, 2, 2, 2, 2, 2, 2, 2, 2, 2, 1, 1, 1, 1]]
nfev_t/nfev_a: 75/257 = 0.2918287937743191
func:'find_K'  took: 12.9042 sec
[4, 'QAOA', 'TFIM', -1, 4, 4, 'hypersphere', 10, 0.2918287937743191, 0.585413494732498, -4.557826693472151, -0.8696030080318451, -4.557828634977341]
[4, 'QAOA', 'TFIM', -1, 4, 4, 'hypersphere', 10]
Time to find local minimum: 9.754770994186401

func:'s_dict'  took: 0.0332 sec
[2 2 2 3 3 3 3 3 3 3 0 0 0 0]
K_i: [2 2 2 2 2 2 2 2 2 2 3 3 3 3]
K_path: [[2, 2, 2, 3, 3, 3, 3, 3, 3, 3, 0, 0, 0, 0]]
func:'s_dict'  took: 0.0257 sec
[2 2 2 2 2 2 2 2 2 2 3 3 3 3]
K_i: [2 2 2 2 2 2 2 2 2 2 3 3 3 3]
K_path: [[2, 2, 2, 3, 3, 3, 3, 3, 3, 3, 0, 0, 0, 0], [2, 2, 2, 2, 2, 2, 2, 2, 2, 2, 3, 3, 3, 3]]
K_i: [2 2 2 3 3 3 3 3 3 3 4 4 4 4]
K_path: [[2, 2, 2, 3, 3, 3, 3, 3, 3, 3, 0, 0, 0, 0], [2, 2, 2, 2, 2, 2, 2, 2, 2, 2, 3, 3, 3, 3]]
nfev_t/nfev_a: 306/351 = 0.8717948717948718
func:'find_K'  took: 21.9215 sec
[4, 'QAOA', 'TFIM', -1, 4, 4, 'hypersphere', 10, 0.8717948717948718, 0.4067525618671535, -4.557826704414894, -0.3793323468416929, -4.558544754981995]
[4, 'QAOA', 'TFIM', -1, 4, 4, 'hypersphere', 10]
Time to find local minimum: 0.9548578262329102

func:'s_dict'  took: 0.0271 sec
[3 3 3 0 0 0 0 0 0 0 3 3 3 3]
K_i: [4 4 4 0 0 0 0 0 0 0 0 0 0 0]
K_path: [[3, 3, 3, 0, 0, 0, 0, 0, 0, 0, 3, 3, 3, 3]]
func:'s_dict'  took: 0.0235 sec
[4 4 4 0 0 0 0 0 0 0 0 0 0 0]
K_i: [4 4 4 0 0 0 0 0 0 0 0 0 0 0]
K_path: [[3, 3, 3, 0, 0, 0, 0, 0, 0, 0, 3, 3, 3, 3], [0, 0, 0, 0, 0, 0, 0, 0, 0, 0, 0, 0, 0, 0]]
nfev_t/nfev_a: 30/187 = 0.16042780748663102
func:'find_K'  took: 7.6685 sec
[4, 'QAOA', 'TFIM', -1, 4, 4, 'hypersphere', 10, 0.16042780748663102, 0.8966916432692041, -4.697712541351682, -3.8711811592802405, -4.697904527187347]
[4, 'QAOA', 'TFIM', -1, 4, 4, 'hypersphere', 10]
Time to find local minimum: 2.2258622646331787

func:'s_dict'  took: 0.0339 sec
[1 1 1 3 3 3 3 3 3 3 2 2 2 2]
K_i: [2 2 2 3 3 3 3 3 3 3 3 3 3 3]
K_path: [[1, 1, 1, 3, 3, 3, 3, 3, 3, 3, 2, 2, 2, 2]]
func:'s_dict'  took: 0.0328 sec
[2 2 2 3 3 3 3 3 3 3 3 3 3 3]
K_i: [2 2 2 3 3 3 3 3 3 3 3 3 3 3]
K_path: [[1, 1, 1, 3, 3, 3, 3, 3, 3, 3, 2, 2, 2, 2], [2, 2, 2, 3, 3, 3, 3, 3, 3, 3, 3, 3, 3, 3]]
K_i: [1 1 1 2 2 2 2 2 2 2 3 3 3 3]
K_path: [[1, 1, 1, 3, 3, 3, 3, 3, 3, 3, 2, 2, 2, 2], [2, 2, 2, 3, 3, 3, 3, 3, 3, 3, 3, 3, 3, 3]]
func:'s_dict'  took: 0.0283 sec
[1 1 1 2 2 2 2 2 2 2 3 3 3 3]
K_i: [2 2 2 2 2 2 2 2 2 2 2 2 2 2]
K_path: [[1, 1, 1, 3, 3, 3, 3, 3, 3, 3, 2, 2, 2, 2], [2, 2, 2, 3, 3, 3, 3, 3, 3, 3, 3, 3, 3, 3], [1, 1, 1, 2, 2, 2, 2, 2, 2, 2, 3, 3, 3, 3]]
func:'s_dict'  took: 0.0254 sec
[2 2 2 2 2 2 2 2 2 2 2 2 2 2]
K_i: [3 3 3 2 2 2 2 2 2 2 2 2 2 2]
K_path: [[1, 1, 1, 3, 3, 3, 3, 3, 3, 3, 2, 2, 2, 2], [2, 2, 2, 3, 3, 3, 3, 3, 3, 3, 3, 3, 3, 3], [1, 1, 1, 2, 2, 2, 2, 2, 2, 2, 3, 3, 3, 3], [2, 2, 2, 2, 2, 2, 2, 2, 2, 2, 2, 2, 2, 2]]
func:'s_dict'  took: 0.0319 sec
[3 3 3 2 2 2 2 2 2 2 2 2 2 2]
K_i: [4 4 4 2 2 2 2 2 2 2 2 2 2 2]
K_path: [[1, 1, 1, 3, 3, 3, 3, 3, 3, 3, 2, 2, 2, 2], [2, 2, 2, 3, 3, 3, 3, 3, 3, 3, 3, 3, 3, 3], [1, 1, 1, 2, 2, 2, 2, 2, 2, 2, 3, 3, 3, 3], [2, 2, 2, 2, 2, 2, 2, 2, 2, 2, 2, 2, 2, 2], [3, 3, 3, 2, 2, 2, 2, 2, 2, 2, 2, 2, 2, 2]]
func:'s_dict'  took: 0.0299 sec
[4 4 4 2 2 2 2 2 2 2 2 2 2 2]
K_i: [5 5 5 2 2 2 2 2 2 2 2 2 2 2]
K_path: [[1, 1, 1, 3, 3, 3, 3, 3, 3, 3, 2, 2, 2, 2], [2, 2, 2, 3, 3, 3, 3, 3, 3, 3, 3, 3, 3, 3], [1, 1, 1, 2, 2, 2, 2, 2, 2, 2, 3, 3, 3, 3], [2, 2, 2, 2, 2, 2, 2, 2, 2, 2, 2, 2, 2, 2], [3, 3, 3, 2, 2, 2, 2, 2, 2, 2, 2, 2, 2, 2], [0, 0, 0, 2, 2, 2, 2, 2, 2, 2, 2, 2, 2, 2]]
func:'s_dict'  took: 0.0365 sec
[5 5 5 2 2 2 2 2 2 2 2 2 2 2]
K_i: [5 5 5 2 2 2 2 2 2 2 2 2 2 2]
K_path: [[1, 1, 1, 3, 3, 3, 3, 3, 3, 3, 2, 2, 2, 2], [2, 2, 2, 3, 3, 3, 3, 3, 3, 3, 3, 3, 3, 3], [1, 1, 1, 2, 2, 2, 2, 2, 2, 2, 3, 3, 3, 3], [2, 2, 2, 2, 2, 2, 2, 2, 2, 2, 2, 2, 2, 2], [3, 3, 3, 2, 2, 2, 2, 2, 2, 2, 2, 2, 2, 2], [0, 0, 0, 2, 2, 2, 2, 2, 2, 2, 2, 2, 2, 2], [1, 1, 1, 2, 2, 2, 2, 2, 2, 2, 2, 2, 2, 2]]
K_i: [4 4 4 3 3 3 3 3 3 3 2 2 2 2]
K_path: [[1, 1, 1, 3, 3, 3, 3, 3, 3, 3, 2, 2, 2, 2], [2, 2, 2, 3, 3, 3, 3, 3, 3, 3, 3, 3, 3, 3], [1, 1, 1, 2, 2, 2, 2, 2, 2, 2, 3, 3, 3, 3], [2, 2, 2, 2, 2, 2, 2, 2, 2, 2, 2, 2, 2, 2], [3, 3, 3, 2, 2, 2, 2, 2, 2, 2, 2, 2, 2, 2], [0, 0, 0, 2, 2, 2, 2, 2, 2, 2, 2, 2, 2, 2], [1, 1, 1, 2, 2, 2, 2, 2, 2, 2, 2, 2, 2, 2]]
func:'s_dict'  took: 0.0373 sec
[4 4 4 3 3 3 3 3 3 3 2 2 2 2]
K_i: [5 5 5 2 2 2 2 2 2 2 2 2 2 2]
K_path: [[1, 1, 1, 3, 3, 3, 3, 3, 3, 3, 2, 2, 2, 2], [2, 2, 2, 3, 3, 3, 3, 3, 3, 3, 3, 3, 3, 3], [1, 1, 1, 2, 2, 2, 2, 2, 2, 2, 3, 3, 3, 3], [2, 2, 2, 2, 2, 2, 2, 2, 2, 2, 2, 2, 2, 2], [3, 3, 3, 2, 2, 2, 2, 2, 2, 2, 2, 2, 2, 2], [0, 0, 0, 2, 2, 2, 2, 2, 2, 2, 2, 2, 2, 2], [1, 1, 1, 2, 2, 2, 2, 2, 2, 2, 2, 2, 2, 2], [0, 0, 0, 3, 3, 3, 3, 3, 3, 3, 2, 2, 2, 2]]
K_i: [4 4 4 3 3 3 3 3 3 3 2 2 2 2]
K_path: [[1, 1, 1, 3, 3, 3, 3, 3, 3, 3, 2, 2, 2, 2], [2, 2, 2, 3, 3, 3, 3, 3, 3, 3, 3, 3, 3, 3], [1, 1, 1, 2, 2, 2, 2, 2, 2, 2, 3, 3, 3, 3], [2, 2, 2, 2, 2, 2, 2, 2, 2, 2, 2, 2, 2, 2], [3, 3, 3, 2, 2, 2, 2, 2, 2, 2, 2, 2, 2, 2], [0, 0, 0, 2, 2, 2, 2, 2, 2, 2, 2, 2, 2, 2], [1, 1, 1, 2, 2, 2, 2, 2, 2, 2, 2, 2, 2, 2], [0, 0, 0, 3, 3, 3, 3, 3, 3, 3, 2, 2, 2, 2]]
K_i: [4 4 4 2 2 2 2 2 2 2 3 3 3 3]
K_path: [[1, 1, 1, 3, 3, 3, 3, 3, 3, 3, 2, 2, 2, 2], [2, 2, 2, 3, 3, 3, 3, 3, 3, 3, 3, 3, 3, 3], [1, 1, 1, 2, 2, 2, 2, 2, 2, 2, 3, 3, 3, 3], [2, 2, 2, 2, 2, 2, 2, 2, 2, 2, 2, 2, 2, 2], [3, 3, 3, 2, 2, 2, 2, 2, 2, 2, 2, 2, 2, 2], [0, 0, 0, 2, 2, 2, 2, 2, 2, 2, 2, 2, 2, 2], [1, 1, 1, 2, 2, 2, 2, 2, 2, 2, 2, 2, 2, 2], [0, 0, 0, 3, 3, 3, 3, 3, 3, 3, 2, 2, 2, 2]]
func:'s_dict'  took: 0.0301 sec
[4 4 4 2 2 2 2 2 2 2 3 3 3 3]
K_i: [5 5 5 2 2 2 2 2 2 2 2 2 2 2]
K_path: [[1, 1, 1, 3, 3, 3, 3, 3, 3, 3, 2, 2, 2, 2], [2, 2, 2, 3, 3, 3, 3, 3, 3, 3, 3, 3, 3, 3], [1, 1, 1, 2, 2, 2, 2, 2, 2, 2, 3, 3, 3, 3], [2, 2, 2, 2, 2, 2, 2, 2, 2, 2, 2, 2, 2, 2], [3, 3, 3, 2, 2, 2, 2, 2, 2, 2, 2, 2, 2, 2], [0, 0, 0, 2, 2, 2, 2, 2, 2, 2, 2, 2, 2, 2], [1, 1, 1, 2, 2, 2, 2, 2, 2, 2, 2, 2, 2, 2], [0, 0, 0, 3, 3, 3, 3, 3, 3, 3, 2, 2, 2, 2], [0, 0, 0, 2, 2, 2, 2, 2, 2, 2, 3, 3, 3, 3]]
K_i: [4 4 4 3 3 3 3 3 3 3 2 2 2 2]
K_path: [[1, 1, 1, 3, 3, 3, 3, 3, 3, 3, 2, 2, 2, 2], [2, 2, 2, 3, 3, 3, 3, 3, 3, 3, 3, 3, 3, 3], [1, 1, 1, 2, 2, 2, 2, 2, 2, 2, 3, 3, 3, 3], [2, 2, 2, 2, 2, 2, 2, 2, 2, 2, 2, 2, 2, 2], [3, 3, 3, 2, 2, 2, 2, 2, 2, 2, 2, 2, 2, 2], [0, 0, 0, 2, 2, 2, 2, 2, 2, 2, 2, 2, 2, 2], [1, 1, 1, 2, 2, 2, 2, 2, 2, 2, 2, 2, 2, 2], [0, 0, 0, 3, 3, 3, 3, 3, 3, 3, 2, 2, 2, 2], [0, 0, 0, 2, 2, 2, 2, 2, 2, 2, 3, 3, 3, 3]]
K_i: [4 4 4 2 2 2 2 2 2 2 3 3 3 3]
K_path: [[1, 1, 1, 3, 3, 3, 3, 3, 3, 3, 2, 2, 2, 2], [2, 2, 2, 3, 3, 3, 3, 3, 3, 3, 3, 3, 3, 3], [1, 1, 1, 2, 2, 2, 2, 2, 2, 2, 3, 3, 3, 3], [2, 2, 2, 2, 2, 2, 2, 2, 2, 2, 2, 2, 2, 2], [3, 3, 3, 2, 2, 2, 2, 2, 2, 2, 2, 2, 2, 2], [0, 0, 0, 2, 2, 2, 2, 2, 2, 2, 2, 2, 2, 2], [1, 1, 1, 2, 2, 2, 2, 2, 2, 2, 2, 2, 2, 2], [0, 0, 0, 3, 3, 3, 3, 3, 3, 3, 2, 2, 2, 2], [0, 0, 0, 2, 2, 2, 2, 2, 2, 2, 3, 3, 3, 3]]
K_i: [4 4 4 2 2 2 2 2 2 2 2 2 2 2]
K_path: [[1, 1, 1, 3, 3, 3, 3, 3, 3, 3, 2, 2, 2, 2], [2, 2, 2, 3, 3, 3, 3, 3, 3, 3, 3, 3, 3, 3], [1, 1, 1, 2, 2, 2, 2, 2, 2, 2, 3, 3, 3, 3], [2, 2, 2, 2, 2, 2, 2, 2, 2, 2, 2, 2, 2, 2], [3, 3, 3, 2, 2, 2, 2, 2, 2, 2, 2, 2, 2, 2], [0, 0, 0, 2, 2, 2, 2, 2, 2, 2, 2, 2, 2, 2], [1, 1, 1, 2, 2, 2, 2, 2, 2, 2, 2, 2, 2, 2], [0, 0, 0, 3, 3, 3, 3, 3, 3, 3, 2, 2, 2, 2], [0, 0, 0, 2, 2, 2, 2, 2, 2, 2, 3, 3, 3, 3]]
K_i: [3 3 3 2 2 2 2 2 2 2 3 3 3 3]
K_path: [[1, 1, 1, 3, 3, 3, 3, 3, 3, 3, 2, 2, 2, 2], [2, 2, 2, 3, 3, 3, 3, 3, 3, 3, 3, 3, 3, 3], [1, 1, 1, 2, 2, 2, 2, 2, 2, 2, 3, 3, 3, 3], [2, 2, 2, 2, 2, 2, 2, 2, 2, 2, 2, 2, 2, 2], [3, 3, 3, 2, 2, 2, 2, 2, 2, 2, 2, 2, 2, 2], [0, 0, 0, 2, 2, 2, 2, 2, 2, 2, 2, 2, 2, 2], [1, 1, 1, 2, 2, 2, 2, 2, 2, 2, 2, 2, 2, 2], [0, 0, 0, 3, 3, 3, 3, 3, 3, 3, 2, 2, 2, 2], [0, 0, 0, 2, 2, 2, 2, 2, 2, 2, 3, 3, 3, 3]]
func:'s_dict'  took: 0.0330 sec
[3 3 3 2 2 2 2 2 2 2 3 3 3 3]
K_i: [4 4 4 2 2 2 2 2 2 2 2 2 2 2]
K_path: [[1, 1, 1, 3, 3, 3, 3, 3, 3, 3, 2, 2, 2, 2], [2, 2, 2, 3, 3, 3, 3, 3, 3, 3, 3, 3, 3, 3], [1, 1, 1, 2, 2, 2, 2, 2, 2, 2, 3, 3, 3, 3], [2, 2, 2, 2, 2, 2, 2, 2, 2, 2, 2, 2, 2, 2], [3, 3, 3, 2, 2, 2, 2, 2, 2, 2, 2, 2, 2, 2], [0, 0, 0, 2, 2, 2, 2, 2, 2, 2, 2, 2, 2, 2], [1, 1, 1, 2, 2, 2, 2, 2, 2, 2, 2, 2, 2, 2], [0, 0, 0, 3, 3, 3, 3, 3, 3, 3, 2, 2, 2, 2], [0, 0, 0, 2, 2, 2, 2, 2, 2, 2, 3, 3, 3, 3], [3, 3, 3, 2, 2, 2, 2, 2, 2, 2, 3, 3, 3, 3]]
K_i: [3 3 3 2 2 2 2 2 2 2 3 3 3 3]
K_path: [[1, 1, 1, 3, 3, 3, 3, 3, 3, 3, 2, 2, 2, 2], [2, 2, 2, 3, 3, 3, 3, 3, 3, 3, 3, 3, 3, 3], [1, 1, 1, 2, 2, 2, 2, 2, 2, 2, 3, 3, 3, 3], [2, 2, 2, 2, 2, 2, 2, 2, 2, 2, 2, 2, 2, 2], [3, 3, 3, 2, 2, 2, 2, 2, 2, 2, 2, 2, 2, 2], [0, 0, 0, 2, 2, 2, 2, 2, 2, 2, 2, 2, 2, 2], [1, 1, 1, 2, 2, 2, 2, 2, 2, 2, 2, 2, 2, 2], [0, 0, 0, 3, 3, 3, 3, 3, 3, 3, 2, 2, 2, 2], [0, 0, 0, 2, 2, 2, 2, 2, 2, 2, 3, 3, 3, 3], [3, 3, 3, 2, 2, 2, 2, 2, 2, 2, 3, 3, 3, 3]]
K_i: [3 3 3 2 2 2 2 2 2 2 2 2 2 2]
K_path: [[1, 1, 1, 3, 3, 3, 3, 3, 3, 3, 2, 2, 2, 2], [2, 2, 2, 3, 3, 3, 3, 3, 3, 3, 3, 3, 3, 3], [1, 1, 1, 2, 2, 2, 2, 2, 2, 2, 3, 3, 3, 3], [2, 2, 2, 2, 2, 2, 2, 2, 2, 2, 2, 2, 2, 2], [3, 3, 3, 2, 2, 2, 2, 2, 2, 2, 2, 2, 2, 2], [0, 0, 0, 2, 2, 2, 2, 2, 2, 2, 2, 2, 2, 2], [1, 1, 1, 2, 2, 2, 2, 2, 2, 2, 2, 2, 2, 2], [0, 0, 0, 3, 3, 3, 3, 3, 3, 3, 2, 2, 2, 2], [0, 0, 0, 2, 2, 2, 2, 2, 2, 2, 3, 3, 3, 3], [3, 3, 3, 2, 2, 2, 2, 2, 2, 2, 3, 3, 3, 3]]
K_i: [2 2 2 3 3 3 3 3 3 3 2 2 2 2]
K_path: [[1, 1, 1, 3, 3, 3, 3, 3, 3, 3, 2, 2, 2, 2], [2, 2, 2, 3, 3, 3, 3, 3, 3, 3, 3, 3, 3, 3], [1, 1, 1, 2, 2, 2, 2, 2, 2, 2, 3, 3, 3, 3], [2, 2, 2, 2, 2, 2, 2, 2, 2, 2, 2, 2, 2, 2], [3, 3, 3, 2, 2, 2, 2, 2, 2, 2, 2, 2, 2, 2], [0, 0, 0, 2, 2, 2, 2, 2, 2, 2, 2, 2, 2, 2], [1, 1, 1, 2, 2, 2, 2, 2, 2, 2, 2, 2, 2, 2], [0, 0, 0, 3, 3, 3, 3, 3, 3, 3, 2, 2, 2, 2], [0, 0, 0, 2, 2, 2, 2, 2, 2, 2, 3, 3, 3, 3], [3, 3, 3, 2, 2, 2, 2, 2, 2, 2, 3, 3, 3, 3]]
nfev_t/nfev_a: 70/151 = 0.46357615894039733
func:'find_K'  took: 12.0467 sec
[4, 'QAOA', 'TFIM', -1, 4, 4, 'hypersphere', 10, 0.46357615894039733, 0.03597910477094577, -0.00018593881089901164, -3.970806960016489, -0.00018598589043472558]
[4, 'QAOA', 'TFIM', -1, 4, 4, 'hypersphere', 10]
Time to find local minimum: 5.80106782913208

func:'s_dict'  took: 0.0320 sec
[3 3 3 1 1 1 1 1 1 1 1 1 1 1]
K_i: [2 2 2 1 1 1 1 1 1 1 1 1 1 1]
K_path: [[3, 3, 3, 1, 1, 1, 1, 1, 1, 1, 1, 1, 1, 1]]
func:'s_dict'  took: 0.0263 sec
[2 2 2 1 1 1 1 1 1 1 1 1 1 1]
K_i: [3 3 3 1 1 1 1 1 1 1 1 1 1 1]
K_path: [[3, 3, 3, 1, 1, 1, 1, 1, 1, 1, 1, 1, 1, 1], [2, 2, 2, 1, 1, 1, 1, 1, 1, 1, 1, 1, 1, 1]]
K_i: [2 2 2 2 2 2 2 2 2 2 1 1 1 1]
K_path: [[3, 3, 3, 1, 1, 1, 1, 1, 1, 1, 1, 1, 1, 1], [2, 2, 2, 1, 1, 1, 1, 1, 1, 1, 1, 1, 1, 1]]
func:'s_dict'  took: 0.0250 sec
[2 2 2 2 2 2 2 2 2 2 1 1 1 1]
K_i: [3 3 3 2 2 2 2 2 2 2 2 2 2 2]
K_path: [[3, 3, 3, 1, 1, 1, 1, 1, 1, 1, 1, 1, 1, 1], [2, 2, 2, 1, 1, 1, 1, 1, 1, 1, 1, 1, 1, 1], [2, 2, 2, 2, 2, 2, 2, 2, 2, 2, 1, 1, 1, 1]]
func:'s_dict'  took: 0.0321 sec
[3 3 3 2 2 2 2 2 2 2 2 2 2 2]
K_i: [3 3 3 2 2 2 2 2 2 2 2 2 2 2]
K_path: [[3, 3, 3, 1, 1, 1, 1, 1, 1, 1, 1, 1, 1, 1], [2, 2, 2, 1, 1, 1, 1, 1, 1, 1, 1, 1, 1, 1], [2, 2, 2, 2, 2, 2, 2, 2, 2, 2, 1, 1, 1, 1], [3, 3, 3, 2, 2, 2, 2, 2, 2, 2, 2, 2, 2, 2]]
K_i: [2 2 2 3 3 3 3 3 3 3 2 2 2 2]
K_path: [[3, 3, 3, 1, 1, 1, 1, 1, 1, 1, 1, 1, 1, 1], [2, 2, 2, 1, 1, 1, 1, 1, 1, 1, 1, 1, 1, 1], [2, 2, 2, 2, 2, 2, 2, 2, 2, 2, 1, 1, 1, 1], [3, 3, 3, 2, 2, 2, 2, 2, 2, 2, 2, 2, 2, 2]]
func:'s_dict'  took: 0.0326 sec
[2 2 2 3 3 3 3 3 3 3 2 2 2 2]
K_i: [3 3 3 2 2 2 2 2 2 2 2 2 2 2]
K_path: [[3, 3, 3, 1, 1, 1, 1, 1, 1, 1, 1, 1, 1, 1], [2, 2, 2, 1, 1, 1, 1, 1, 1, 1, 1, 1, 1, 1], [2, 2, 2, 2, 2, 2, 2, 2, 2, 2, 1, 1, 1, 1], [3, 3, 3, 2, 2, 2, 2, 2, 2, 2, 2, 2, 2, 2], [2, 2, 2, 3, 3, 3, 3, 3, 3, 3, 2, 2, 2, 2]]
K_i: [2 2 2 3 3 3 3 3 3 3 2 2 2 2]
K_path: [[3, 3, 3, 1, 1, 1, 1, 1, 1, 1, 1, 1, 1, 1], [2, 2, 2, 1, 1, 1, 1, 1, 1, 1, 1, 1, 1, 1], [2, 2, 2, 2, 2, 2, 2, 2, 2, 2, 1, 1, 1, 1], [3, 3, 3, 2, 2, 2, 2, 2, 2, 2, 2, 2, 2, 2], [2, 2, 2, 3, 3, 3, 3, 3, 3, 3, 2, 2, 2, 2]]
K_i: [2 2 2 2 2 2 2 2 2 2 3 3 3 3]
K_path: [[3, 3, 3, 1, 1, 1, 1, 1, 1, 1, 1, 1, 1, 1], [2, 2, 2, 1, 1, 1, 1, 1, 1, 1, 1, 1, 1, 1], [2, 2, 2, 2, 2, 2, 2, 2, 2, 2, 1, 1, 1, 1], [3, 3, 3, 2, 2, 2, 2, 2, 2, 2, 2, 2, 2, 2], [2, 2, 2, 3, 3, 3, 3, 3, 3, 3, 2, 2, 2, 2]]
func:'s_dict'  took: 0.0257 sec
[2 2 2 2 2 2 2 2 2 2 3 3 3 3]
K_i: [2 2 2 3 3 3 3 3 3 3 2 2 2 2]
K_path: [[3, 3, 3, 1, 1, 1, 1, 1, 1, 1, 1, 1, 1, 1], [2, 2, 2, 1, 1, 1, 1, 1, 1, 1, 1, 1, 1, 1], [2, 2, 2, 2, 2, 2, 2, 2, 2, 2, 1, 1, 1, 1], [3, 3, 3, 2, 2, 2, 2, 2, 2, 2, 2, 2, 2, 2], [2, 2, 2, 3, 3, 3, 3, 3, 3, 3, 2, 2, 2, 2], [2, 2, 2, 2, 2, 2, 2, 2, 2, 2, 3, 3, 3, 3]]
K_i: [2 2 2 2 2 2 2 2 2 2 3 3 3 3]
K_path: [[3, 3, 3, 1, 1, 1, 1, 1, 1, 1, 1, 1, 1, 1], [2, 2, 2, 1, 1, 1, 1, 1, 1, 1, 1, 1, 1, 1], [2, 2, 2, 2, 2, 2, 2, 2, 2, 2, 1, 1, 1, 1], [3, 3, 3, 2, 2, 2, 2, 2, 2, 2, 2, 2, 2, 2], [2, 2, 2, 3, 3, 3, 3, 3, 3, 3, 2, 2, 2, 2], [2, 2, 2, 2, 2, 2, 2, 2, 2, 2, 3, 3, 3, 3]]
K_i: [2 2 2 2 2 2 2 2 2 2 2 2 2 2]
K_path: [[3, 3, 3, 1, 1, 1, 1, 1, 1, 1, 1, 1, 1, 1], [2, 2, 2, 1, 1, 1, 1, 1, 1, 1, 1, 1, 1, 1], [2, 2, 2, 2, 2, 2, 2, 2, 2, 2, 1, 1, 1, 1], [3, 3, 3, 2, 2, 2, 2, 2, 2, 2, 2, 2, 2, 2], [2, 2, 2, 3, 3, 3, 3, 3, 3, 3, 2, 2, 2, 2], [2, 2, 2, 2, 2, 2, 2, 2, 2, 2, 3, 3, 3, 3]]
func:'s_dict'  took: 0.0254 sec
[2 2 2 2 2 2 2 2 2 2 2 2 2 2]
K_i: [2 2 2 3 3 3 3 3 3 3 2 2 2 2]
K_path: [[3, 3, 3, 1, 1, 1, 1, 1, 1, 1, 1, 1, 1, 1], [2, 2, 2, 1, 1, 1, 1, 1, 1, 1, 1, 1, 1, 1], [2, 2, 2, 2, 2, 2, 2, 2, 2, 2, 1, 1, 1, 1], [3, 3, 3, 2, 2, 2, 2, 2, 2, 2, 2, 2, 2, 2], [2, 2, 2, 3, 3, 3, 3, 3, 3, 3, 2, 2, 2, 2], [2, 2, 2, 2, 2, 2, 2, 2, 2, 2, 3, 3, 3, 3], [2, 2, 2, 2, 2, 2, 2, 2, 2, 2, 2, 2, 2, 2]]
K_i: [2 2 2 2 2 2 2 2 2 2 3 3 3 3]
K_path: [[3, 3, 3, 1, 1, 1, 1, 1, 1, 1, 1, 1, 1, 1], [2, 2, 2, 1, 1, 1, 1, 1, 1, 1, 1, 1, 1, 1], [2, 2, 2, 2, 2, 2, 2, 2, 2, 2, 1, 1, 1, 1], [3, 3, 3, 2, 2, 2, 2, 2, 2, 2, 2, 2, 2, 2], [2, 2, 2, 3, 3, 3, 3, 3, 3, 3, 2, 2, 2, 2], [2, 2, 2, 2, 2, 2, 2, 2, 2, 2, 3, 3, 3, 3], [2, 2, 2, 2, 2, 2, 2, 2, 2, 2, 2, 2, 2, 2]]
K_i: [2 2 2 2 2 2 2 2 2 2 2 2 2 2]
K_path: [[3, 3, 3, 1, 1, 1, 1, 1, 1, 1, 1, 1, 1, 1], [2, 2, 2, 1, 1, 1, 1, 1, 1, 1, 1, 1, 1, 1], [2, 2, 2, 2, 2, 2, 2, 2, 2, 2, 1, 1, 1, 1], [3, 3, 3, 2, 2, 2, 2, 2, 2, 2, 2, 2, 2, 2], [2, 2, 2, 3, 3, 3, 3, 3, 3, 3, 2, 2, 2, 2], [2, 2, 2, 2, 2, 2, 2, 2, 2, 2, 3, 3, 3, 3], [2, 2, 2, 2, 2, 2, 2, 2, 2, 2, 2, 2, 2, 2]]
K_i: [3 3 3 2 2 2 2 2 2 2 2 2 2 2]
K_path: [[3, 3, 3, 1, 1, 1, 1, 1, 1, 1, 1, 1, 1, 1], [2, 2, 2, 1, 1, 1, 1, 1, 1, 1, 1, 1, 1, 1], [2, 2, 2, 2, 2, 2, 2, 2, 2, 2, 1, 1, 1, 1], [3, 3, 3, 2, 2, 2, 2, 2, 2, 2, 2, 2, 2, 2], [2, 2, 2, 3, 3, 3, 3, 3, 3, 3, 2, 2, 2, 2], [2, 2, 2, 2, 2, 2, 2, 2, 2, 2, 3, 3, 3, 3], [2, 2, 2, 2, 2, 2, 2, 2, 2, 2, 2, 2, 2, 2]]
K_i: [2 2 2 3 3 3 3 3 3 3 2 2 2 2]
K_path: [[3, 3, 3, 1, 1, 1, 1, 1, 1, 1, 1, 1, 1, 1], [2, 2, 2, 1, 1, 1, 1, 1, 1, 1, 1, 1, 1, 1], [2, 2, 2, 2, 2, 2, 2, 2, 2, 2, 1, 1, 1, 1], [3, 3, 3, 2, 2, 2, 2, 2, 2, 2, 2, 2, 2, 2], [2, 2, 2, 3, 3, 3, 3, 3, 3, 3, 2, 2, 2, 2], [2, 2, 2, 2, 2, 2, 2, 2, 2, 2, 3, 3, 3, 3], [2, 2, 2, 2, 2, 2, 2, 2, 2, 2, 2, 2, 2, 2]]
K_i: [2 2 2 2 2 2 2 2 2 2 3 3 3 3]
K_path: [[3, 3, 3, 1, 1, 1, 1, 1, 1, 1, 1, 1, 1, 1], [2, 2, 2, 1, 1, 1, 1, 1, 1, 1, 1, 1, 1, 1], [2, 2, 2, 2, 2, 2, 2, 2, 2, 2, 1, 1, 1, 1], [3, 3, 3, 2, 2, 2, 2, 2, 2, 2, 2, 2, 2, 2], [2, 2, 2, 3, 3, 3, 3, 3, 3, 3, 2, 2, 2, 2], [2, 2, 2, 2, 2, 2, 2, 2, 2, 2, 3, 3, 3, 3], [2, 2, 2, 2, 2, 2, 2, 2, 2, 2, 2, 2, 2, 2]]
K_i: [3 3 3 1 1 1 1 1 1 1 1 1 1 1]
K_path: [[3, 3, 3, 1, 1, 1, 1, 1, 1, 1, 1, 1, 1, 1], [2, 2, 2, 1, 1, 1, 1, 1, 1, 1, 1, 1, 1, 1], [2, 2, 2, 2, 2, 2, 2, 2, 2, 2, 1, 1, 1, 1], [3, 3, 3, 2, 2, 2, 2, 2, 2, 2, 2, 2, 2, 2], [2, 2, 2, 3, 3, 3, 3, 3, 3, 3, 2, 2, 2, 2], [2, 2, 2, 2, 2, 2, 2, 2, 2, 2, 3, 3, 3, 3], [2, 2, 2, 2, 2, 2, 2, 2, 2, 2, 2, 2, 2, 2]]
K_i: [2 2 2 2 2 2 2 2 2 2 1 1 1 1]
K_path: [[3, 3, 3, 1, 1, 1, 1, 1, 1, 1, 1, 1, 1, 1], [2, 2, 2, 1, 1, 1, 1, 1, 1, 1, 1, 1, 1, 1], [2, 2, 2, 2, 2, 2, 2, 2, 2, 2, 1, 1, 1, 1], [3, 3, 3, 2, 2, 2, 2, 2, 2, 2, 2, 2, 2, 2], [2, 2, 2, 3, 3, 3, 3, 3, 3, 3, 2, 2, 2, 2], [2, 2, 2, 2, 2, 2, 2, 2, 2, 2, 3, 3, 3, 3], [2, 2, 2, 2, 2, 2, 2, 2, 2, 2, 2, 2, 2, 2]]
K_i: [2 2 2 1 1 1 1 1 1 1 2 2 2 2]
K_path: [[3, 3, 3, 1, 1, 1, 1, 1, 1, 1, 1, 1, 1, 1], [2, 2, 2, 1, 1, 1, 1, 1, 1, 1, 1, 1, 1, 1], [2, 2, 2, 2, 2, 2, 2, 2, 2, 2, 1, 1, 1, 1], [3, 3, 3, 2, 2, 2, 2, 2, 2, 2, 2, 2, 2, 2], [2, 2, 2, 3, 3, 3, 3, 3, 3, 3, 2, 2, 2, 2], [2, 2, 2, 2, 2, 2, 2, 2, 2, 2, 3, 3, 3, 3], [2, 2, 2, 2, 2, 2, 2, 2, 2, 2, 2, 2, 2, 2]]
func:'s_dict'  took: 0.0271 sec
[2 2 2 1 1 1 1 1 1 1 2 2 2 2]
K_i: [3 3 3 1 1 1 1 1 1 1 1 1 1 1]
K_path: [[3, 3, 3, 1, 1, 1, 1, 1, 1, 1, 1, 1, 1, 1], [2, 2, 2, 1, 1, 1, 1, 1, 1, 1, 1, 1, 1, 1], [2, 2, 2, 2, 2, 2, 2, 2, 2, 2, 1, 1, 1, 1], [3, 3, 3, 2, 2, 2, 2, 2, 2, 2, 2, 2, 2, 2], [2, 2, 2, 3, 3, 3, 3, 3, 3, 3, 2, 2, 2, 2], [2, 2, 2, 2, 2, 2, 2, 2, 2, 2, 3, 3, 3, 3], [2, 2, 2, 2, 2, 2, 2, 2, 2, 2, 2, 2, 2, 2], [2, 2, 2, 1, 1, 1, 1, 1, 1, 1, 2, 2, 2, 2]]
K_i: [2 2 2 2 2 2 2 2 2 2 1 1 1 1]
K_path: [[3, 3, 3, 1, 1, 1, 1, 1, 1, 1, 1, 1, 1, 1], [2, 2, 2, 1, 1, 1, 1, 1, 1, 1, 1, 1, 1, 1], [2, 2, 2, 2, 2, 2, 2, 2, 2, 2, 1, 1, 1, 1], [3, 3, 3, 2, 2, 2, 2, 2, 2, 2, 2, 2, 2, 2], [2, 2, 2, 3, 3, 3, 3, 3, 3, 3, 2, 2, 2, 2], [2, 2, 2, 2, 2, 2, 2, 2, 2, 2, 3, 3, 3, 3], [2, 2, 2, 2, 2, 2, 2, 2, 2, 2, 2, 2, 2, 2], [2, 2, 2, 1, 1, 1, 1, 1, 1, 1, 2, 2, 2, 2]]
K_i: [2 2 2 1 1 1 1 1 1 1 2 2 2 2]
K_path: [[3, 3, 3, 1, 1, 1, 1, 1, 1, 1, 1, 1, 1, 1], [2, 2, 2, 1, 1, 1, 1, 1, 1, 1, 1, 1, 1, 1], [2, 2, 2, 2, 2, 2, 2, 2, 2, 2, 1, 1, 1, 1], [3, 3, 3, 2, 2, 2, 2, 2, 2, 2, 2, 2, 2, 2], [2, 2, 2, 3, 3, 3, 3, 3, 3, 3, 2, 2, 2, 2], [2, 2, 2, 2, 2, 2, 2, 2, 2, 2, 3, 3, 3, 3], [2, 2, 2, 2, 2, 2, 2, 2, 2, 2, 2, 2, 2, 2], [2, 2, 2, 1, 1, 1, 1, 1, 1, 1, 2, 2, 2, 2]]
K_i: [2 2 2 1 1 1 1 1 1 1 1 1 1 1]
K_path: [[3, 3, 3, 1, 1, 1, 1, 1, 1, 1, 1, 1, 1, 1], [2, 2, 2, 1, 1, 1, 1, 1, 1, 1, 1, 1, 1, 1], [2, 2, 2, 2, 2, 2, 2, 2, 2, 2, 1, 1, 1, 1], [3, 3, 3, 2, 2, 2, 2, 2, 2, 2, 2, 2, 2, 2], [2, 2, 2, 3, 3, 3, 3, 3, 3, 3, 2, 2, 2, 2], [2, 2, 2, 2, 2, 2, 2, 2, 2, 2, 3, 3, 3, 3], [2, 2, 2, 2, 2, 2, 2, 2, 2, 2, 2, 2, 2, 2], [2, 2, 2, 1, 1, 1, 1, 1, 1, 1, 2, 2, 2, 2]]
K_i: [3 3 3 2 2 2 2 2 2 2 1 1 1 1]
K_path: [[3, 3, 3, 1, 1, 1, 1, 1, 1, 1, 1, 1, 1, 1], [2, 2, 2, 1, 1, 1, 1, 1, 1, 1, 1, 1, 1, 1], [2, 2, 2, 2, 2, 2, 2, 2, 2, 2, 1, 1, 1, 1], [3, 3, 3, 2, 2, 2, 2, 2, 2, 2, 2, 2, 2, 2], [2, 2, 2, 3, 3, 3, 3, 3, 3, 3, 2, 2, 2, 2], [2, 2, 2, 2, 2, 2, 2, 2, 2, 2, 3, 3, 3, 3], [2, 2, 2, 2, 2, 2, 2, 2, 2, 2, 2, 2, 2, 2], [2, 2, 2, 1, 1, 1, 1, 1, 1, 1, 2, 2, 2, 2]]
func:'s_dict'  took: 0.0316 sec
[3 3 3 2 2 2 2 2 2 2 1 1 1 1]
K_i: [2 2 2 1 1 1 1 1 1 1 1 1 1 1]
K_path: [[3, 3, 3, 1, 1, 1, 1, 1, 1, 1, 1, 1, 1, 1], [2, 2, 2, 1, 1, 1, 1, 1, 1, 1, 1, 1, 1, 1], [2, 2, 2, 2, 2, 2, 2, 2, 2, 2, 1, 1, 1, 1], [3, 3, 3, 2, 2, 2, 2, 2, 2, 2, 2, 2, 2, 2], [2, 2, 2, 3, 3, 3, 3, 3, 3, 3, 2, 2, 2, 2], [2, 2, 2, 2, 2, 2, 2, 2, 2, 2, 3, 3, 3, 3], [2, 2, 2, 2, 2, 2, 2, 2, 2, 2, 2, 2, 2, 2], [2, 2, 2, 1, 1, 1, 1, 1, 1, 1, 2, 2, 2, 2], [3, 3, 3, 2, 2, 2, 2, 2, 2, 2, 1, 1, 1, 1]]
K_i: [3 3 3 2 2 2 2 2 2 2 1 1 1 1]
K_path: [[3, 3, 3, 1, 1, 1, 1, 1, 1, 1, 1, 1, 1, 1], [2, 2, 2, 1, 1, 1, 1, 1, 1, 1, 1, 1, 1, 1], [2, 2, 2, 2, 2, 2, 2, 2, 2, 2, 1, 1, 1, 1], [3, 3, 3, 2, 2, 2, 2, 2, 2, 2, 2, 2, 2, 2], [2, 2, 2, 3, 3, 3, 3, 3, 3, 3, 2, 2, 2, 2], [2, 2, 2, 2, 2, 2, 2, 2, 2, 2, 3, 3, 3, 3], [2, 2, 2, 2, 2, 2, 2, 2, 2, 2, 2, 2, 2, 2], [2, 2, 2, 1, 1, 1, 1, 1, 1, 1, 2, 2, 2, 2], [3, 3, 3, 2, 2, 2, 2, 2, 2, 2, 1, 1, 1, 1]]
nfev_t/nfev_a: 182/95 = 1.9157894736842105
func:'find_K'  took: 12.3954 sec
[4, 'QAOA', 'TFIM', -1, 4, 4, 'hypersphere', 10, 1.9157894736842105, 0.0032837124627620386, -4.650724813811083, -0.05905939266085625, -4.650726705789566]
  0%|          | 0/5 [00:00<?, ?it/s] 20%|██        | 1/5 [00:12<00:51, 12.91s/it] 40%|████      | 2/5 [00:34<00:54, 18.21s/it] 60%|██████    | 3/5 [00:42<00:26, 13.40s/it] 80%|████████  | 4/5 [00:54<00:12, 12.86s/it]100%|██████████| 5/5 [01:06<00:00, 12.70s/it]100%|██████████| 5/5 [01:06<00:00, 13.39s/it]
