[6, 'QAOA', 'TFIM', -10, 2, 6, 'hypersphere', 10]
Time to find local minimum: 2.749807596206665

func:'s_dict'  took: 1.2073 sec
[0.01989437 0.01989437 0.01989437 0.01989437 0.01989437 0.01989437
 0.01989437 0.01989437 0.01989437 0.01989437 0.01989437]
Optimization stopped because of boundary condition
func:'s_dict'  took: 0.0341 sec
[0.19098597 6.27865921 0.03700857 6.05314353 0.00643178 6.24741908
 0.11614988 0.04035119 0.14433392 0.02423233 5.35095511]
Optimization stopped because of boundary condition
func:'s_dict'  took: 0.0330 sec
[0.97638414 6.27865921 0.03700857 6.05314353 0.00643178 6.24741908
 0.11614988 0.04035119 0.14433392 0.02423233 6.13635327]
Optimization stopped because of boundary condition
nfev_t/nfev_a: 420/336 = 1.25
func:'find_K'  took: 7.4951 sec
[6, 'QAOA', 'TFIM', -10, 2, 6, 'hypersphere', 10, 1.25, 0.2909454274488854, -20.531006280628382, -40.18147782531465, -40.18147782531444]
[6, 'QAOA', 'TFIM', -10, 2, 6, 'hypersphere', 10]
Time to find local minimum: 4.863550424575806

func:'s_dict'  took: 0.0303 sec
[0.01989437 0.01989437 0.01989437 0.01989437 0.01989437 0.01989437
 0.01989437 0.01989437 0.01989437 0.01989437 0.01989437]
Optimization stopped because of boundary condition
func:'s_dict'  took: 0.0299 sec
[6.2200347  0.13679484 6.18566745 0.32156652 0.33440301 0.01586165
 6.26821142 0.89190701 1.1446217  0.2840082  0.2163384 ]
Optimization stopped because of boundary condition
func:'s_dict'  took: 0.0307 sec
[5.43463654 0.13679484 6.18566745 0.32156652 0.33440301 0.01586165
 6.26821142 0.10650885 1.1446217  0.2840082  0.2163384 ]
Optimization stopped because of boundary condition
func:'s_dict'  took: 0.0313 sec
[5.43463654 0.13679484 6.18566745 0.32156652 0.33440301 0.01586165
 6.26821142 0.89190701 0.35922354 0.2840082  0.2163384 ]
Optimization stopped because of boundary condition
nfev_t/nfev_a: 828/888 = 0.9324324324324325
func:'find_K'  took: 12.5803 sec
[6, 'QAOA', 'TFIM', -10, 2, 6, 'hypersphere', 10, 0.9324324324324325, 0.2929218736874558, -23.98659909634727, -40.181477825314865, -40.1814778253147]
[6, 'QAOA', 'TFIM', -10, 2, 6, 'hypersphere', 10]
Time to find local minimum: 3.4526891708374023

func:'s_dict'  took: 0.0268 sec
[0.01989437 0.01989437 0.01989437 0.01989437 0.01989437 0.01989437
 0.01989437 0.01989437 0.01989437 0.01989437 0.01989437]
Optimization stopped because of boundary condition
func:'s_dict'  took: 0.0271 sec
[0.0799647  0.09348517 6.06919719 0.08276247 0.78322532 0.07149106
 6.20195008 0.2050506  0.13545511 5.84912173 0.53027688]
Optimization stopped because of boundary condition
func:'s_dict'  took: 0.0305 sec
[0.86536287 0.09348517 6.06919719 0.08276247 6.28101246 0.07149106
 6.20195008 0.2050506  0.13545511 5.84912173 0.53027688]
Optimization stopped because of boundary condition
func:'s_dict'  took: 0.0311 sec
[0.0799647  0.09348517 6.06919719 0.08276247 6.28101246 0.07149106
 6.20195008 0.2050506  0.13545511 5.84912173 0.53027688]
Optimization stopped because of boundary condition
func:'s_dict'  took: 0.0301 sec
[0.86536287 0.09348517 5.28379903 0.08276247 6.28101246 0.07149106
 6.20195008 0.2050506  0.13545511 5.84912173 0.53027688]
Optimization stopped because of boundary condition
func:'s_dict'  took: 0.0313 sec
[0.0799647  0.09348517 5.28379903 0.08276247 6.28101246 0.07149106
 6.20195008 0.2050506  0.13545511 5.84912173 0.53027688]
Optimization stopped because of boundary condition
func:'s_dict'  took: 0.0326 sec
[0.86536287 0.09348517 4.49840087 0.08276247 6.28101246 0.07149106
 6.20195008 0.2050506  0.13545511 5.84912173 0.53027688]
Optimization stopped because of boundary condition
func:'s_dict'  took: 0.0274 sec
[0.86536287 0.09348517 5.28379903 0.08276247 5.4956143  0.07149106
 6.20195008 0.2050506  0.13545511 5.84912173 0.53027688]
Optimization stopped because of boundary condition
func:'s_dict'  took: 0.0309 sec
[0.86536287 0.09348517 5.28379903 0.08276247 6.28101246 0.07149106
 5.41655191 0.2050506  0.13545511 5.84912173 0.53027688]
Optimization stopped because of boundary condition
func:'s_dict'  took: 0.0302 sec
[0.86536287 0.09348517 5.28379903 0.08276247 6.28101246 0.07149106
 6.20195008 0.2050506  0.13545511 5.06372357 0.53027688]
Optimization stopped because of boundary condition
nfev_t/nfev_a: 588/516 = 1.1395348837209303
func:'find_K'  took: 11.2147 sec
[6, 'QAOA', 'TFIM', -10, 2, 6, 'hypersphere', 10, 1.1395348837209303, 0.19231914782200876, -18.690425601633635, -40.22146583570191, -40.18147782531218]
[6, 'QAOA', 'TFIM', -10, 2, 6, 'hypersphere', 10]
Time to find local minimum: 2.3944058418273926

func:'s_dict'  took: 0.0250 sec
[0.01989437 0.01989437 0.01989437 0.01989437 0.01989437 0.01989437
 0.01989437 0.01989437 0.01989437 0.01989437 0.01989437]
Optimization stopped because of boundary condition
func:'s_dict'  took: 0.0287 sec
[8.19293213e-02 3.92263306e-02 6.07437222e-03 6.27266076e+00
 5.80975200e+00 6.23035970e+00 4.47663479e-01 5.88094574e+00
 3.54244415e-01 5.24518085e+00 2.04596929e-02]
Optimization stopped because of boundary condition
func:'s_dict'  took: 0.0271 sec
[8.19293213e-02 3.92263306e-02 6.07437222e-03 5.48726260e+00
 5.80975200e+00 6.23035970e+00 4.47663479e-01 5.88094574e+00
 3.54244415e-01 5.24518085e+00 2.04596929e-02]
Optimization stopped because of boundary condition
func:'s_dict'  took: 0.0302 sec
[8.19293213e-02 3.92263306e-02 6.07437222e-03 6.27266076e+00
 5.80975200e+00 5.44496153e+00 4.47663479e-01 5.88094574e+00
 3.54244415e-01 5.24518085e+00 2.04596929e-02]
Optimization stopped because of boundary condition
func:'s_dict'  took: 0.0290 sec
[8.19293213e-02 3.92263306e-02 6.07437222e-03 6.27266076e+00
 5.80975200e+00 6.23035970e+00 5.94545062e+00 5.88094574e+00
 3.54244415e-01 5.24518085e+00 2.04596929e-02]
Optimization stopped because of boundary condition
func:'s_dict'  took: 0.0274 sec
[8.19293213e-02 3.92263306e-02 6.07437222e-03 5.48726260e+00
 5.80975200e+00 6.23035970e+00 5.94545062e+00 5.88094574e+00
 3.54244415e-01 5.24518085e+00 2.04596929e-02]
Optimization stopped because of boundary condition
func:'s_dict'  took: 0.0264 sec
[8.19293213e-02 3.92263306e-02 6.07437222e-03 6.27266076e+00
 5.02435383e+00 6.23035970e+00 5.94545062e+00 5.88094574e+00
 3.54244415e-01 5.24518085e+00 2.04596929e-02]
Optimization stopped because of boundary condition
func:'s_dict'  took: 0.1090 sec
[8.19293213e-02 3.92263306e-02 6.07437222e-03 5.48726260e+00
 5.02435383e+00 6.23035970e+00 5.94545062e+00 5.88094574e+00
 3.54244415e-01 5.24518085e+00 2.04596929e-02]
Optimization stopped because of boundary condition
func:'s_dict'  took: 0.0300 sec
[8.19293213e-02 3.92263306e-02 6.07437222e-03 6.27266076e+00
 4.23895567e+00 6.23035970e+00 5.94545062e+00 5.88094574e+00
 3.54244415e-01 5.24518085e+00 2.04596929e-02]
Optimization stopped because of boundary condition
func:'s_dict'  took: 0.0265 sec
[8.19293213e-02 3.92263306e-02 6.07437222e-03 6.27266076e+00
 5.02435383e+00 5.44496153e+00 5.94545062e+00 5.88094574e+00
 3.54244415e-01 5.24518085e+00 2.04596929e-02]
Optimization stopped because of boundary condition
nfev_t/nfev_a: 432/396 = 1.0909090909090908
func:'find_K'  took: 8.8970 sec
[6, 'QAOA', 'TFIM', -10, 2, 6, 'hypersphere', 10, 1.0909090909090908, 0.5806542952399562, -24.194547436707843, -40.22146583570204, -40.221465835701345]
[6, 'QAOA', 'TFIM', -10, 2, 6, 'hypersphere', 10]
Time to find local minimum: 7.416567087173462

func:'s_dict'  took: 0.0270 sec
[0.01989437 0.01989437 0.01989437 0.01989437 0.01989437 0.01989437
 0.01989437 0.01989437 0.01989437 0.01989437 0.01989437]
Optimization stopped because of boundary condition
func:'s_dict'  took: 0.0298 sec
[6.22856802 6.22268083 5.98948479 0.54639771 0.35873056 5.73774337
 0.57539151 0.35178538 5.71159794 5.70014074 6.0586549 ]
Optimization stopped because of boundary condition
func:'s_dict'  took: 0.0285 sec
[6.22856802 6.22268083 0.49169764 6.04418486 0.35873056 5.73774337
 0.57539151 0.35178538 5.71159794 5.70014074 6.0586549 ]
Optimization stopped because of boundary condition
func:'s_dict'  took: 0.0274 sec
[5.44316986 6.22268083 0.49169764 6.04418486 0.35873056 5.73774337
 0.57539151 0.35178538 5.71159794 5.70014074 6.0586549 ]
Optimization stopped because of boundary condition
func:'s_dict'  took: 0.0282 sec
[4.65777169 6.22268083 0.49169764 6.04418486 0.35873056 5.73774337
 0.57539151 0.35178538 5.71159794 5.70014074 6.0586549 ]
Optimization stopped because of boundary condition
func:'s_dict'  took: 0.0285 sec
[5.44316986 5.43728266 0.49169764 6.04418486 0.35873056 5.73774337
 0.57539151 0.35178538 5.71159794 5.70014074 6.0586549 ]
Optimization stopped because of boundary condition
func:'s_dict'  took: 0.0300 sec
[4.65777169 5.43728266 0.49169764 6.04418486 0.35873056 5.73774337
 0.57539151 0.35178538 5.71159794 5.70014074 6.0586549 ]
Optimization stopped because of boundary condition
func:'s_dict'  took: 0.0288 sec
[5.44316986 4.6518845  0.49169764 6.04418486 0.35873056 5.73774337
 0.57539151 0.35178538 5.71159794 5.70014074 6.0586549 ]
Optimization stopped because of boundary condition
func:'s_dict'  took: 0.0301 sec
[4.65777169 4.6518845  0.49169764 6.04418486 0.35873056 5.73774337
 0.57539151 0.35178538 5.71159794 5.70014074 6.0586549 ]
Optimization stopped because of boundary condition
func:'s_dict'  took: 0.0321 sec
[5.44316986 3.86648634 0.49169764 6.04418486 0.35873056 5.73774337
 0.57539151 0.35178538 5.71159794 5.70014074 6.0586549 ]
Optimization stopped because of boundary condition
nfev_t/nfev_a: 1212/912 = 1.3289473684210527
func:'find_K'  took: 17.5921 sec
[6, 'QAOA', 'TFIM', -10, 2, 6, 'hypersphere', 10, 1.3289473684210527, 0.18628676705329258, -25.097539028406498, -40.18147782531346, -40.181477825314644]
  0%|          | 0/5 [00:00<?, ?it/s] 20%|██        | 1/5 [00:07<00:29,  7.50s/it] 40%|████      | 2/5 [00:20<00:31, 10.49s/it] 60%|██████    | 3/5 [00:31<00:21, 10.82s/it] 80%|████████  | 4/5 [00:40<00:10, 10.06s/it]100%|██████████| 5/5 [00:57<00:00, 12.78s/it]100%|██████████| 5/5 [00:57<00:00, 11.56s/it]
