[6, 'QAOA', 'TFIM', -1, 2, 4, 'hypersphere', 10]
Time to find local minimum: 10.617958307266235

func:'s_dict'  took: 1.1282 sec
[1, 1, 1, 3, 1, 3, 3, 3, 2, 1, 0]
K_i: [0, 1, 1, 3, 1, 3, 3, 3, 2, 1, 0]
K_path: [[1, 1, 1, 3, 1, 3, 3, 3, 2, 1, 0]]
func:'s_dict'  took: 0.0143 sec
[0, 1, 1, 3, 1, 3, 3, 3, 2, 1, 0]
K_i: [0, 2, 1, 3, 1, 3, 3, 3, 2, 1, 0]
K_path: [[1, 1, 1, 3, 1, 3, 3, 3, 2, 1, 0], [0, 1, 1, 3, 1, 3, 3, 3, 2, 1, 0]]
func:'s_dict'  took: 0.0148 sec
[0, 2, 1, 3, 1, 3, 3, 3, 2, 1, 0]
K_i: [0, 2, 1, 3, 1, 3, 3, 3, 2, 1, 0]
K_path: [[1, 1, 1, 3, 1, 3, 3, 3, 2, 1, 0], [0, 1, 1, 3, 1, 3, 3, 3, 2, 1, 0], [0, 2, 1, 3, 1, 3, 3, 3, 2, 1, 0]]
K_i: [0, 1, 2, 3, 1, 3, 3, 3, 2, 1, 0]
K_path: [[1, 1, 1, 3, 1, 3, 3, 3, 2, 1, 0], [0, 1, 1, 3, 1, 3, 3, 3, 2, 1, 0], [0, 2, 1, 3, 1, 3, 3, 3, 2, 1, 0]]
func:'s_dict'  took: 0.0144 sec
[0, 1, 2, 3, 1, 3, 3, 3, 2, 1, 0]
K_i: [0, 2, 2, 3, 1, 3, 3, 3, 2, 1, 0]
K_path: [[1, 1, 1, 3, 1, 3, 3, 3, 2, 1, 0], [0, 1, 1, 3, 1, 3, 3, 3, 2, 1, 0], [0, 2, 1, 3, 1, 3, 3, 3, 2, 1, 0], [0, 1, 2, 3, 1, 3, 3, 3, 2, 1, 0]]
func:'s_dict'  took: 0.0148 sec
[0, 2, 2, 3, 1, 3, 3, 3, 2, 1, 0]
K_i: [0, 2, 2, 3, 1, 3, 3, 3, 2, 1, 0]
K_path: [[1, 1, 1, 3, 1, 3, 3, 3, 2, 1, 0], [0, 1, 1, 3, 1, 3, 3, 3, 2, 1, 0], [0, 2, 1, 3, 1, 3, 3, 3, 2, 1, 0], [0, 1, 2, 3, 1, 3, 3, 3, 2, 1, 0], [0, 2, 2, 3, 1, 3, 3, 3, 2, 1, 0]]
K_i: [0, 1, 3, 3, 1, 3, 3, 3, 2, 1, 0]
K_path: [[1, 1, 1, 3, 1, 3, 3, 3, 2, 1, 0], [0, 1, 1, 3, 1, 3, 3, 3, 2, 1, 0], [0, 2, 1, 3, 1, 3, 3, 3, 2, 1, 0], [0, 1, 2, 3, 1, 3, 3, 3, 2, 1, 0], [0, 2, 2, 3, 1, 3, 3, 3, 2, 1, 0]]
func:'s_dict'  took: 0.0159 sec
[0, 1, 3, 3, 1, 3, 3, 3, 2, 1, 0]
K_i: [0, 2, 2, 3, 1, 3, 3, 3, 2, 1, 0]
K_path: [[1, 1, 1, 3, 1, 3, 3, 3, 2, 1, 0], [0, 1, 1, 3, 1, 3, 3, 3, 2, 1, 0], [0, 2, 1, 3, 1, 3, 3, 3, 2, 1, 0], [0, 1, 2, 3, 1, 3, 3, 3, 2, 1, 0], [0, 2, 2, 3, 1, 3, 3, 3, 2, 1, 0], [0, 1, 3, 3, 1, 3, 3, 3, 2, 1, 0]]
K_i: [0, 1, 3, 3, 1, 3, 3, 3, 2, 1, 0]
K_path: [[1, 1, 1, 3, 1, 3, 3, 3, 2, 1, 0], [0, 1, 1, 3, 1, 3, 3, 3, 2, 1, 0], [0, 2, 1, 3, 1, 3, 3, 3, 2, 1, 0], [0, 1, 2, 3, 1, 3, 3, 3, 2, 1, 0], [0, 2, 2, 3, 1, 3, 3, 3, 2, 1, 0], [0, 1, 3, 3, 1, 3, 3, 3, 2, 1, 0]]
K_i: [0, 1, 2, 4, 1, 3, 3, 3, 2, 1, 0]
K_path: [[1, 1, 1, 3, 1, 3, 3, 3, 2, 1, 0], [0, 1, 1, 3, 1, 3, 3, 3, 2, 1, 0], [0, 2, 1, 3, 1, 3, 3, 3, 2, 1, 0], [0, 1, 2, 3, 1, 3, 3, 3, 2, 1, 0], [0, 2, 2, 3, 1, 3, 3, 3, 2, 1, 0], [0, 1, 3, 3, 1, 3, 3, 3, 2, 1, 0]]
func:'s_dict'  took: 0.0145 sec
[0, 1, 2, 4, 1, 3, 3, 3, 2, 1, 0]
K_i: [0, 2, 2, 3, 1, 3, 3, 3, 2, 1, 0]
K_path: [[1, 1, 1, 3, 1, 3, 3, 3, 2, 1, 0], [0, 1, 1, 3, 1, 3, 3, 3, 2, 1, 0], [0, 2, 1, 3, 1, 3, 3, 3, 2, 1, 0], [0, 1, 2, 3, 1, 3, 3, 3, 2, 1, 0], [0, 2, 2, 3, 1, 3, 3, 3, 2, 1, 0], [0, 1, 3, 3, 1, 3, 3, 3, 2, 1, 0], [0, 1, 2, 0, 1, 3, 3, 3, 2, 1, 0]]
K_i: [0, 1, 3, 3, 1, 3, 3, 3, 2, 1, 0]
K_path: [[1, 1, 1, 3, 1, 3, 3, 3, 2, 1, 0], [0, 1, 1, 3, 1, 3, 3, 3, 2, 1, 0], [0, 2, 1, 3, 1, 3, 3, 3, 2, 1, 0], [0, 1, 2, 3, 1, 3, 3, 3, 2, 1, 0], [0, 2, 2, 3, 1, 3, 3, 3, 2, 1, 0], [0, 1, 3, 3, 1, 3, 3, 3, 2, 1, 0], [0, 1, 2, 0, 1, 3, 3, 3, 2, 1, 0]]
K_i: [0, 1, 2, 4, 1, 3, 3, 3, 2, 1, 0]
K_path: [[1, 1, 1, 3, 1, 3, 3, 3, 2, 1, 0], [0, 1, 1, 3, 1, 3, 3, 3, 2, 1, 0], [0, 2, 1, 3, 1, 3, 3, 3, 2, 1, 0], [0, 1, 2, 3, 1, 3, 3, 3, 2, 1, 0], [0, 2, 2, 3, 1, 3, 3, 3, 2, 1, 0], [0, 1, 3, 3, 1, 3, 3, 3, 2, 1, 0], [0, 1, 2, 0, 1, 3, 3, 3, 2, 1, 0]]
K_i: [0, 1, 2, 3, 2, 3, 3, 3, 2, 1, 0]
K_path: [[1, 1, 1, 3, 1, 3, 3, 3, 2, 1, 0], [0, 1, 1, 3, 1, 3, 3, 3, 2, 1, 0], [0, 2, 1, 3, 1, 3, 3, 3, 2, 1, 0], [0, 1, 2, 3, 1, 3, 3, 3, 2, 1, 0], [0, 2, 2, 3, 1, 3, 3, 3, 2, 1, 0], [0, 1, 3, 3, 1, 3, 3, 3, 2, 1, 0], [0, 1, 2, 0, 1, 3, 3, 3, 2, 1, 0]]
func:'s_dict'  took: 0.0141 sec
[0, 1, 2, 3, 2, 3, 3, 3, 2, 1, 0]
K_i: [0, 2, 2, 3, 1, 3, 3, 3, 2, 1, 0]
K_path: [[1, 1, 1, 3, 1, 3, 3, 3, 2, 1, 0], [0, 1, 1, 3, 1, 3, 3, 3, 2, 1, 0], [0, 2, 1, 3, 1, 3, 3, 3, 2, 1, 0], [0, 1, 2, 3, 1, 3, 3, 3, 2, 1, 0], [0, 2, 2, 3, 1, 3, 3, 3, 2, 1, 0], [0, 1, 3, 3, 1, 3, 3, 3, 2, 1, 0], [0, 1, 2, 0, 1, 3, 3, 3, 2, 1, 0], [0, 1, 2, 3, 2, 3, 3, 3, 2, 1, 0]]
K_i: [0, 1, 3, 3, 1, 3, 3, 3, 2, 1, 0]
K_path: [[1, 1, 1, 3, 1, 3, 3, 3, 2, 1, 0], [0, 1, 1, 3, 1, 3, 3, 3, 2, 1, 0], [0, 2, 1, 3, 1, 3, 3, 3, 2, 1, 0], [0, 1, 2, 3, 1, 3, 3, 3, 2, 1, 0], [0, 2, 2, 3, 1, 3, 3, 3, 2, 1, 0], [0, 1, 3, 3, 1, 3, 3, 3, 2, 1, 0], [0, 1, 2, 0, 1, 3, 3, 3, 2, 1, 0], [0, 1, 2, 3, 2, 3, 3, 3, 2, 1, 0]]
K_i: [0, 1, 2, 4, 1, 3, 3, 3, 2, 1, 0]
K_path: [[1, 1, 1, 3, 1, 3, 3, 3, 2, 1, 0], [0, 1, 1, 3, 1, 3, 3, 3, 2, 1, 0], [0, 2, 1, 3, 1, 3, 3, 3, 2, 1, 0], [0, 1, 2, 3, 1, 3, 3, 3, 2, 1, 0], [0, 2, 2, 3, 1, 3, 3, 3, 2, 1, 0], [0, 1, 3, 3, 1, 3, 3, 3, 2, 1, 0], [0, 1, 2, 0, 1, 3, 3, 3, 2, 1, 0], [0, 1, 2, 3, 2, 3, 3, 3, 2, 1, 0]]
K_i: [0, 1, 2, 3, 2, 3, 3, 3, 2, 1, 0]
K_path: [[1, 1, 1, 3, 1, 3, 3, 3, 2, 1, 0], [0, 1, 1, 3, 1, 3, 3, 3, 2, 1, 0], [0, 2, 1, 3, 1, 3, 3, 3, 2, 1, 0], [0, 1, 2, 3, 1, 3, 3, 3, 2, 1, 0], [0, 2, 2, 3, 1, 3, 3, 3, 2, 1, 0], [0, 1, 3, 3, 1, 3, 3, 3, 2, 1, 0], [0, 1, 2, 0, 1, 3, 3, 3, 2, 1, 0], [0, 1, 2, 3, 2, 3, 3, 3, 2, 1, 0]]
K_i: [0, 1, 2, 3, 1, 4, 3, 3, 2, 1, 0]
K_path: [[1, 1, 1, 3, 1, 3, 3, 3, 2, 1, 0], [0, 1, 1, 3, 1, 3, 3, 3, 2, 1, 0], [0, 2, 1, 3, 1, 3, 3, 3, 2, 1, 0], [0, 1, 2, 3, 1, 3, 3, 3, 2, 1, 0], [0, 2, 2, 3, 1, 3, 3, 3, 2, 1, 0], [0, 1, 3, 3, 1, 3, 3, 3, 2, 1, 0], [0, 1, 2, 0, 1, 3, 3, 3, 2, 1, 0], [0, 1, 2, 3, 2, 3, 3, 3, 2, 1, 0]]
func:'s_dict'  took: 0.0145 sec
[0, 1, 2, 3, 1, 4, 3, 3, 2, 1, 0]
K_i: [0, 2, 2, 3, 1, 3, 3, 3, 2, 1, 0]
K_path: [[1, 1, 1, 3, 1, 3, 3, 3, 2, 1, 0], [0, 1, 1, 3, 1, 3, 3, 3, 2, 1, 0], [0, 2, 1, 3, 1, 3, 3, 3, 2, 1, 0], [0, 1, 2, 3, 1, 3, 3, 3, 2, 1, 0], [0, 2, 2, 3, 1, 3, 3, 3, 2, 1, 0], [0, 1, 3, 3, 1, 3, 3, 3, 2, 1, 0], [0, 1, 2, 0, 1, 3, 3, 3, 2, 1, 0], [0, 1, 2, 3, 2, 3, 3, 3, 2, 1, 0], [0, 1, 2, 3, 1, 0, 3, 3, 2, 1, 0]]
K_i: [0, 1, 3, 3, 1, 3, 3, 3, 2, 1, 0]
K_path: [[1, 1, 1, 3, 1, 3, 3, 3, 2, 1, 0], [0, 1, 1, 3, 1, 3, 3, 3, 2, 1, 0], [0, 2, 1, 3, 1, 3, 3, 3, 2, 1, 0], [0, 1, 2, 3, 1, 3, 3, 3, 2, 1, 0], [0, 2, 2, 3, 1, 3, 3, 3, 2, 1, 0], [0, 1, 3, 3, 1, 3, 3, 3, 2, 1, 0], [0, 1, 2, 0, 1, 3, 3, 3, 2, 1, 0], [0, 1, 2, 3, 2, 3, 3, 3, 2, 1, 0], [0, 1, 2, 3, 1, 0, 3, 3, 2, 1, 0]]
K_i: [0, 1, 2, 4, 1, 3, 3, 3, 2, 1, 0]
K_path: [[1, 1, 1, 3, 1, 3, 3, 3, 2, 1, 0], [0, 1, 1, 3, 1, 3, 3, 3, 2, 1, 0], [0, 2, 1, 3, 1, 3, 3, 3, 2, 1, 0], [0, 1, 2, 3, 1, 3, 3, 3, 2, 1, 0], [0, 2, 2, 3, 1, 3, 3, 3, 2, 1, 0], [0, 1, 3, 3, 1, 3, 3, 3, 2, 1, 0], [0, 1, 2, 0, 1, 3, 3, 3, 2, 1, 0], [0, 1, 2, 3, 2, 3, 3, 3, 2, 1, 0], [0, 1, 2, 3, 1, 0, 3, 3, 2, 1, 0]]
K_i: [0, 1, 2, 3, 2, 3, 3, 3, 2, 1, 0]
K_path: [[1, 1, 1, 3, 1, 3, 3, 3, 2, 1, 0], [0, 1, 1, 3, 1, 3, 3, 3, 2, 1, 0], [0, 2, 1, 3, 1, 3, 3, 3, 2, 1, 0], [0, 1, 2, 3, 1, 3, 3, 3, 2, 1, 0], [0, 2, 2, 3, 1, 3, 3, 3, 2, 1, 0], [0, 1, 3, 3, 1, 3, 3, 3, 2, 1, 0], [0, 1, 2, 0, 1, 3, 3, 3, 2, 1, 0], [0, 1, 2, 3, 2, 3, 3, 3, 2, 1, 0], [0, 1, 2, 3, 1, 0, 3, 3, 2, 1, 0]]
K_i: [0, 1, 2, 3, 1, 4, 3, 3, 2, 1, 0]
K_path: [[1, 1, 1, 3, 1, 3, 3, 3, 2, 1, 0], [0, 1, 1, 3, 1, 3, 3, 3, 2, 1, 0], [0, 2, 1, 3, 1, 3, 3, 3, 2, 1, 0], [0, 1, 2, 3, 1, 3, 3, 3, 2, 1, 0], [0, 2, 2, 3, 1, 3, 3, 3, 2, 1, 0], [0, 1, 3, 3, 1, 3, 3, 3, 2, 1, 0], [0, 1, 2, 0, 1, 3, 3, 3, 2, 1, 0], [0, 1, 2, 3, 2, 3, 3, 3, 2, 1, 0], [0, 1, 2, 3, 1, 0, 3, 3, 2, 1, 0]]
K_i: [0, 1, 2, 3, 1, 3, 4, 3, 2, 1, 0]
K_path: [[1, 1, 1, 3, 1, 3, 3, 3, 2, 1, 0], [0, 1, 1, 3, 1, 3, 3, 3, 2, 1, 0], [0, 2, 1, 3, 1, 3, 3, 3, 2, 1, 0], [0, 1, 2, 3, 1, 3, 3, 3, 2, 1, 0], [0, 2, 2, 3, 1, 3, 3, 3, 2, 1, 0], [0, 1, 3, 3, 1, 3, 3, 3, 2, 1, 0], [0, 1, 2, 0, 1, 3, 3, 3, 2, 1, 0], [0, 1, 2, 3, 2, 3, 3, 3, 2, 1, 0], [0, 1, 2, 3, 1, 0, 3, 3, 2, 1, 0]]
func:'s_dict'  took: 0.0147 sec
[0, 1, 2, 3, 1, 3, 4, 3, 2, 1, 0]
K_i: [0, 2, 2, 3, 1, 3, 3, 3, 2, 1, 0]
K_path: [[1, 1, 1, 3, 1, 3, 3, 3, 2, 1, 0], [0, 1, 1, 3, 1, 3, 3, 3, 2, 1, 0], [0, 2, 1, 3, 1, 3, 3, 3, 2, 1, 0], [0, 1, 2, 3, 1, 3, 3, 3, 2, 1, 0], [0, 2, 2, 3, 1, 3, 3, 3, 2, 1, 0], [0, 1, 3, 3, 1, 3, 3, 3, 2, 1, 0], [0, 1, 2, 0, 1, 3, 3, 3, 2, 1, 0], [0, 1, 2, 3, 2, 3, 3, 3, 2, 1, 0], [0, 1, 2, 3, 1, 0, 3, 3, 2, 1, 0], [0, 1, 2, 3, 1, 3, 0, 3, 2, 1, 0]]
K_i: [0, 1, 3, 3, 1, 3, 3, 3, 2, 1, 0]
K_path: [[1, 1, 1, 3, 1, 3, 3, 3, 2, 1, 0], [0, 1, 1, 3, 1, 3, 3, 3, 2, 1, 0], [0, 2, 1, 3, 1, 3, 3, 3, 2, 1, 0], [0, 1, 2, 3, 1, 3, 3, 3, 2, 1, 0], [0, 2, 2, 3, 1, 3, 3, 3, 2, 1, 0], [0, 1, 3, 3, 1, 3, 3, 3, 2, 1, 0], [0, 1, 2, 0, 1, 3, 3, 3, 2, 1, 0], [0, 1, 2, 3, 2, 3, 3, 3, 2, 1, 0], [0, 1, 2, 3, 1, 0, 3, 3, 2, 1, 0], [0, 1, 2, 3, 1, 3, 0, 3, 2, 1, 0]]
K_i: [0, 1, 2, 4, 1, 3, 3, 3, 2, 1, 0]
K_path: [[1, 1, 1, 3, 1, 3, 3, 3, 2, 1, 0], [0, 1, 1, 3, 1, 3, 3, 3, 2, 1, 0], [0, 2, 1, 3, 1, 3, 3, 3, 2, 1, 0], [0, 1, 2, 3, 1, 3, 3, 3, 2, 1, 0], [0, 2, 2, 3, 1, 3, 3, 3, 2, 1, 0], [0, 1, 3, 3, 1, 3, 3, 3, 2, 1, 0], [0, 1, 2, 0, 1, 3, 3, 3, 2, 1, 0], [0, 1, 2, 3, 2, 3, 3, 3, 2, 1, 0], [0, 1, 2, 3, 1, 0, 3, 3, 2, 1, 0], [0, 1, 2, 3, 1, 3, 0, 3, 2, 1, 0]]
K_i: [0, 1, 2, 3, 2, 3, 3, 3, 2, 1, 0]
K_path: [[1, 1, 1, 3, 1, 3, 3, 3, 2, 1, 0], [0, 1, 1, 3, 1, 3, 3, 3, 2, 1, 0], [0, 2, 1, 3, 1, 3, 3, 3, 2, 1, 0], [0, 1, 2, 3, 1, 3, 3, 3, 2, 1, 0], [0, 2, 2, 3, 1, 3, 3, 3, 2, 1, 0], [0, 1, 3, 3, 1, 3, 3, 3, 2, 1, 0], [0, 1, 2, 0, 1, 3, 3, 3, 2, 1, 0], [0, 1, 2, 3, 2, 3, 3, 3, 2, 1, 0], [0, 1, 2, 3, 1, 0, 3, 3, 2, 1, 0], [0, 1, 2, 3, 1, 3, 0, 3, 2, 1, 0]]
K_i: [0, 1, 2, 3, 1, 4, 3, 3, 2, 1, 0]
K_path: [[1, 1, 1, 3, 1, 3, 3, 3, 2, 1, 0], [0, 1, 1, 3, 1, 3, 3, 3, 2, 1, 0], [0, 2, 1, 3, 1, 3, 3, 3, 2, 1, 0], [0, 1, 2, 3, 1, 3, 3, 3, 2, 1, 0], [0, 2, 2, 3, 1, 3, 3, 3, 2, 1, 0], [0, 1, 3, 3, 1, 3, 3, 3, 2, 1, 0], [0, 1, 2, 0, 1, 3, 3, 3, 2, 1, 0], [0, 1, 2, 3, 2, 3, 3, 3, 2, 1, 0], [0, 1, 2, 3, 1, 0, 3, 3, 2, 1, 0], [0, 1, 2, 3, 1, 3, 0, 3, 2, 1, 0]]
K_i: [0, 1, 2, 3, 1, 3, 4, 3, 2, 1, 0]
K_path: [[1, 1, 1, 3, 1, 3, 3, 3, 2, 1, 0], [0, 1, 1, 3, 1, 3, 3, 3, 2, 1, 0], [0, 2, 1, 3, 1, 3, 3, 3, 2, 1, 0], [0, 1, 2, 3, 1, 3, 3, 3, 2, 1, 0], [0, 2, 2, 3, 1, 3, 3, 3, 2, 1, 0], [0, 1, 3, 3, 1, 3, 3, 3, 2, 1, 0], [0, 1, 2, 0, 1, 3, 3, 3, 2, 1, 0], [0, 1, 2, 3, 2, 3, 3, 3, 2, 1, 0], [0, 1, 2, 3, 1, 0, 3, 3, 2, 1, 0], [0, 1, 2, 3, 1, 3, 0, 3, 2, 1, 0]]
K_i: [0, 1, 2, 3, 1, 3, 3, 4, 2, 1, 0]
K_path: [[1, 1, 1, 3, 1, 3, 3, 3, 2, 1, 0], [0, 1, 1, 3, 1, 3, 3, 3, 2, 1, 0], [0, 2, 1, 3, 1, 3, 3, 3, 2, 1, 0], [0, 1, 2, 3, 1, 3, 3, 3, 2, 1, 0], [0, 2, 2, 3, 1, 3, 3, 3, 2, 1, 0], [0, 1, 3, 3, 1, 3, 3, 3, 2, 1, 0], [0, 1, 2, 0, 1, 3, 3, 3, 2, 1, 0], [0, 1, 2, 3, 2, 3, 3, 3, 2, 1, 0], [0, 1, 2, 3, 1, 0, 3, 3, 2, 1, 0], [0, 1, 2, 3, 1, 3, 0, 3, 2, 1, 0]]
nfev_t/nfev_a: 408/476 = 0.8571428571428571
func:'find_K'  took: 47.4299 sec
[6, 'QAOA', 'TFIM', -1, 2, 4, 'hypersphere', 10, 0.8571428571428571, 0.34738916281103027, -7.0229409128496965, -2.080651979893446, -7.043544679880142]
[6, 'QAOA', 'TFIM', -1, 2, 4, 'hypersphere', 10]
Time to find local minimum: 19.81963038444519

func:'s_dict'  took: 0.0126 sec
[3, 0, 3, 0, 2, 1, 2, 0, 2, 0, 3]
K_i: [4, 0, 3, 0, 2, 1, 2, 0, 2, 0, 3]
K_path: [[3, 0, 3, 0, 2, 1, 2, 0, 2, 0, 3]]
func:'s_dict'  took: 0.0129 sec
[4, 0, 3, 0, 2, 1, 2, 0, 2, 0, 3]
K_i: [4, 0, 3, 0, 2, 1, 2, 0, 2, 0, 3]
K_path: [[3, 0, 3, 0, 2, 1, 2, 0, 2, 0, 3], [0, 0, 3, 0, 2, 1, 2, 0, 2, 0, 3]]
K_i: [3, 0, 4, 0, 2, 1, 2, 0, 2, 0, 3]
K_path: [[3, 0, 3, 0, 2, 1, 2, 0, 2, 0, 3], [0, 0, 3, 0, 2, 1, 2, 0, 2, 0, 3]]
func:'s_dict'  took: 0.0125 sec
[3, 0, 4, 0, 2, 1, 2, 0, 2, 0, 3]
K_i: [4, 0, 4, 0, 2, 1, 2, 0, 2, 0, 3]
K_path: [[3, 0, 3, 0, 2, 1, 2, 0, 2, 0, 3], [0, 0, 3, 0, 2, 1, 2, 0, 2, 0, 3], [3, 0, 0, 0, 2, 1, 2, 0, 2, 0, 3]]
func:'s_dict'  took: 0.0132 sec
[4, 0, 4, 0, 2, 1, 2, 0, 2, 0, 3]
K_i: [4, 0, 4, 0, 2, 1, 2, 0, 2, 0, 3]
K_path: [[3, 0, 3, 0, 2, 1, 2, 0, 2, 0, 3], [0, 0, 3, 0, 2, 1, 2, 0, 2, 0, 3], [3, 0, 0, 0, 2, 1, 2, 0, 2, 0, 3], [0, 0, 0, 0, 2, 1, 2, 0, 2, 0, 3]]
K_i: [3, 1, 4, 0, 2, 1, 2, 0, 2, 0, 3]
K_path: [[3, 0, 3, 0, 2, 1, 2, 0, 2, 0, 3], [0, 0, 3, 0, 2, 1, 2, 0, 2, 0, 3], [3, 0, 0, 0, 2, 1, 2, 0, 2, 0, 3], [0, 0, 0, 0, 2, 1, 2, 0, 2, 0, 3]]
func:'s_dict'  took: 0.0136 sec
[3, 1, 4, 0, 2, 1, 2, 0, 2, 0, 3]
K_i: [4, 1, 4, 0, 2, 1, 2, 0, 2, 0, 3]
K_path: [[3, 0, 3, 0, 2, 1, 2, 0, 2, 0, 3], [0, 0, 3, 0, 2, 1, 2, 0, 2, 0, 3], [3, 0, 0, 0, 2, 1, 2, 0, 2, 0, 3], [0, 0, 0, 0, 2, 1, 2, 0, 2, 0, 3], [3, 1, 0, 0, 2, 1, 2, 0, 2, 0, 3]]
func:'s_dict'  took: 0.0140 sec
[4, 1, 4, 0, 2, 1, 2, 0, 2, 0, 3]
K_i: [4, 1, 4, 0, 2, 1, 2, 0, 2, 0, 3]
K_path: [[3, 0, 3, 0, 2, 1, 2, 0, 2, 0, 3], [0, 0, 3, 0, 2, 1, 2, 0, 2, 0, 3], [3, 0, 0, 0, 2, 1, 2, 0, 2, 0, 3], [0, 0, 0, 0, 2, 1, 2, 0, 2, 0, 3], [3, 1, 0, 0, 2, 1, 2, 0, 2, 0, 3], [0, 1, 0, 0, 2, 1, 2, 0, 2, 0, 3]]
K_i: [3, 2, 4, 0, 2, 1, 2, 0, 2, 0, 3]
K_path: [[3, 0, 3, 0, 2, 1, 2, 0, 2, 0, 3], [0, 0, 3, 0, 2, 1, 2, 0, 2, 0, 3], [3, 0, 0, 0, 2, 1, 2, 0, 2, 0, 3], [0, 0, 0, 0, 2, 1, 2, 0, 2, 0, 3], [3, 1, 0, 0, 2, 1, 2, 0, 2, 0, 3], [0, 1, 0, 0, 2, 1, 2, 0, 2, 0, 3]]
func:'s_dict'  took: 0.0140 sec
[3, 2, 4, 0, 2, 1, 2, 0, 2, 0, 3]
K_i: [4, 1, 4, 0, 2, 1, 2, 0, 2, 0, 3]
K_path: [[3, 0, 3, 0, 2, 1, 2, 0, 2, 0, 3], [0, 0, 3, 0, 2, 1, 2, 0, 2, 0, 3], [3, 0, 0, 0, 2, 1, 2, 0, 2, 0, 3], [0, 0, 0, 0, 2, 1, 2, 0, 2, 0, 3], [3, 1, 0, 0, 2, 1, 2, 0, 2, 0, 3], [0, 1, 0, 0, 2, 1, 2, 0, 2, 0, 3], [3, 2, 0, 0, 2, 1, 2, 0, 2, 0, 3]]
K_i: [3, 2, 4, 0, 2, 1, 2, 0, 2, 0, 3]
K_path: [[3, 0, 3, 0, 2, 1, 2, 0, 2, 0, 3], [0, 0, 3, 0, 2, 1, 2, 0, 2, 0, 3], [3, 0, 0, 0, 2, 1, 2, 0, 2, 0, 3], [0, 0, 0, 0, 2, 1, 2, 0, 2, 0, 3], [3, 1, 0, 0, 2, 1, 2, 0, 2, 0, 3], [0, 1, 0, 0, 2, 1, 2, 0, 2, 0, 3], [3, 2, 0, 0, 2, 1, 2, 0, 2, 0, 3]]
K_i: [3, 1, 5, 0, 2, 1, 2, 0, 2, 0, 3]
K_path: [[3, 0, 3, 0, 2, 1, 2, 0, 2, 0, 3], [0, 0, 3, 0, 2, 1, 2, 0, 2, 0, 3], [3, 0, 0, 0, 2, 1, 2, 0, 2, 0, 3], [0, 0, 0, 0, 2, 1, 2, 0, 2, 0, 3], [3, 1, 0, 0, 2, 1, 2, 0, 2, 0, 3], [0, 1, 0, 0, 2, 1, 2, 0, 2, 0, 3], [3, 2, 0, 0, 2, 1, 2, 0, 2, 0, 3]]
func:'s_dict'  took: 0.0146 sec
[3, 1, 5, 0, 2, 1, 2, 0, 2, 0, 3]
K_i: [4, 1, 4, 0, 2, 1, 2, 0, 2, 0, 3]
K_path: [[3, 0, 3, 0, 2, 1, 2, 0, 2, 0, 3], [0, 0, 3, 0, 2, 1, 2, 0, 2, 0, 3], [3, 0, 0, 0, 2, 1, 2, 0, 2, 0, 3], [0, 0, 0, 0, 2, 1, 2, 0, 2, 0, 3], [3, 1, 0, 0, 2, 1, 2, 0, 2, 0, 3], [0, 1, 0, 0, 2, 1, 2, 0, 2, 0, 3], [3, 2, 0, 0, 2, 1, 2, 0, 2, 0, 3], [3, 1, 1, 0, 2, 1, 2, 0, 2, 0, 3]]
K_i: [3, 2, 4, 0, 2, 1, 2, 0, 2, 0, 3]
K_path: [[3, 0, 3, 0, 2, 1, 2, 0, 2, 0, 3], [0, 0, 3, 0, 2, 1, 2, 0, 2, 0, 3], [3, 0, 0, 0, 2, 1, 2, 0, 2, 0, 3], [0, 0, 0, 0, 2, 1, 2, 0, 2, 0, 3], [3, 1, 0, 0, 2, 1, 2, 0, 2, 0, 3], [0, 1, 0, 0, 2, 1, 2, 0, 2, 0, 3], [3, 2, 0, 0, 2, 1, 2, 0, 2, 0, 3], [3, 1, 1, 0, 2, 1, 2, 0, 2, 0, 3]]
K_i: [3, 1, 5, 0, 2, 1, 2, 0, 2, 0, 3]
K_path: [[3, 0, 3, 0, 2, 1, 2, 0, 2, 0, 3], [0, 0, 3, 0, 2, 1, 2, 0, 2, 0, 3], [3, 0, 0, 0, 2, 1, 2, 0, 2, 0, 3], [0, 0, 0, 0, 2, 1, 2, 0, 2, 0, 3], [3, 1, 0, 0, 2, 1, 2, 0, 2, 0, 3], [0, 1, 0, 0, 2, 1, 2, 0, 2, 0, 3], [3, 2, 0, 0, 2, 1, 2, 0, 2, 0, 3], [3, 1, 1, 0, 2, 1, 2, 0, 2, 0, 3]]
K_i: [3, 1, 4, 1, 2, 1, 2, 0, 2, 0, 3]
K_path: [[3, 0, 3, 0, 2, 1, 2, 0, 2, 0, 3], [0, 0, 3, 0, 2, 1, 2, 0, 2, 0, 3], [3, 0, 0, 0, 2, 1, 2, 0, 2, 0, 3], [0, 0, 0, 0, 2, 1, 2, 0, 2, 0, 3], [3, 1, 0, 0, 2, 1, 2, 0, 2, 0, 3], [0, 1, 0, 0, 2, 1, 2, 0, 2, 0, 3], [3, 2, 0, 0, 2, 1, 2, 0, 2, 0, 3], [3, 1, 1, 0, 2, 1, 2, 0, 2, 0, 3]]
func:'s_dict'  took: 0.0147 sec
[3, 1, 4, 1, 2, 1, 2, 0, 2, 0, 3]
K_i: [4, 1, 4, 0, 2, 1, 2, 0, 2, 0, 3]
K_path: [[3, 0, 3, 0, 2, 1, 2, 0, 2, 0, 3], [0, 0, 3, 0, 2, 1, 2, 0, 2, 0, 3], [3, 0, 0, 0, 2, 1, 2, 0, 2, 0, 3], [0, 0, 0, 0, 2, 1, 2, 0, 2, 0, 3], [3, 1, 0, 0, 2, 1, 2, 0, 2, 0, 3], [0, 1, 0, 0, 2, 1, 2, 0, 2, 0, 3], [3, 2, 0, 0, 2, 1, 2, 0, 2, 0, 3], [3, 1, 1, 0, 2, 1, 2, 0, 2, 0, 3], [3, 1, 0, 1, 2, 1, 2, 0, 2, 0, 3]]
K_i: [3, 2, 4, 0, 2, 1, 2, 0, 2, 0, 3]
K_path: [[3, 0, 3, 0, 2, 1, 2, 0, 2, 0, 3], [0, 0, 3, 0, 2, 1, 2, 0, 2, 0, 3], [3, 0, 0, 0, 2, 1, 2, 0, 2, 0, 3], [0, 0, 0, 0, 2, 1, 2, 0, 2, 0, 3], [3, 1, 0, 0, 2, 1, 2, 0, 2, 0, 3], [0, 1, 0, 0, 2, 1, 2, 0, 2, 0, 3], [3, 2, 0, 0, 2, 1, 2, 0, 2, 0, 3], [3, 1, 1, 0, 2, 1, 2, 0, 2, 0, 3], [3, 1, 0, 1, 2, 1, 2, 0, 2, 0, 3]]
K_i: [3, 1, 5, 0, 2, 1, 2, 0, 2, 0, 3]
K_path: [[3, 0, 3, 0, 2, 1, 2, 0, 2, 0, 3], [0, 0, 3, 0, 2, 1, 2, 0, 2, 0, 3], [3, 0, 0, 0, 2, 1, 2, 0, 2, 0, 3], [0, 0, 0, 0, 2, 1, 2, 0, 2, 0, 3], [3, 1, 0, 0, 2, 1, 2, 0, 2, 0, 3], [0, 1, 0, 0, 2, 1, 2, 0, 2, 0, 3], [3, 2, 0, 0, 2, 1, 2, 0, 2, 0, 3], [3, 1, 1, 0, 2, 1, 2, 0, 2, 0, 3], [3, 1, 0, 1, 2, 1, 2, 0, 2, 0, 3]]
K_i: [3, 1, 4, 1, 2, 1, 2, 0, 2, 0, 3]
K_path: [[3, 0, 3, 0, 2, 1, 2, 0, 2, 0, 3], [0, 0, 3, 0, 2, 1, 2, 0, 2, 0, 3], [3, 0, 0, 0, 2, 1, 2, 0, 2, 0, 3], [0, 0, 0, 0, 2, 1, 2, 0, 2, 0, 3], [3, 1, 0, 0, 2, 1, 2, 0, 2, 0, 3], [0, 1, 0, 0, 2, 1, 2, 0, 2, 0, 3], [3, 2, 0, 0, 2, 1, 2, 0, 2, 0, 3], [3, 1, 1, 0, 2, 1, 2, 0, 2, 0, 3], [3, 1, 0, 1, 2, 1, 2, 0, 2, 0, 3]]
K_i: [3, 1, 4, 0, 3, 1, 2, 0, 2, 0, 3]
K_path: [[3, 0, 3, 0, 2, 1, 2, 0, 2, 0, 3], [0, 0, 3, 0, 2, 1, 2, 0, 2, 0, 3], [3, 0, 0, 0, 2, 1, 2, 0, 2, 0, 3], [0, 0, 0, 0, 2, 1, 2, 0, 2, 0, 3], [3, 1, 0, 0, 2, 1, 2, 0, 2, 0, 3], [0, 1, 0, 0, 2, 1, 2, 0, 2, 0, 3], [3, 2, 0, 0, 2, 1, 2, 0, 2, 0, 3], [3, 1, 1, 0, 2, 1, 2, 0, 2, 0, 3], [3, 1, 0, 1, 2, 1, 2, 0, 2, 0, 3]]
func:'s_dict'  took: 0.0147 sec
[3, 1, 4, 0, 3, 1, 2, 0, 2, 0, 3]
K_i: [4, 1, 4, 0, 3, 1, 2, 0, 2, 0, 3]
K_path: [[3, 0, 3, 0, 2, 1, 2, 0, 2, 0, 3], [0, 0, 3, 0, 2, 1, 2, 0, 2, 0, 3], [3, 0, 0, 0, 2, 1, 2, 0, 2, 0, 3], [0, 0, 0, 0, 2, 1, 2, 0, 2, 0, 3], [3, 1, 0, 0, 2, 1, 2, 0, 2, 0, 3], [0, 1, 0, 0, 2, 1, 2, 0, 2, 0, 3], [3, 2, 0, 0, 2, 1, 2, 0, 2, 0, 3], [3, 1, 1, 0, 2, 1, 2, 0, 2, 0, 3], [3, 1, 0, 1, 2, 1, 2, 0, 2, 0, 3], [3, 1, 0, 0, 3, 1, 2, 0, 2, 0, 3]]
nfev_t/nfev_a: 768/420 = 1.8285714285714285
func:'find_K'  took: 75.2292 sec
[6, 'QAOA', 'TFIM', -1, 2, 4, 'hypersphere', 10, 1.8285714285714285, 0.03233961243248363, -7.045321827385539, 0.028560832608491182, -7.046122491359711]
[6, 'QAOA', 'TFIM', -1, 2, 4, 'hypersphere', 10]
Time to find local minimum: 17.39985752105713

func:'s_dict'  took: 0.0128 sec
[0, 1, 2, 3, 1, 2, 1, 0, 3, 3, 0]
K_i: [0, 1, 2, 2, 1, 2, 1, 0, 3, 3, 0]
K_path: [[0, 1, 2, 3, 1, 2, 1, 0, 3, 3, 0]]
func:'s_dict'  took: 0.0115 sec
[0, 1, 2, 2, 1, 2, 1, 0, 3, 3, 0]
K_i: [0, 1, 2, 2, 1, 2, 1, 0, 3, 3, 0]
K_path: [[0, 1, 2, 3, 1, 2, 1, 0, 3, 3, 0], [0, 1, 2, 2, 1, 2, 1, 0, 3, 3, 0]]
K_i: [0, 1, 2, 3, 1, 2, 1, 0, 3, 2, 0]
K_path: [[0, 1, 2, 3, 1, 2, 1, 0, 3, 3, 0], [0, 1, 2, 2, 1, 2, 1, 0, 3, 3, 0]]
func:'s_dict'  took: 0.0125 sec
[0, 1, 2, 3, 1, 2, 1, 0, 3, 2, 0]
K_i: [1, 1, 2, 3, 1, 2, 1, 0, 3, 2, 0]
K_path: [[0, 1, 2, 3, 1, 2, 1, 0, 3, 3, 0], [0, 1, 2, 2, 1, 2, 1, 0, 3, 3, 0], [0, 1, 2, 3, 1, 2, 1, 0, 3, 2, 0]]
func:'s_dict'  took: 0.0135 sec
[1, 1, 2, 3, 1, 2, 1, 0, 3, 2, 0]
K_i: [1, 1, 2, 3, 1, 2, 1, 0, 3, 2, 0]
K_path: [[0, 1, 2, 3, 1, 2, 1, 0, 3, 3, 0], [0, 1, 2, 2, 1, 2, 1, 0, 3, 3, 0], [0, 1, 2, 3, 1, 2, 1, 0, 3, 2, 0], [1, 1, 2, 3, 1, 2, 1, 0, 3, 2, 0]]
K_i: [0, 2, 2, 3, 1, 2, 1, 0, 3, 2, 0]
K_path: [[0, 1, 2, 3, 1, 2, 1, 0, 3, 3, 0], [0, 1, 2, 2, 1, 2, 1, 0, 3, 3, 0], [0, 1, 2, 3, 1, 2, 1, 0, 3, 2, 0], [1, 1, 2, 3, 1, 2, 1, 0, 3, 2, 0]]
func:'s_dict'  took: 0.0131 sec
[0, 2, 2, 3, 1, 2, 1, 0, 3, 2, 0]
K_i: [1, 2, 2, 3, 1, 2, 1, 0, 3, 2, 0]
K_path: [[0, 1, 2, 3, 1, 2, 1, 0, 3, 3, 0], [0, 1, 2, 2, 1, 2, 1, 0, 3, 3, 0], [0, 1, 2, 3, 1, 2, 1, 0, 3, 2, 0], [1, 1, 2, 3, 1, 2, 1, 0, 3, 2, 0], [0, 2, 2, 3, 1, 2, 1, 0, 3, 2, 0]]
func:'s_dict'  took: 0.0138 sec
[1, 2, 2, 3, 1, 2, 1, 0, 3, 2, 0]
K_i: [2, 2, 2, 3, 1, 2, 1, 0, 3, 2, 0]
K_path: [[0, 1, 2, 3, 1, 2, 1, 0, 3, 3, 0], [0, 1, 2, 2, 1, 2, 1, 0, 3, 3, 0], [0, 1, 2, 3, 1, 2, 1, 0, 3, 2, 0], [1, 1, 2, 3, 1, 2, 1, 0, 3, 2, 0], [0, 2, 2, 3, 1, 2, 1, 0, 3, 2, 0], [1, 2, 2, 3, 1, 2, 1, 0, 3, 2, 0]]
func:'s_dict'  took: 0.0145 sec
[2, 2, 2, 3, 1, 2, 1, 0, 3, 2, 0]
K_i: [2, 2, 2, 3, 1, 2, 1, 0, 3, 2, 0]
K_path: [[0, 1, 2, 3, 1, 2, 1, 0, 3, 3, 0], [0, 1, 2, 2, 1, 2, 1, 0, 3, 3, 0], [0, 1, 2, 3, 1, 2, 1, 0, 3, 2, 0], [1, 1, 2, 3, 1, 2, 1, 0, 3, 2, 0], [0, 2, 2, 3, 1, 2, 1, 0, 3, 2, 0], [1, 2, 2, 3, 1, 2, 1, 0, 3, 2, 0], [2, 2, 2, 3, 1, 2, 1, 0, 3, 2, 0]]
K_i: [1, 3, 2, 3, 1, 2, 1, 0, 3, 2, 0]
K_path: [[0, 1, 2, 3, 1, 2, 1, 0, 3, 3, 0], [0, 1, 2, 2, 1, 2, 1, 0, 3, 3, 0], [0, 1, 2, 3, 1, 2, 1, 0, 3, 2, 0], [1, 1, 2, 3, 1, 2, 1, 0, 3, 2, 0], [0, 2, 2, 3, 1, 2, 1, 0, 3, 2, 0], [1, 2, 2, 3, 1, 2, 1, 0, 3, 2, 0], [2, 2, 2, 3, 1, 2, 1, 0, 3, 2, 0]]
func:'s_dict'  took: 0.0149 sec
[1, 3, 2, 3, 1, 2, 1, 0, 3, 2, 0]
K_i: [2, 2, 2, 3, 1, 2, 1, 0, 3, 2, 0]
K_path: [[0, 1, 2, 3, 1, 2, 1, 0, 3, 3, 0], [0, 1, 2, 2, 1, 2, 1, 0, 3, 3, 0], [0, 1, 2, 3, 1, 2, 1, 0, 3, 2, 0], [1, 1, 2, 3, 1, 2, 1, 0, 3, 2, 0], [0, 2, 2, 3, 1, 2, 1, 0, 3, 2, 0], [1, 2, 2, 3, 1, 2, 1, 0, 3, 2, 0], [2, 2, 2, 3, 1, 2, 1, 0, 3, 2, 0], [1, 3, 2, 3, 1, 2, 1, 0, 3, 2, 0]]
K_i: [1, 3, 2, 3, 1, 2, 1, 0, 3, 2, 0]
K_path: [[0, 1, 2, 3, 1, 2, 1, 0, 3, 3, 0], [0, 1, 2, 2, 1, 2, 1, 0, 3, 3, 0], [0, 1, 2, 3, 1, 2, 1, 0, 3, 2, 0], [1, 1, 2, 3, 1, 2, 1, 0, 3, 2, 0], [0, 2, 2, 3, 1, 2, 1, 0, 3, 2, 0], [1, 2, 2, 3, 1, 2, 1, 0, 3, 2, 0], [2, 2, 2, 3, 1, 2, 1, 0, 3, 2, 0], [1, 3, 2, 3, 1, 2, 1, 0, 3, 2, 0]]
K_i: [1, 2, 3, 3, 1, 2, 1, 0, 3, 2, 0]
K_path: [[0, 1, 2, 3, 1, 2, 1, 0, 3, 3, 0], [0, 1, 2, 2, 1, 2, 1, 0, 3, 3, 0], [0, 1, 2, 3, 1, 2, 1, 0, 3, 2, 0], [1, 1, 2, 3, 1, 2, 1, 0, 3, 2, 0], [0, 2, 2, 3, 1, 2, 1, 0, 3, 2, 0], [1, 2, 2, 3, 1, 2, 1, 0, 3, 2, 0], [2, 2, 2, 3, 1, 2, 1, 0, 3, 2, 0], [1, 3, 2, 3, 1, 2, 1, 0, 3, 2, 0]]
func:'s_dict'  took: 0.0149 sec
[1, 2, 3, 3, 1, 2, 1, 0, 3, 2, 0]
K_i: [2, 2, 2, 3, 1, 2, 1, 0, 3, 2, 0]
K_path: [[0, 1, 2, 3, 1, 2, 1, 0, 3, 3, 0], [0, 1, 2, 2, 1, 2, 1, 0, 3, 3, 0], [0, 1, 2, 3, 1, 2, 1, 0, 3, 2, 0], [1, 1, 2, 3, 1, 2, 1, 0, 3, 2, 0], [0, 2, 2, 3, 1, 2, 1, 0, 3, 2, 0], [1, 2, 2, 3, 1, 2, 1, 0, 3, 2, 0], [2, 2, 2, 3, 1, 2, 1, 0, 3, 2, 0], [1, 3, 2, 3, 1, 2, 1, 0, 3, 2, 0], [1, 2, 3, 3, 1, 2, 1, 0, 3, 2, 0]]
K_i: [1, 3, 2, 3, 1, 2, 1, 0, 3, 2, 0]
K_path: [[0, 1, 2, 3, 1, 2, 1, 0, 3, 3, 0], [0, 1, 2, 2, 1, 2, 1, 0, 3, 3, 0], [0, 1, 2, 3, 1, 2, 1, 0, 3, 2, 0], [1, 1, 2, 3, 1, 2, 1, 0, 3, 2, 0], [0, 2, 2, 3, 1, 2, 1, 0, 3, 2, 0], [1, 2, 2, 3, 1, 2, 1, 0, 3, 2, 0], [2, 2, 2, 3, 1, 2, 1, 0, 3, 2, 0], [1, 3, 2, 3, 1, 2, 1, 0, 3, 2, 0], [1, 2, 3, 3, 1, 2, 1, 0, 3, 2, 0]]
K_i: [1, 2, 3, 3, 1, 2, 1, 0, 3, 2, 0]
K_path: [[0, 1, 2, 3, 1, 2, 1, 0, 3, 3, 0], [0, 1, 2, 2, 1, 2, 1, 0, 3, 3, 0], [0, 1, 2, 3, 1, 2, 1, 0, 3, 2, 0], [1, 1, 2, 3, 1, 2, 1, 0, 3, 2, 0], [0, 2, 2, 3, 1, 2, 1, 0, 3, 2, 0], [1, 2, 2, 3, 1, 2, 1, 0, 3, 2, 0], [2, 2, 2, 3, 1, 2, 1, 0, 3, 2, 0], [1, 3, 2, 3, 1, 2, 1, 0, 3, 2, 0], [1, 2, 3, 3, 1, 2, 1, 0, 3, 2, 0]]
K_i: [1, 2, 2, 4, 1, 2, 1, 0, 3, 2, 0]
K_path: [[0, 1, 2, 3, 1, 2, 1, 0, 3, 3, 0], [0, 1, 2, 2, 1, 2, 1, 0, 3, 3, 0], [0, 1, 2, 3, 1, 2, 1, 0, 3, 2, 0], [1, 1, 2, 3, 1, 2, 1, 0, 3, 2, 0], [0, 2, 2, 3, 1, 2, 1, 0, 3, 2, 0], [1, 2, 2, 3, 1, 2, 1, 0, 3, 2, 0], [2, 2, 2, 3, 1, 2, 1, 0, 3, 2, 0], [1, 3, 2, 3, 1, 2, 1, 0, 3, 2, 0], [1, 2, 3, 3, 1, 2, 1, 0, 3, 2, 0]]
func:'s_dict'  took: 0.0143 sec
[1, 2, 2, 4, 1, 2, 1, 0, 3, 2, 0]
K_i: [2, 2, 2, 3, 1, 2, 1, 0, 3, 2, 0]
K_path: [[0, 1, 2, 3, 1, 2, 1, 0, 3, 3, 0], [0, 1, 2, 2, 1, 2, 1, 0, 3, 3, 0], [0, 1, 2, 3, 1, 2, 1, 0, 3, 2, 0], [1, 1, 2, 3, 1, 2, 1, 0, 3, 2, 0], [0, 2, 2, 3, 1, 2, 1, 0, 3, 2, 0], [1, 2, 2, 3, 1, 2, 1, 0, 3, 2, 0], [2, 2, 2, 3, 1, 2, 1, 0, 3, 2, 0], [1, 3, 2, 3, 1, 2, 1, 0, 3, 2, 0], [1, 2, 3, 3, 1, 2, 1, 0, 3, 2, 0], [1, 2, 2, 0, 1, 2, 1, 0, 3, 2, 0]]
K_i: [1, 3, 2, 3, 1, 2, 1, 0, 3, 2, 0]
K_path: [[0, 1, 2, 3, 1, 2, 1, 0, 3, 3, 0], [0, 1, 2, 2, 1, 2, 1, 0, 3, 3, 0], [0, 1, 2, 3, 1, 2, 1, 0, 3, 2, 0], [1, 1, 2, 3, 1, 2, 1, 0, 3, 2, 0], [0, 2, 2, 3, 1, 2, 1, 0, 3, 2, 0], [1, 2, 2, 3, 1, 2, 1, 0, 3, 2, 0], [2, 2, 2, 3, 1, 2, 1, 0, 3, 2, 0], [1, 3, 2, 3, 1, 2, 1, 0, 3, 2, 0], [1, 2, 3, 3, 1, 2, 1, 0, 3, 2, 0], [1, 2, 2, 0, 1, 2, 1, 0, 3, 2, 0]]
K_i: [1, 2, 3, 3, 1, 2, 1, 0, 3, 2, 0]
K_path: [[0, 1, 2, 3, 1, 2, 1, 0, 3, 3, 0], [0, 1, 2, 2, 1, 2, 1, 0, 3, 3, 0], [0, 1, 2, 3, 1, 2, 1, 0, 3, 2, 0], [1, 1, 2, 3, 1, 2, 1, 0, 3, 2, 0], [0, 2, 2, 3, 1, 2, 1, 0, 3, 2, 0], [1, 2, 2, 3, 1, 2, 1, 0, 3, 2, 0], [2, 2, 2, 3, 1, 2, 1, 0, 3, 2, 0], [1, 3, 2, 3, 1, 2, 1, 0, 3, 2, 0], [1, 2, 3, 3, 1, 2, 1, 0, 3, 2, 0], [1, 2, 2, 0, 1, 2, 1, 0, 3, 2, 0]]
K_i: [1, 2, 2, 4, 1, 2, 1, 0, 3, 2, 0]
K_path: [[0, 1, 2, 3, 1, 2, 1, 0, 3, 3, 0], [0, 1, 2, 2, 1, 2, 1, 0, 3, 3, 0], [0, 1, 2, 3, 1, 2, 1, 0, 3, 2, 0], [1, 1, 2, 3, 1, 2, 1, 0, 3, 2, 0], [0, 2, 2, 3, 1, 2, 1, 0, 3, 2, 0], [1, 2, 2, 3, 1, 2, 1, 0, 3, 2, 0], [2, 2, 2, 3, 1, 2, 1, 0, 3, 2, 0], [1, 3, 2, 3, 1, 2, 1, 0, 3, 2, 0], [1, 2, 3, 3, 1, 2, 1, 0, 3, 2, 0], [1, 2, 2, 0, 1, 2, 1, 0, 3, 2, 0]]
K_i: [1, 2, 2, 3, 2, 2, 1, 0, 3, 2, 0]
K_path: [[0, 1, 2, 3, 1, 2, 1, 0, 3, 3, 0], [0, 1, 2, 2, 1, 2, 1, 0, 3, 3, 0], [0, 1, 2, 3, 1, 2, 1, 0, 3, 2, 0], [1, 1, 2, 3, 1, 2, 1, 0, 3, 2, 0], [0, 2, 2, 3, 1, 2, 1, 0, 3, 2, 0], [1, 2, 2, 3, 1, 2, 1, 0, 3, 2, 0], [2, 2, 2, 3, 1, 2, 1, 0, 3, 2, 0], [1, 3, 2, 3, 1, 2, 1, 0, 3, 2, 0], [1, 2, 3, 3, 1, 2, 1, 0, 3, 2, 0], [1, 2, 2, 0, 1, 2, 1, 0, 3, 2, 0]]
nfev_t/nfev_a: 683/432 = 1.5810185185185186
func:'find_K'  took: 59.7778 sec
[6, 'QAOA', 'TFIM', -1, 2, 4, 'hypersphere', 10, 1.5810185185185186, 0.36135828356162514, -4.849989071401617, -2.193904707673937, -4.854045999243681]
[6, 'QAOA', 'TFIM', -1, 2, 4, 'hypersphere', 10]
Time to find local minimum: 23.580214023590088

func:'s_dict'  took: 0.0137 sec
[2, 2, 1, 1, 3, 0, 2, 1, 0, 2, 2]
K_i: [3, 2, 1, 1, 3, 0, 2, 1, 0, 2, 2]
K_path: [[2, 2, 1, 1, 3, 0, 2, 1, 0, 2, 2]]
func:'s_dict'  took: 0.0144 sec
[3, 2, 1, 1, 3, 0, 2, 1, 0, 2, 2]
K_i: [3, 3, 1, 1, 3, 0, 2, 1, 0, 2, 2]
K_path: [[2, 2, 1, 1, 3, 0, 2, 1, 0, 2, 2], [3, 2, 1, 1, 3, 0, 2, 1, 0, 2, 2]]
func:'s_dict'  took: 0.0153 sec
[3, 3, 1, 1, 3, 0, 2, 1, 0, 2, 2]
K_i: [3, 3, 1, 1, 3, 0, 2, 1, 0, 2, 2]
K_path: [[2, 2, 1, 1, 3, 0, 2, 1, 0, 2, 2], [3, 2, 1, 1, 3, 0, 2, 1, 0, 2, 2], [3, 3, 1, 1, 3, 0, 2, 1, 0, 2, 2]]
K_i: [3, 2, 2, 1, 3, 0, 2, 1, 0, 2, 2]
K_path: [[2, 2, 1, 1, 3, 0, 2, 1, 0, 2, 2], [3, 2, 1, 1, 3, 0, 2, 1, 0, 2, 2], [3, 3, 1, 1, 3, 0, 2, 1, 0, 2, 2]]
func:'s_dict'  took: 0.0144 sec
[3, 2, 2, 1, 3, 0, 2, 1, 0, 2, 2]
K_i: [3, 3, 2, 1, 3, 0, 2, 1, 0, 2, 2]
K_path: [[2, 2, 1, 1, 3, 0, 2, 1, 0, 2, 2], [3, 2, 1, 1, 3, 0, 2, 1, 0, 2, 2], [3, 3, 1, 1, 3, 0, 2, 1, 0, 2, 2], [3, 2, 2, 1, 3, 0, 2, 1, 0, 2, 2]]
func:'s_dict'  took: 0.0155 sec
[3, 3, 2, 1, 3, 0, 2, 1, 0, 2, 2]
K_i: [3, 3, 2, 1, 3, 0, 2, 1, 0, 2, 2]
K_path: [[2, 2, 1, 1, 3, 0, 2, 1, 0, 2, 2], [3, 2, 1, 1, 3, 0, 2, 1, 0, 2, 2], [3, 3, 1, 1, 3, 0, 2, 1, 0, 2, 2], [3, 2, 2, 1, 3, 0, 2, 1, 0, 2, 2], [3, 3, 2, 1, 3, 0, 2, 1, 0, 2, 2]]
K_i: [3, 2, 2, 1, 3, 1, 2, 1, 0, 2, 2]
K_path: [[2, 2, 1, 1, 3, 0, 2, 1, 0, 2, 2], [3, 2, 1, 1, 3, 0, 2, 1, 0, 2, 2], [3, 3, 1, 1, 3, 0, 2, 1, 0, 2, 2], [3, 2, 2, 1, 3, 0, 2, 1, 0, 2, 2], [3, 3, 2, 1, 3, 0, 2, 1, 0, 2, 2]]
func:'s_dict'  took: 0.0151 sec
[3, 2, 2, 1, 3, 1, 2, 1, 0, 2, 2]
K_i: [3, 3, 2, 1, 3, 1, 2, 1, 0, 2, 2]
K_path: [[2, 2, 1, 1, 3, 0, 2, 1, 0, 2, 2], [3, 2, 1, 1, 3, 0, 2, 1, 0, 2, 2], [3, 3, 1, 1, 3, 0, 2, 1, 0, 2, 2], [3, 2, 2, 1, 3, 0, 2, 1, 0, 2, 2], [3, 3, 2, 1, 3, 0, 2, 1, 0, 2, 2], [3, 2, 2, 1, 3, 1, 2, 1, 0, 2, 2]]
func:'s_dict'  took: 0.0157 sec
[3, 3, 2, 1, 3, 1, 2, 1, 0, 2, 2]
K_i: [3, 4, 2, 1, 3, 1, 2, 1, 0, 2, 2]
K_path: [[2, 2, 1, 1, 3, 0, 2, 1, 0, 2, 2], [3, 2, 1, 1, 3, 0, 2, 1, 0, 2, 2], [3, 3, 1, 1, 3, 0, 2, 1, 0, 2, 2], [3, 2, 2, 1, 3, 0, 2, 1, 0, 2, 2], [3, 3, 2, 1, 3, 0, 2, 1, 0, 2, 2], [3, 2, 2, 1, 3, 1, 2, 1, 0, 2, 2], [3, 3, 2, 1, 3, 1, 2, 1, 0, 2, 2]]
func:'s_dict'  took: 0.0162 sec
[3, 4, 2, 1, 3, 1, 2, 1, 0, 2, 2]
K_i: [3, 5, 2, 1, 3, 1, 2, 1, 0, 2, 2]
K_path: [[2, 2, 1, 1, 3, 0, 2, 1, 0, 2, 2], [3, 2, 1, 1, 3, 0, 2, 1, 0, 2, 2], [3, 3, 1, 1, 3, 0, 2, 1, 0, 2, 2], [3, 2, 2, 1, 3, 0, 2, 1, 0, 2, 2], [3, 3, 2, 1, 3, 0, 2, 1, 0, 2, 2], [3, 2, 2, 1, 3, 1, 2, 1, 0, 2, 2], [3, 3, 2, 1, 3, 1, 2, 1, 0, 2, 2], [3, 0, 2, 1, 3, 1, 2, 1, 0, 2, 2]]
func:'s_dict'  took: 0.0172 sec
[3, 5, 2, 1, 3, 1, 2, 1, 0, 2, 2]
K_i: [3, 5, 2, 1, 3, 1, 2, 1, 0, 2, 2]
K_path: [[2, 2, 1, 1, 3, 0, 2, 1, 0, 2, 2], [3, 2, 1, 1, 3, 0, 2, 1, 0, 2, 2], [3, 3, 1, 1, 3, 0, 2, 1, 0, 2, 2], [3, 2, 2, 1, 3, 0, 2, 1, 0, 2, 2], [3, 3, 2, 1, 3, 0, 2, 1, 0, 2, 2], [3, 2, 2, 1, 3, 1, 2, 1, 0, 2, 2], [3, 3, 2, 1, 3, 1, 2, 1, 0, 2, 2], [3, 0, 2, 1, 3, 1, 2, 1, 0, 2, 2], [3, 1, 2, 1, 3, 1, 2, 1, 0, 2, 2]]
K_i: [3, 4, 2, 1, 3, 1, 2, 2, 0, 2, 2]
K_path: [[2, 2, 1, 1, 3, 0, 2, 1, 0, 2, 2], [3, 2, 1, 1, 3, 0, 2, 1, 0, 2, 2], [3, 3, 1, 1, 3, 0, 2, 1, 0, 2, 2], [3, 2, 2, 1, 3, 0, 2, 1, 0, 2, 2], [3, 3, 2, 1, 3, 0, 2, 1, 0, 2, 2], [3, 2, 2, 1, 3, 1, 2, 1, 0, 2, 2], [3, 3, 2, 1, 3, 1, 2, 1, 0, 2, 2], [3, 0, 2, 1, 3, 1, 2, 1, 0, 2, 2], [3, 1, 2, 1, 3, 1, 2, 1, 0, 2, 2]]
func:'s_dict'  took: 0.0166 sec
[3, 4, 2, 1, 3, 1, 2, 2, 0, 2, 2]
K_i: [3, 5, 2, 1, 3, 1, 2, 1, 0, 2, 2]
K_path: [[2, 2, 1, 1, 3, 0, 2, 1, 0, 2, 2], [3, 2, 1, 1, 3, 0, 2, 1, 0, 2, 2], [3, 3, 1, 1, 3, 0, 2, 1, 0, 2, 2], [3, 2, 2, 1, 3, 0, 2, 1, 0, 2, 2], [3, 3, 2, 1, 3, 0, 2, 1, 0, 2, 2], [3, 2, 2, 1, 3, 1, 2, 1, 0, 2, 2], [3, 3, 2, 1, 3, 1, 2, 1, 0, 2, 2], [3, 0, 2, 1, 3, 1, 2, 1, 0, 2, 2], [3, 1, 2, 1, 3, 1, 2, 1, 0, 2, 2], [3, 0, 2, 1, 3, 1, 2, 2, 0, 2, 2]]
K_i: [3, 4, 2, 1, 3, 1, 2, 2, 0, 2, 2]
K_path: [[2, 2, 1, 1, 3, 0, 2, 1, 0, 2, 2], [3, 2, 1, 1, 3, 0, 2, 1, 0, 2, 2], [3, 3, 1, 1, 3, 0, 2, 1, 0, 2, 2], [3, 2, 2, 1, 3, 0, 2, 1, 0, 2, 2], [3, 3, 2, 1, 3, 0, 2, 1, 0, 2, 2], [3, 2, 2, 1, 3, 1, 2, 1, 0, 2, 2], [3, 3, 2, 1, 3, 1, 2, 1, 0, 2, 2], [3, 0, 2, 1, 3, 1, 2, 1, 0, 2, 2], [3, 1, 2, 1, 3, 1, 2, 1, 0, 2, 2], [3, 0, 2, 1, 3, 1, 2, 2, 0, 2, 2]]
K_i: [3, 4, 2, 1, 3, 1, 2, 1, 1, 2, 2]
K_path: [[2, 2, 1, 1, 3, 0, 2, 1, 0, 2, 2], [3, 2, 1, 1, 3, 0, 2, 1, 0, 2, 2], [3, 3, 1, 1, 3, 0, 2, 1, 0, 2, 2], [3, 2, 2, 1, 3, 0, 2, 1, 0, 2, 2], [3, 3, 2, 1, 3, 0, 2, 1, 0, 2, 2], [3, 2, 2, 1, 3, 1, 2, 1, 0, 2, 2], [3, 3, 2, 1, 3, 1, 2, 1, 0, 2, 2], [3, 0, 2, 1, 3, 1, 2, 1, 0, 2, 2], [3, 1, 2, 1, 3, 1, 2, 1, 0, 2, 2], [3, 0, 2, 1, 3, 1, 2, 2, 0, 2, 2]]
nfev_t/nfev_a: 924/900 = 1.0266666666666666
func:'find_K'  took: 67.2200 sec
[6, 'QAOA', 'TFIM', -1, 2, 4, 'hypersphere', 10, 1.0266666666666666, 0.2353103241526158, -4.966831373194898, 0.40441555972211063, -4.966831463621929]
[6, 'QAOA', 'TFIM', -1, 2, 4, 'hypersphere', 10]
Time to find local minimum: 36.76339769363403

func:'s_dict'  took: 0.0131 sec
[0, 3, 2, 2, 1, 0, 3, 2, 3, 0, 1]
K_i: [-1, 3, 2, 2, 1, 0, 3, 2, 3, 0, 1]
K_path: [[0, 3, 2, 2, 1, 0, 3, 2, 3, 0, 1]]
func:'s_dict'  took: 0.0140 sec
[-1, 3, 2, 2, 1, 0, 3, 2, 3, 0, 1]
K_i: [0, 3, 2, 2, 1, 0, 3, 2, 3, 0, 1]
K_path: [[0, 3, 2, 2, 1, 0, 3, 2, 3, 0, 1], [3, 3, 2, 2, 1, 0, 3, 2, 3, 0, 1]]
K_i: [-1, 4, 2, 2, 1, 0, 3, 2, 3, 0, 1]
K_path: [[0, 3, 2, 2, 1, 0, 3, 2, 3, 0, 1], [3, 3, 2, 2, 1, 0, 3, 2, 3, 0, 1]]
func:'s_dict'  took: 0.0143 sec
[-1, 4, 2, 2, 1, 0, 3, 2, 3, 0, 1]
K_i: [0, 3, 2, 2, 1, 0, 3, 2, 3, 0, 1]
K_path: [[0, 3, 2, 2, 1, 0, 3, 2, 3, 0, 1], [3, 3, 2, 2, 1, 0, 3, 2, 3, 0, 1], [3, 0, 2, 2, 1, 0, 3, 2, 3, 0, 1]]
K_i: [-1, 4, 2, 2, 1, 0, 3, 2, 3, 0, 1]
K_path: [[0, 3, 2, 2, 1, 0, 3, 2, 3, 0, 1], [3, 3, 2, 2, 1, 0, 3, 2, 3, 0, 1], [3, 0, 2, 2, 1, 0, 3, 2, 3, 0, 1]]
K_i: [-1, 3, 2, 3, 1, 0, 3, 2, 3, 0, 1]
K_path: [[0, 3, 2, 2, 1, 0, 3, 2, 3, 0, 1], [3, 3, 2, 2, 1, 0, 3, 2, 3, 0, 1], [3, 0, 2, 2, 1, 0, 3, 2, 3, 0, 1]]
func:'s_dict'  took: 0.0150 sec
[-1, 3, 2, 3, 1, 0, 3, 2, 3, 0, 1]
K_i: [0, 3, 2, 3, 1, 0, 3, 2, 3, 0, 1]
K_path: [[0, 3, 2, 2, 1, 0, 3, 2, 3, 0, 1], [3, 3, 2, 2, 1, 0, 3, 2, 3, 0, 1], [3, 0, 2, 2, 1, 0, 3, 2, 3, 0, 1], [3, 3, 2, 3, 1, 0, 3, 2, 3, 0, 1]]
func:'s_dict'  took: 0.0144 sec
[0, 3, 2, 3, 1, 0, 3, 2, 3, 0, 1]
K_i: [0, 3, 2, 3, 1, 0, 3, 2, 3, 0, 1]
K_path: [[0, 3, 2, 2, 1, 0, 3, 2, 3, 0, 1], [3, 3, 2, 2, 1, 0, 3, 2, 3, 0, 1], [3, 0, 2, 2, 1, 0, 3, 2, 3, 0, 1], [3, 3, 2, 3, 1, 0, 3, 2, 3, 0, 1], [0, 3, 2, 3, 1, 0, 3, 2, 3, 0, 1]]
K_i: [-1, 4, 2, 3, 1, 0, 3, 2, 3, 0, 1]
K_path: [[0, 3, 2, 2, 1, 0, 3, 2, 3, 0, 1], [3, 3, 2, 2, 1, 0, 3, 2, 3, 0, 1], [3, 0, 2, 2, 1, 0, 3, 2, 3, 0, 1], [3, 3, 2, 3, 1, 0, 3, 2, 3, 0, 1], [0, 3, 2, 3, 1, 0, 3, 2, 3, 0, 1]]
func:'s_dict'  took: 0.0155 sec
[-1, 4, 2, 3, 1, 0, 3, 2, 3, 0, 1]
K_i: [0, 3, 2, 3, 1, 0, 3, 2, 3, 0, 1]
K_path: [[0, 3, 2, 2, 1, 0, 3, 2, 3, 0, 1], [3, 3, 2, 2, 1, 0, 3, 2, 3, 0, 1], [3, 0, 2, 2, 1, 0, 3, 2, 3, 0, 1], [3, 3, 2, 3, 1, 0, 3, 2, 3, 0, 1], [0, 3, 2, 3, 1, 0, 3, 2, 3, 0, 1], [3, 0, 2, 3, 1, 0, 3, 2, 3, 0, 1]]
K_i: [-1, 4, 2, 3, 1, 0, 3, 2, 3, 0, 1]
K_path: [[0, 3, 2, 2, 1, 0, 3, 2, 3, 0, 1], [3, 3, 2, 2, 1, 0, 3, 2, 3, 0, 1], [3, 0, 2, 2, 1, 0, 3, 2, 3, 0, 1], [3, 3, 2, 3, 1, 0, 3, 2, 3, 0, 1], [0, 3, 2, 3, 1, 0, 3, 2, 3, 0, 1], [3, 0, 2, 3, 1, 0, 3, 2, 3, 0, 1]]
K_i: [-1, 3, 3, 3, 1, 0, 3, 2, 3, 0, 1]
K_path: [[0, 3, 2, 2, 1, 0, 3, 2, 3, 0, 1], [3, 3, 2, 2, 1, 0, 3, 2, 3, 0, 1], [3, 0, 2, 2, 1, 0, 3, 2, 3, 0, 1], [3, 3, 2, 3, 1, 0, 3, 2, 3, 0, 1], [0, 3, 2, 3, 1, 0, 3, 2, 3, 0, 1], [3, 0, 2, 3, 1, 0, 3, 2, 3, 0, 1]]
func:'s_dict'  took: 0.0160 sec
[-1, 3, 3, 3, 1, 0, 3, 2, 3, 0, 1]
K_i: [0, 3, 2, 3, 1, 0, 3, 2, 3, 0, 1]
K_path: [[0, 3, 2, 2, 1, 0, 3, 2, 3, 0, 1], [3, 3, 2, 2, 1, 0, 3, 2, 3, 0, 1], [3, 0, 2, 2, 1, 0, 3, 2, 3, 0, 1], [3, 3, 2, 3, 1, 0, 3, 2, 3, 0, 1], [0, 3, 2, 3, 1, 0, 3, 2, 3, 0, 1], [3, 0, 2, 3, 1, 0, 3, 2, 3, 0, 1], [3, 3, 3, 3, 1, 0, 3, 2, 3, 0, 1]]
K_i: [-1, 4, 2, 3, 1, 0, 3, 2, 3, 0, 1]
K_path: [[0, 3, 2, 2, 1, 0, 3, 2, 3, 0, 1], [3, 3, 2, 2, 1, 0, 3, 2, 3, 0, 1], [3, 0, 2, 2, 1, 0, 3, 2, 3, 0, 1], [3, 3, 2, 3, 1, 0, 3, 2, 3, 0, 1], [0, 3, 2, 3, 1, 0, 3, 2, 3, 0, 1], [3, 0, 2, 3, 1, 0, 3, 2, 3, 0, 1], [3, 3, 3, 3, 1, 0, 3, 2, 3, 0, 1]]
K_i: [-1, 3, 3, 3, 1, 0, 3, 2, 3, 0, 1]
K_path: [[0, 3, 2, 2, 1, 0, 3, 2, 3, 0, 1], [3, 3, 2, 2, 1, 0, 3, 2, 3, 0, 1], [3, 0, 2, 2, 1, 0, 3, 2, 3, 0, 1], [3, 3, 2, 3, 1, 0, 3, 2, 3, 0, 1], [0, 3, 2, 3, 1, 0, 3, 2, 3, 0, 1], [3, 0, 2, 3, 1, 0, 3, 2, 3, 0, 1], [3, 3, 3, 3, 1, 0, 3, 2, 3, 0, 1]]
K_i: [-1, 3, 2, 4, 1, 0, 3, 2, 3, 0, 1]
K_path: [[0, 3, 2, 2, 1, 0, 3, 2, 3, 0, 1], [3, 3, 2, 2, 1, 0, 3, 2, 3, 0, 1], [3, 0, 2, 2, 1, 0, 3, 2, 3, 0, 1], [3, 3, 2, 3, 1, 0, 3, 2, 3, 0, 1], [0, 3, 2, 3, 1, 0, 3, 2, 3, 0, 1], [3, 0, 2, 3, 1, 0, 3, 2, 3, 0, 1], [3, 3, 3, 3, 1, 0, 3, 2, 3, 0, 1]]
func:'s_dict'  took: 0.0150 sec
[-1, 3, 2, 4, 1, 0, 3, 2, 3, 0, 1]
K_i: [0, 3, 2, 3, 1, 0, 3, 2, 3, 0, 1]
K_path: [[0, 3, 2, 2, 1, 0, 3, 2, 3, 0, 1], [3, 3, 2, 2, 1, 0, 3, 2, 3, 0, 1], [3, 0, 2, 2, 1, 0, 3, 2, 3, 0, 1], [3, 3, 2, 3, 1, 0, 3, 2, 3, 0, 1], [0, 3, 2, 3, 1, 0, 3, 2, 3, 0, 1], [3, 0, 2, 3, 1, 0, 3, 2, 3, 0, 1], [3, 3, 3, 3, 1, 0, 3, 2, 3, 0, 1], [3, 3, 2, 0, 1, 0, 3, 2, 3, 0, 1]]
K_i: [-1, 4, 2, 3, 1, 0, 3, 2, 3, 0, 1]
K_path: [[0, 3, 2, 2, 1, 0, 3, 2, 3, 0, 1], [3, 3, 2, 2, 1, 0, 3, 2, 3, 0, 1], [3, 0, 2, 2, 1, 0, 3, 2, 3, 0, 1], [3, 3, 2, 3, 1, 0, 3, 2, 3, 0, 1], [0, 3, 2, 3, 1, 0, 3, 2, 3, 0, 1], [3, 0, 2, 3, 1, 0, 3, 2, 3, 0, 1], [3, 3, 3, 3, 1, 0, 3, 2, 3, 0, 1], [3, 3, 2, 0, 1, 0, 3, 2, 3, 0, 1]]
K_i: [-1, 3, 3, 3, 1, 0, 3, 2, 3, 0, 1]
K_path: [[0, 3, 2, 2, 1, 0, 3, 2, 3, 0, 1], [3, 3, 2, 2, 1, 0, 3, 2, 3, 0, 1], [3, 0, 2, 2, 1, 0, 3, 2, 3, 0, 1], [3, 3, 2, 3, 1, 0, 3, 2, 3, 0, 1], [0, 3, 2, 3, 1, 0, 3, 2, 3, 0, 1], [3, 0, 2, 3, 1, 0, 3, 2, 3, 0, 1], [3, 3, 3, 3, 1, 0, 3, 2, 3, 0, 1], [3, 3, 2, 0, 1, 0, 3, 2, 3, 0, 1]]
K_i: [-1, 3, 2, 4, 1, 0, 3, 2, 3, 0, 1]
K_path: [[0, 3, 2, 2, 1, 0, 3, 2, 3, 0, 1], [3, 3, 2, 2, 1, 0, 3, 2, 3, 0, 1], [3, 0, 2, 2, 1, 0, 3, 2, 3, 0, 1], [3, 3, 2, 3, 1, 0, 3, 2, 3, 0, 1], [0, 3, 2, 3, 1, 0, 3, 2, 3, 0, 1], [3, 0, 2, 3, 1, 0, 3, 2, 3, 0, 1], [3, 3, 3, 3, 1, 0, 3, 2, 3, 0, 1], [3, 3, 2, 0, 1, 0, 3, 2, 3, 0, 1]]
K_i: [-1, 3, 2, 3, 2, 0, 3, 2, 3, 0, 1]
K_path: [[0, 3, 2, 2, 1, 0, 3, 2, 3, 0, 1], [3, 3, 2, 2, 1, 0, 3, 2, 3, 0, 1], [3, 0, 2, 2, 1, 0, 3, 2, 3, 0, 1], [3, 3, 2, 3, 1, 0, 3, 2, 3, 0, 1], [0, 3, 2, 3, 1, 0, 3, 2, 3, 0, 1], [3, 0, 2, 3, 1, 0, 3, 2, 3, 0, 1], [3, 3, 3, 3, 1, 0, 3, 2, 3, 0, 1], [3, 3, 2, 0, 1, 0, 3, 2, 3, 0, 1]]
func:'s_dict'  took: 0.0148 sec
[-1, 3, 2, 3, 2, 0, 3, 2, 3, 0, 1]
K_i: [0, 3, 2, 3, 1, 0, 3, 2, 3, 0, 1]
K_path: [[0, 3, 2, 2, 1, 0, 3, 2, 3, 0, 1], [3, 3, 2, 2, 1, 0, 3, 2, 3, 0, 1], [3, 0, 2, 2, 1, 0, 3, 2, 3, 0, 1], [3, 3, 2, 3, 1, 0, 3, 2, 3, 0, 1], [0, 3, 2, 3, 1, 0, 3, 2, 3, 0, 1], [3, 0, 2, 3, 1, 0, 3, 2, 3, 0, 1], [3, 3, 3, 3, 1, 0, 3, 2, 3, 0, 1], [3, 3, 2, 0, 1, 0, 3, 2, 3, 0, 1], [3, 3, 2, 3, 2, 0, 3, 2, 3, 0, 1]]
K_i: [-1, 4, 2, 3, 1, 0, 3, 2, 3, 0, 1]
K_path: [[0, 3, 2, 2, 1, 0, 3, 2, 3, 0, 1], [3, 3, 2, 2, 1, 0, 3, 2, 3, 0, 1], [3, 0, 2, 2, 1, 0, 3, 2, 3, 0, 1], [3, 3, 2, 3, 1, 0, 3, 2, 3, 0, 1], [0, 3, 2, 3, 1, 0, 3, 2, 3, 0, 1], [3, 0, 2, 3, 1, 0, 3, 2, 3, 0, 1], [3, 3, 3, 3, 1, 0, 3, 2, 3, 0, 1], [3, 3, 2, 0, 1, 0, 3, 2, 3, 0, 1], [3, 3, 2, 3, 2, 0, 3, 2, 3, 0, 1]]
K_i: [-1, 3, 3, 3, 1, 0, 3, 2, 3, 0, 1]
K_path: [[0, 3, 2, 2, 1, 0, 3, 2, 3, 0, 1], [3, 3, 2, 2, 1, 0, 3, 2, 3, 0, 1], [3, 0, 2, 2, 1, 0, 3, 2, 3, 0, 1], [3, 3, 2, 3, 1, 0, 3, 2, 3, 0, 1], [0, 3, 2, 3, 1, 0, 3, 2, 3, 0, 1], [3, 0, 2, 3, 1, 0, 3, 2, 3, 0, 1], [3, 3, 3, 3, 1, 0, 3, 2, 3, 0, 1], [3, 3, 2, 0, 1, 0, 3, 2, 3, 0, 1], [3, 3, 2, 3, 2, 0, 3, 2, 3, 0, 1]]
K_i: [-1, 3, 2, 4, 1, 0, 3, 2, 3, 0, 1]
K_path: [[0, 3, 2, 2, 1, 0, 3, 2, 3, 0, 1], [3, 3, 2, 2, 1, 0, 3, 2, 3, 0, 1], [3, 0, 2, 2, 1, 0, 3, 2, 3, 0, 1], [3, 3, 2, 3, 1, 0, 3, 2, 3, 0, 1], [0, 3, 2, 3, 1, 0, 3, 2, 3, 0, 1], [3, 0, 2, 3, 1, 0, 3, 2, 3, 0, 1], [3, 3, 3, 3, 1, 0, 3, 2, 3, 0, 1], [3, 3, 2, 0, 1, 0, 3, 2, 3, 0, 1], [3, 3, 2, 3, 2, 0, 3, 2, 3, 0, 1]]
K_i: [-1, 3, 2, 3, 2, 0, 3, 2, 3, 0, 1]
K_path: [[0, 3, 2, 2, 1, 0, 3, 2, 3, 0, 1], [3, 3, 2, 2, 1, 0, 3, 2, 3, 0, 1], [3, 0, 2, 2, 1, 0, 3, 2, 3, 0, 1], [3, 3, 2, 3, 1, 0, 3, 2, 3, 0, 1], [0, 3, 2, 3, 1, 0, 3, 2, 3, 0, 1], [3, 0, 2, 3, 1, 0, 3, 2, 3, 0, 1], [3, 3, 3, 3, 1, 0, 3, 2, 3, 0, 1], [3, 3, 2, 0, 1, 0, 3, 2, 3, 0, 1], [3, 3, 2, 3, 2, 0, 3, 2, 3, 0, 1]]
K_i: [-1, 3, 2, 3, 1, 1, 3, 2, 3, 0, 1]
K_path: [[0, 3, 2, 2, 1, 0, 3, 2, 3, 0, 1], [3, 3, 2, 2, 1, 0, 3, 2, 3, 0, 1], [3, 0, 2, 2, 1, 0, 3, 2, 3, 0, 1], [3, 3, 2, 3, 1, 0, 3, 2, 3, 0, 1], [0, 3, 2, 3, 1, 0, 3, 2, 3, 0, 1], [3, 0, 2, 3, 1, 0, 3, 2, 3, 0, 1], [3, 3, 3, 3, 1, 0, 3, 2, 3, 0, 1], [3, 3, 2, 0, 1, 0, 3, 2, 3, 0, 1], [3, 3, 2, 3, 2, 0, 3, 2, 3, 0, 1]]
func:'s_dict'  took: 0.0154 sec
[-1, 3, 2, 3, 1, 1, 3, 2, 3, 0, 1]
K_i: [0, 3, 2, 3, 1, 0, 3, 2, 3, 0, 1]
K_path: [[0, 3, 2, 2, 1, 0, 3, 2, 3, 0, 1], [3, 3, 2, 2, 1, 0, 3, 2, 3, 0, 1], [3, 0, 2, 2, 1, 0, 3, 2, 3, 0, 1], [3, 3, 2, 3, 1, 0, 3, 2, 3, 0, 1], [0, 3, 2, 3, 1, 0, 3, 2, 3, 0, 1], [3, 0, 2, 3, 1, 0, 3, 2, 3, 0, 1], [3, 3, 3, 3, 1, 0, 3, 2, 3, 0, 1], [3, 3, 2, 0, 1, 0, 3, 2, 3, 0, 1], [3, 3, 2, 3, 2, 0, 3, 2, 3, 0, 1], [3, 3, 2, 3, 1, 1, 3, 2, 3, 0, 1]]
K_i: [-1, 4, 2, 3, 1, 0, 3, 2, 3, 0, 1]
K_path: [[0, 3, 2, 2, 1, 0, 3, 2, 3, 0, 1], [3, 3, 2, 2, 1, 0, 3, 2, 3, 0, 1], [3, 0, 2, 2, 1, 0, 3, 2, 3, 0, 1], [3, 3, 2, 3, 1, 0, 3, 2, 3, 0, 1], [0, 3, 2, 3, 1, 0, 3, 2, 3, 0, 1], [3, 0, 2, 3, 1, 0, 3, 2, 3, 0, 1], [3, 3, 3, 3, 1, 0, 3, 2, 3, 0, 1], [3, 3, 2, 0, 1, 0, 3, 2, 3, 0, 1], [3, 3, 2, 3, 2, 0, 3, 2, 3, 0, 1], [3, 3, 2, 3, 1, 1, 3, 2, 3, 0, 1]]
K_i: [-1, 3, 3, 3, 1, 0, 3, 2, 3, 0, 1]
K_path: [[0, 3, 2, 2, 1, 0, 3, 2, 3, 0, 1], [3, 3, 2, 2, 1, 0, 3, 2, 3, 0, 1], [3, 0, 2, 2, 1, 0, 3, 2, 3, 0, 1], [3, 3, 2, 3, 1, 0, 3, 2, 3, 0, 1], [0, 3, 2, 3, 1, 0, 3, 2, 3, 0, 1], [3, 0, 2, 3, 1, 0, 3, 2, 3, 0, 1], [3, 3, 3, 3, 1, 0, 3, 2, 3, 0, 1], [3, 3, 2, 0, 1, 0, 3, 2, 3, 0, 1], [3, 3, 2, 3, 2, 0, 3, 2, 3, 0, 1], [3, 3, 2, 3, 1, 1, 3, 2, 3, 0, 1]]
K_i: [-1, 3, 2, 4, 1, 0, 3, 2, 3, 0, 1]
K_path: [[0, 3, 2, 2, 1, 0, 3, 2, 3, 0, 1], [3, 3, 2, 2, 1, 0, 3, 2, 3, 0, 1], [3, 0, 2, 2, 1, 0, 3, 2, 3, 0, 1], [3, 3, 2, 3, 1, 0, 3, 2, 3, 0, 1], [0, 3, 2, 3, 1, 0, 3, 2, 3, 0, 1], [3, 0, 2, 3, 1, 0, 3, 2, 3, 0, 1], [3, 3, 3, 3, 1, 0, 3, 2, 3, 0, 1], [3, 3, 2, 0, 1, 0, 3, 2, 3, 0, 1], [3, 3, 2, 3, 2, 0, 3, 2, 3, 0, 1], [3, 3, 2, 3, 1, 1, 3, 2, 3, 0, 1]]
K_i: [-1, 3, 2, 3, 2, 0, 3, 2, 3, 0, 1]
K_path: [[0, 3, 2, 2, 1, 0, 3, 2, 3, 0, 1], [3, 3, 2, 2, 1, 0, 3, 2, 3, 0, 1], [3, 0, 2, 2, 1, 0, 3, 2, 3, 0, 1], [3, 3, 2, 3, 1, 0, 3, 2, 3, 0, 1], [0, 3, 2, 3, 1, 0, 3, 2, 3, 0, 1], [3, 0, 2, 3, 1, 0, 3, 2, 3, 0, 1], [3, 3, 3, 3, 1, 0, 3, 2, 3, 0, 1], [3, 3, 2, 0, 1, 0, 3, 2, 3, 0, 1], [3, 3, 2, 3, 2, 0, 3, 2, 3, 0, 1], [3, 3, 2, 3, 1, 1, 3, 2, 3, 0, 1]]
K_i: [-1, 3, 2, 3, 1, 1, 3, 2, 3, 0, 1]
K_path: [[0, 3, 2, 2, 1, 0, 3, 2, 3, 0, 1], [3, 3, 2, 2, 1, 0, 3, 2, 3, 0, 1], [3, 0, 2, 2, 1, 0, 3, 2, 3, 0, 1], [3, 3, 2, 3, 1, 0, 3, 2, 3, 0, 1], [0, 3, 2, 3, 1, 0, 3, 2, 3, 0, 1], [3, 0, 2, 3, 1, 0, 3, 2, 3, 0, 1], [3, 3, 3, 3, 1, 0, 3, 2, 3, 0, 1], [3, 3, 2, 0, 1, 0, 3, 2, 3, 0, 1], [3, 3, 2, 3, 2, 0, 3, 2, 3, 0, 1], [3, 3, 2, 3, 1, 1, 3, 2, 3, 0, 1]]
K_i: [-1, 3, 2, 3, 1, 0, 4, 2, 3, 0, 1]
K_path: [[0, 3, 2, 2, 1, 0, 3, 2, 3, 0, 1], [3, 3, 2, 2, 1, 0, 3, 2, 3, 0, 1], [3, 0, 2, 2, 1, 0, 3, 2, 3, 0, 1], [3, 3, 2, 3, 1, 0, 3, 2, 3, 0, 1], [0, 3, 2, 3, 1, 0, 3, 2, 3, 0, 1], [3, 0, 2, 3, 1, 0, 3, 2, 3, 0, 1], [3, 3, 3, 3, 1, 0, 3, 2, 3, 0, 1], [3, 3, 2, 0, 1, 0, 3, 2, 3, 0, 1], [3, 3, 2, 3, 2, 0, 3, 2, 3, 0, 1], [3, 3, 2, 3, 1, 1, 3, 2, 3, 0, 1]]
nfev_t/nfev_a: 1438/516 = 2.7868217054263567
func:'find_K'  took: 80.0556 sec
[6, 'QAOA', 'TFIM', -1, 2, 4, 'hypersphere', 10, 2.7868217054263567, 0.5883643112472452, -4.727947750458794, -2.951154801994562, -4.7778274768497795]
  0%|          | 0/5 [00:00<?, ?it/s] 20%|██        | 1/5 [00:47<03:09, 47.43s/it] 40%|████      | 2/5 [02:02<03:11, 63.78s/it] 60%|██████    | 3/5 [03:02<02:03, 61.96s/it] 80%|████████  | 4/5 [04:09<01:04, 64.03s/it]100%|██████████| 5/5 [05:29<00:00, 69.81s/it]100%|██████████| 5/5 [05:29<00:00, 65.94s/it]
