[6, 'QAOA', 'TFIM', -10, 2, 6, 'hypersphere', 10]
Time to find local minimum: 3.1038196086883545

func:'s_dict'  took: 1.1664 sec
[0.01989437 0.01989437 0.01989437 0.01989437 0.01989437 0.01989437
 0.01989437 0.01989437 0.01989437 0.01989437 0.01989437]
func:'s_dict'  took: 0.0216 sec
[6.11905285 0.7280064  6.24242683 0.62845437 5.4764194  6.17430432
 0.82055285 5.56413638 0.75046813 0.82234587 5.56940299]
func:'s_dict'  took: 0.0219 sec
[5.4075977  0.73036533 6.25110308 0.70528141 5.45597677 6.27337958
 0.75649975 5.5914001  0.79642448 0.82224937 5.49624217]
func:'s_dict'  took: 0.0230 sec
[6.19299587 6.22815247 6.25110308 0.70528141 5.45597677 6.27337958
 0.75649975 5.5914001  0.79642448 0.82224937 5.49624217]
func:'s_dict'  took: 0.0234 sec
[5.45809642 6.25198703 6.27970428 0.70326347 5.46131944 6.25979157
 0.76455196 5.52683294 0.79166651 0.79657908 5.49310062]
func:'s_dict'  took: 0.0235 sec
[6.24349458 5.46658887 6.27970428 0.70326347 5.46131944 6.25979157
 0.76455196 5.52683294 0.79166651 0.79657908 5.49310062]
func:'s_dict'  took: 0.0246 sec
[6.24349458 6.25198703 5.49430611 0.70326347 5.46131944 6.25979157
 0.76455196 5.52683294 0.79166651 0.79657908 5.49310062]
func:'s_dict'  took: 0.0252 sec
[6.24349458 6.25198703 6.27970428 6.20105062 5.46131944 6.25979157
 0.76455196 5.52683294 0.79166651 0.79657908 5.49310062]
func:'s_dict'  took: 0.0283 sec
[5.44510177e+00 6.22953207e+00 6.28242995e+00 6.22351665e+00
 5.43993235e+00 3.24147302e-03 7.87117422e-01 5.49623079e+00
 7.84996022e-01 7.85070858e-01 5.50006917e+00]
func:'s_dict'  took: 0.0259 sec
[6.23049993e+00 5.44413391e+00 6.28242995e+00 6.22351665e+00
 5.43993235e+00 3.24147302e-03 7.87117422e-01 5.49623079e+00
 7.84996022e-01 7.85070858e-01 5.50006917e+00]
nfev_t/nfev_a: 552/336 = 1.6428571428571428
func:'find_K'  took: 72.3863 sec
[6, 'QAOA', 'TFIM', -10, 2, 6, 'hypersphere', 10, 1.6428571428571428, 0.9999712969938979, -40.22029347760723, -40.22146583570199, -40.22146583570213]
[6, 'QAOA', 'TFIM', -10, 2, 6, 'hypersphere', 10]
Time to find local minimum: 5.282124757766724

func:'s_dict'  took: 0.0328 sec
[0.01989437 0.01989437 0.01989437 0.01989437 0.01989437 0.01989437
 0.01989437 0.01989437 0.01989437 0.01989437 0.01989437]
func:'s_dict'  took: 0.0304 sec
[6.22786177e+00 7.30074281e-01 1.57073379e+00 5.49956908e-02
 6.22805521e+00 6.28286368e+00 1.83142858e-04 5.49778044e+00
 4.26569193e-04 2.82450264e-04 7.85360555e-01]
func:'s_dict'  took: 0.0302 sec
[5.44249974e+00 7.30106863e-01 1.57079691e+00 5.52871428e-02
 6.22789621e+00 1.68984409e-05 6.28317460e+00 5.49778826e+00
 6.28316843e+00 6.28317682e+00 7.85399064e-01]
func:'s_dict'  took: 0.0311 sec
[6.22789790e+00 6.22789401e+00 1.57079691e+00 5.52871428e-02
 6.22789621e+00 1.68984409e-05 6.28317460e+00 5.49778826e+00
 6.28316843e+00 6.28317682e+00 7.85399064e-01]
func:'s_dict'  took: 0.0320 sec
[5.44249559e+00 6.22789388e+00 1.57079635e+00 5.52914928e-02
 6.22789390e+00 5.79838266e-09 1.26500948e-07 5.49778711e+00
 6.28318525e+00 6.28318519e+00 7.85398185e-01]
func:'s_dict'  took: 0.0331 sec
[4.65709651e+00 6.22789512e+00 1.57080314e+00 5.53147205e-02
 6.22789294e+00 2.10009612e-05 6.28318439e+00 5.49778788e+00
 6.28316590e+00 6.28316402e+00 7.85399081e-01]
func:'s_dict'  took: 0.0336 sec
[3.87169973e+00 6.22789607e+00 1.57080854e+00 5.53334246e-02
 6.22789195e+00 3.82107857e-05 6.28318098e+00 5.49778875e+00
 6.28315035e+00 6.28314703e+00 7.85399785e-01]
func:'s_dict'  took: 0.0353 sec
[3.08630249e+00 6.22789496e+00 1.57080176e+00 5.53100736e-02
 6.22789304e+00 1.71558032e-05 6.28318203e+00 5.49778800e+00
 6.28316978e+00 6.28316819e+00 7.85398894e-01]
func:'s_dict'  took: 0.0352 sec
[2.30090295e+00 6.22789387e+00 1.57079636e+00 5.52915208e-02
 6.22789386e+00 6.28318530e+00 8.51032942e-08 5.49778710e+00
 6.28318528e+00 6.28318513e+00 7.85398161e-01]
func:'s_dict'  took: 0.0368 sec
[1.51550387e+00 6.22789511e+00 1.57080311e+00 5.53147318e-02
 6.22789292e+00 2.09535848e-05 6.28318441e+00 5.49778787e+00
 6.28316589e+00 6.28316402e+00 7.85399039e-01]
nfev_t/nfev_a: 876/84 = 10.428571428571429
func:'find_K'  took: 47.1396 sec
[6, 'QAOA', 'TFIM', -10, 2, 6, 'hypersphere', 10, 10.428571428571429, 0.999999996858384, -40.22146567901072, -40.22146583570062, -40.221465835701025]
[6, 'QAOA', 'TFIM', -10, 2, 6, 'hypersphere', 10]
Time to find local minimum: 2.1970155239105225

func:'s_dict'  took: 0.0319 sec
[0.01989437 0.01989437 0.01989437 0.01989437 0.01989437 0.01989437
 0.01989437 0.01989437 0.01989437 0.01989437 0.01989437]
func:'s_dict'  took: 0.0334 sec
[7.40051362e-01 6.23783852e+00 2.69349404e-07 6.23783852e+00
 6.23783853e+00 1.09516359e-06 7.15724209e-08 7.85398146e-01
 3.75541883e-08 7.85398159e-01 3.75353693e-08]
func:'s_dict'  took: 0.0348 sec
[6.23783849e+00 6.23783848e+00 1.16117458e-07 6.23783848e+00
 6.23783848e+00 1.09713302e-06 5.00026877e-08 7.85398132e-01
 6.28318530e+00 7.85398157e-01 6.28318530e+00]
func:'s_dict'  took: 0.0361 sec
[5.45244031e+00 6.23783847e+00 8.31886937e-09 6.23783847e+00
 6.23783847e+00 6.28318527e+00 3.26754111e-09 7.85398154e-01
 6.28318526e+00 7.85398150e-01 6.28318526e+00]
func:'s_dict'  took: 0.1362 sec
[4.66704215e+00 6.23783847e+00 1.40430779e-07 6.23783847e+00
 6.23783847e+00 6.28318520e+00 1.40271867e-08 7.85398148e-01
 6.28318530e+00 7.85398157e-01 1.16279866e-08]
func:'s_dict'  took: 0.0369 sec
[3.88164400e+00 6.23783847e+00 2.52698054e-07 6.23783848e+00
 6.23783848e+00 1.06765997e-06 6.66854920e-08 7.85398147e-01
 6.28318528e+00 7.85398181e-01 6.67429489e-08]
func:'s_dict'  took: 0.0380 sec
[3.09624583e+00 6.23783847e+00 1.18690497e-07 6.23783847e+00
 6.23783847e+00 1.08014963e-06 3.06495941e-08 7.85398133e-01
 6.28318525e+00 7.85398149e-01 6.28318530e+00]
func:'s_dict'  took: 0.0392 sec
[2.31084768e+00 6.23783847e+00 6.28318531e+00 6.23783847e+00
 6.23783847e+00 6.28318527e+00 4.39755343e-09 7.85398158e-01
 6.28318526e+00 7.85398155e-01 6.28318526e+00]
func:'s_dict'  took: 0.0403 sec
[1.52544952e+00 6.23783847e+00 1.03188419e-07 6.23783847e+00
 6.23783847e+00 6.28318521e+00 2.10299355e-08 7.85398161e-01
 6.28318531e+00 7.85398161e-01 7.77243248e-09]
func:'s_dict'  took: 0.0403 sec
[7.40051369e-01 6.23783847e+00 2.70312756e-07 6.23783847e+00
 6.23783847e+00 1.06256627e-06 7.65837413e-08 7.85398144e-01
 6.28318529e+00 7.85398159e-01 3.72911179e-08]
nfev_t/nfev_a: 348/60 = 5.8
func:'find_K'  took: 37.5463 sec
[6, 'QAOA', 'TFIM', -10, 2, 6, 'hypersphere', 10, 5.8, 0.9999999999993766, -40.18147782528966, -40.181477825315035, -40.18147782531498]
[6, 'QAOA', 'TFIM', -10, 2, 6, 'hypersphere', 10]
Time to find local minimum: 3.4910616874694824

func:'s_dict'  took: 0.0264 sec
[0.01989437 0.01989437 0.01989437 0.01989437 0.01989437 0.01989437
 0.01989437 0.01989437 0.01989437 0.01989437 0.01989437]
func:'s_dict'  took: 0.0280 sec
[6.35557541e-02 6.22983894e+00 7.84150976e-01 5.44062990e+00
 5.55061268e+00 5.49863729e+00 6.28006275e+00 6.27914538e+00
 7.83995325e-01 5.21211133e-03 8.93295443e-03]
func:'s_dict'  took: 0.0259 sec
[6.35557541e-02 7.32051792e-01 6.28193812e+00 5.44062990e+00
 5.55061268e+00 5.49863729e+00 6.28006275e+00 6.27914538e+00
 7.83995325e-01 5.21211133e-03 8.93295443e-03]
func:'s_dict'  took: 0.0282 sec
[6.35557541e-02 7.32051792e-01 7.84150976e-01 6.22602806e+00
 5.55061268e+00 5.49863729e+00 6.28006275e+00 6.27914538e+00
 7.83995325e-01 5.21211133e-03 8.93295443e-03]
func:'s_dict'  took: 0.0305 sec
[6.35557541e-02 7.32051792e-01 7.84150976e-01 5.44062990e+00
 5.28255377e-02 5.49863729e+00 6.28006275e+00 6.27914538e+00
 7.83995325e-01 5.21211133e-03 8.93295443e-03]
func:'s_dict'  took: 0.0264 sec
[6.35557541e-02 7.32051792e-01 7.84150976e-01 5.44062990e+00
 5.55061268e+00 8.50150729e-04 6.28006275e+00 6.27914538e+00
 7.83995325e-01 5.21211133e-03 8.93295443e-03]
func:'s_dict'  took: 0.0268 sec
[6.35557541e-02 7.32051792e-01 7.84150976e-01 5.44062990e+00
 5.55061268e+00 5.49863729e+00 6.28006275e+00 6.27914538e+00
 6.28178247e+00 5.21211133e-03 8.93295443e-03]
nfev_t/nfev_a: 588/324 = 1.8148148148148149
func:'find_K'  took: 46.8675 sec
[6, 'QAOA', 'TFIM', -10, 2, 6, 'hypersphere', 10, 1.8148148148148149, 0.9998855434713553, -40.2160439225658, -40.221465835702126, -40.22146583570205]
[6, 'QAOA', 'TFIM', -10, 2, 6, 'hypersphere', 10]
Time to find local minimum: 2.4980905055999756

func:'s_dict'  took: 0.0326 sec
[0.01989437 0.01989437 0.01989437 0.01989437 0.01989437 0.01989437
 0.01989437 0.01989437 0.01989437 0.01989437 0.01989437]
func:'s_dict'  took: 0.0298 sec
[4.54869693e-02 6.23855849e+00 7.85416306e-01 5.45241694e+00
 4.45248329e-02 6.28237258e+00 6.28279368e+00 5.12344772e-04
 7.85394084e-01 7.85365801e-01 6.28256852e+00]
func:'s_dict'  took: 0.0301 sec
[4.53473892e-02 5.45243597e+00 7.85398608e-01 5.45244036e+00
 4.53510101e-02 7.66928759e-05 3.90819323e-05 9.52987272e-06
 7.85398500e-01 7.85401437e-01 7.19596760e-05]
func:'s_dict'  took: 0.0316 sec
[4.54539626e-02 4.66704472e+00 7.85423931e-01 5.45243839e+00
 4.54179973e-02 9.93033971e-04 6.28279363e+00 5.67356425e-04
 7.85406861e-01 7.85433938e-01 9.25366539e-04]
func:'s_dict'  took: 0.0297 sec
[4.54539626e-02 5.45244289e+00 2.57676818e-05 5.45243839e+00
 4.54179973e-02 9.93033971e-04 6.28279363e+00 5.67356425e-04
 7.85406861e-01 7.85433938e-01 9.25366539e-04]
func:'s_dict'  took: 0.0329 sec
[4.54539626e-02 5.45244289e+00 7.85423931e-01 4.66704022e+00
 4.54179973e-02 9.93033971e-04 6.28279363e+00 5.67356425e-04
 7.85406861e-01 7.85433938e-01 9.25366539e-04]
func:'s_dict'  took: 0.0342 sec
[4.54803669e-02 4.66704364e+00 7.85386683e-01 4.66705054e+00
 4.54176418e-02 2.08817527e-04 6.28307700e+00 6.28307224e+00
 7.85391076e-01 7.85401697e-01 2.29197624e-04]
func:'s_dict'  took: 0.0323 sec
[4.54803669e-02 5.45244180e+00 6.28317383e+00 4.66705054e+00
 4.54176418e-02 2.08817527e-04 6.28307700e+00 6.28307224e+00
 7.85391076e-01 7.85401697e-01 2.29197624e-04]
func:'s_dict'  took: 0.0315 sec
[4.54803669e-02 5.45244180e+00 7.85386683e-01 3.88165238e+00
 4.54176418e-02 2.08817527e-04 6.28307700e+00 6.28307224e+00
 7.85391076e-01 7.85401697e-01 2.29197624e-04]
func:'s_dict'  took: 0.0329 sec
[4.54803669e-02 5.45244180e+00 7.85386683e-01 4.66705054e+00
 4.54176418e-02 2.08817527e-04 5.49767884e+00 6.28307224e+00
 7.85391076e-01 7.85401697e-01 2.29197624e-04]
nfev_t/nfev_a: 420/288 = 1.4583333333333333
func:'find_K'  took: 54.3818 sec
[6, 'QAOA', 'TFIM', -10, 2, 6, 'hypersphere', 10, 1.4583333333333333, 0.9999987888240711, -40.181426162664096, -40.18147782531475, -40.18147782531394]
  0%|          | 0/5 [00:00<?, ?it/s] 20%|██        | 1/5 [01:12<04:49, 72.49s/it] 40%|████      | 2/5 [01:59<02:52, 57.58s/it] 60%|██████    | 3/5 [02:37<01:36, 48.43s/it] 80%|████████  | 4/5 [03:24<00:47, 47.86s/it]100%|██████████| 5/5 [04:18<00:00, 50.21s/it]100%|██████████| 5/5 [04:18<00:00, 51.71s/it]
