[5, 'QAOA', 'TFIM', -10, 2, 6, 'hypersphere', 10]
Time to find global minimum: 1.1064846515655518

[5, 'QAOA', 'TFIM', -10, 2, 6, 'hypersphere', 10, 1.631578947368421, 0.9999999989195855, -30.52009619714306, -30.520096222814317, -30.520096222811546]
[5, 'QAOA', 'TFIM', -10, 2, 6, 'hypersphere', 10]
Time to find global minimum: 1.32778000831604

[5, 'QAOA', 'TFIM', -10, 2, 6, 'hypersphere', 10, 2.0526315789473686, 0.9999999994972095, -30.808402007011857, -30.80840203287783, -30.808402032877247]
[5, 'QAOA', 'TFIM', -10, 2, 6, 'hypersphere', 10]
Time to find global minimum: 3.3621342182159424

[5, 'QAOA', 'TFIM', -10, 2, 6, 'hypersphere', 10, 8.363636363636363, 0.999999998148692, -30.52009614328182, -30.520096222814487, -30.52009622281369]
[5, 'QAOA', 'TFIM', -10, 2, 6, 'hypersphere', 10]
Time to find global minimum: 1.8360490798950195

[5, 'QAOA', 'TFIM', -10, 2, 6, 'hypersphere', 10, 3.5, 0.9999999997257243, -30.52009621036566, -30.520096222814423, -30.52009622281288]
[5, 'QAOA', 'TFIM', -10, 2, 6, 'hypersphere', 10]
Time to find global minimum: 1.4112050533294678

[5, 'QAOA', 'TFIM', -10, 2, 6, 'hypersphere', 10, 3.3333333333333335, 0.9999999999048399, -30.520096219466524, -30.520096222814182, -30.52009622281336]
[5, 'QAOA', 'TFIM', -10, 2, 6, 'hypersphere', 10]
Time to find global minimum: 2.3913731575012207

[5, 'QAOA', 'TFIM', -10, 2, 6, 'hypersphere', 10, 3.380952380952381, 1.2024193763316043e-05, -30.808402013537457, -30.52009622281444, -30.808402032878824]
[5, 'QAOA', 'TFIM', -10, 2, 6, 'hypersphere', 10]
Time to find global minimum: 1.1275913715362549

[5, 'QAOA', 'TFIM', -10, 2, 6, 'hypersphere', 10, 4.571428571428571, 0.999999999681288, -30.520096208627997, -30.520096222814523, -30.520096222803524]
[5, 'QAOA', 'TFIM', -10, 2, 6, 'hypersphere', 10]
Time to find global minimum: 1.4772117137908936

[5, 'QAOA', 'TFIM', -10, 2, 6, 'hypersphere', 10, 2.3529411764705883, 0.9999999932643849, -30.520096045383816, -30.520096222814274, -30.520096222813283]
[5, 'QAOA', 'TFIM', -10, 2, 6, 'hypersphere', 10]
Time to find global minimum: 1.2800683975219727

[5, 'QAOA', 'TFIM', -10, 2, 6, 'hypersphere', 10, 1.9473684210526316, 0.9999999992130244, -30.808402008635117, -30.808402032878984, -30.808402032878433]
[5, 'QAOA', 'TFIM', -10, 2, 6, 'hypersphere', 10]
Time to find global minimum: 1.8554790019989014

[5, 'QAOA', 'TFIM', -10, 2, 6, 'hypersphere', 10, 4.5, 0.9999999925606442, -30.52009613102492, -30.52009622281389, -30.52009622281312]
  0%|          | 0/10 [00:00<?, ?it/s] 10%|█         | 1/10 [00:31<04:43, 31.47s/it] 20%|██        | 2/10 [01:02<04:09, 31.18s/it] 30%|███       | 3/10 [01:38<03:52, 33.21s/it] 40%|████      | 4/10 [02:03<03:01, 30.22s/it] 50%|█████     | 5/10 [02:39<02:41, 32.25s/it] 60%|██████    | 6/10 [03:17<02:16, 34.08s/it] 70%|███████   | 7/10 [03:45<01:37, 32.35s/it] 80%|████████  | 8/10 [04:21<01:06, 33.45s/it] 90%|█████████ | 9/10 [04:51<00:32, 32.19s/it]100%|██████████| 10/10 [05:20<00:00, 31.23s/it]100%|██████████| 10/10 [05:20<00:00, 32.03s/it]
