[7, 'QAOA', 'TFIM', -10, 2, 6, 'hypersphere', 10]
Time to find global minimum: 51.82360029220581

nfev_t/nfev_a: 826/364 = 2.269230769230769
[7, 'QAOA', 'TFIM', -10, 2, 6, 'hypersphere', 10, 2.269230769230769, 0.05279924969160621, -41.428287343206506, -41.91998063901969, -41.428287817618376]
[7, 'QAOA', 'TFIM', -10, 2, 6, 'hypersphere', 10]
Time to find global minimum: 49.3731255531311

nfev_t/nfev_a: 826/378 = 2.185185185185185
[7, 'QAOA', 'TFIM', -10, 2, 6, 'hypersphere', 10, 2.185185185185185, 0.9999925266161432, -41.91984275408239, -41.91998063901875, -41.91998063902054]
[7, 'QAOA', 'TFIM', -10, 2, 6, 'hypersphere', 10]
Time to find global minimum: 38.56087779998779

nfev_t/nfev_a: 658/350 = 1.88
[7, 'QAOA', 'TFIM', -10, 2, 6, 'hypersphere', 10, 1.88, 0.0528200997644802, -41.42822589547087, -41.91998063901789, -41.42828781761724]
[7, 'QAOA', 'TFIM', -10, 2, 6, 'hypersphere', 10]
Time to find global minimum: 50.11989760398865

nfev_t/nfev_a: 882/336 = 2.625
[7, 'QAOA', 'TFIM', -10, 2, 6, 'hypersphere', 10, 2.625, 0.36629418466863606, -41.428287743691556, -41.689695819583555, -41.42828781761737]
[7, 'QAOA', 'TFIM', -10, 2, 6, 'hypersphere', 10]
Time to find global minimum: 51.24086308479309

nfev_t/nfev_a: 854/364 = 2.3461538461538463
[7, 'QAOA', 'TFIM', -10, 2, 6, 'hypersphere', 10, 2.3461538461538463, 0.9920591409215636, -41.649207882869966, -41.68969581958253, -41.68969581958238]
[7, 'QAOA', 'TFIM', -10, 2, 6, 'hypersphere', 10]
Time to find global minimum: 49.31660223007202

nfev_t/nfev_a: 826/378 = 2.185185185185185
[7, 'QAOA', 'TFIM', -10, 2, 6, 'hypersphere', 10, 2.185185185185185, 0.02169095068035519, -41.60590299549702, -41.55908081236894, -41.689695819583925]
[7, 'QAOA', 'TFIM', -10, 2, 6, 'hypersphere', 10]
Time to find global minimum: 46.6141881942749

nfev_t/nfev_a: 798/420 = 1.9
[7, 'QAOA', 'TFIM', -10, 2, 6, 'hypersphere', 10, 1.9, 0.9999997847224372, -41.68969218932895, -41.68969581958379, -41.68969581958376]
[7, 'QAOA', 'TFIM', -10, 2, 6, 'hypersphere', 10]
Time to find global minimum: 39.12303853034973

nfev_t/nfev_a: 714/364 = 1.9615384615384615
[7, 'QAOA', 'TFIM', -10, 2, 6, 'hypersphere', 10, 1.9615384615384615, 0.6673633929361223, -41.9198929460602, -41.55908081236937, -41.91998063902062]
[7, 'QAOA', 'TFIM', -10, 2, 6, 'hypersphere', 10]
Time to find global minimum: 51.63062620162964

nfev_t/nfev_a: 924/350 = 2.64
[7, 'QAOA', 'TFIM', -10, 2, 6, 'hypersphere', 10, 2.64, 0.9999992096803209, -41.68968582662819, -41.68969581958221, -41.689695819583676]
[7, 'QAOA', 'TFIM', -10, 2, 6, 'hypersphere', 10]
Time to find global minimum: 40.72672367095947

nfev_t/nfev_a: 714/364 = 1.9615384615384615
[7, 'QAOA', 'TFIM', -10, 2, 6, 'hypersphere', 10, 1.9615384615384615, 0.006628500393903818, -41.591856409587116, -41.5590808123691, -41.689695819582184]
[7, 'QAOA', 'TFIM', -10, 2, 6, 'hypersphere', 10]
Time to find global minimum: 30.24237847328186

nfev_t/nfev_a: 588/308 = 1.9090909090909092
[7, 'QAOA', 'TFIM', -10, 2, 6, 'hypersphere', 10, 1.9090909090909092, 0.6621560818663731, -41.91697690027256, -41.559080812368784, -41.919980639020665]
[7, 'QAOA', 'TFIM', -10, 2, 6, 'hypersphere', 10]
Time to find global minimum: 45.31004810333252

nfev_t/nfev_a: 798/364 = 2.1923076923076925
[7, 'QAOA', 'TFIM', -10, 2, 6, 'hypersphere', 10, 2.1923076923076925, 0.3663038357411972, -41.42828771866058, -41.68969581958325, -41.42828781761939]
[7, 'QAOA', 'TFIM', -10, 2, 6, 'hypersphere', 10]
Time to find global minimum: 38.05302667617798

nfev_t/nfev_a: 658/406 = 1.6206896551724137
[7, 'QAOA', 'TFIM', -10, 2, 6, 'hypersphere', 10, 1.6206896551724137, 0.019341377529885125, -41.55907164746761, -41.68969581957537, -41.559080812369096]
[7, 'QAOA', 'TFIM', -10, 2, 6, 'hypersphere', 10]
Time to find global minimum: 53.405174016952515

  0%|          | 0/20 [00:00<?, ?it/s]  5%|▌         | 1/20 [13:26<4:15:32, 807.00s/it] 10%|█         | 2/20 [26:30<3:57:56, 793.11s/it] 15%|█▌        | 3/20 [40:59<3:54:36, 828.00s/it] 20%|██        | 4/20 [52:41<3:27:30, 778.18s/it] 25%|██▌       | 5/20 [1:07:54<3:26:42, 826.81s/it] 30%|███       | 6/20 [1:21:29<3:11:56, 822.61s/it] 35%|███▌      | 7/20 [1:35:43<3:00:29, 833.05s/it] 40%|████      | 8/20 [1:47:42<2:39:20, 796.67s/it] 45%|████▌     | 9/20 [2:00:51<2:25:36, 794.23s/it] 50%|█████     | 10/20 [2:15:01<2:15:14, 811.42s/it] 55%|█████▌    | 11/20 [2:25:46<1:54:03, 760.42s/it] 60%|██████    | 12/20 [2:38:14<1:40:53, 756.66s/it] 65%|██████▌   | 13/20 [2:51:34<1:29:49, 769.87s/it]slurmstepd: error: *** STEP 10317255.0 ON r31n5 CANCELLED AT 2022-11-24T00:07:10 DUE TO TIME LIMIT ***
srun: Job step aborted: Waiting up to 32 seconds for job step to finish.
slurmstepd: error: *** JOB 10317255 ON r31n5 CANCELLED AT 2022-11-24T00:07:10 DUE TO TIME LIMIT ***
srun: error: r31n5: task 0: Terminated
