[8, 'QAOA', 'TFIM', -10, 2, 6, 'hypersphere', 10]
Time to find global minimum: 265.85832262039185

nfev_t/nfev_a: 800/480 = 1.6666666666666667
[8, 'QAOA', 'TFIM', -10, 2, 6, 'hypersphere', 10, 1.6666666666666667, 1.7434412909347908e-12, -50.75933413311158, -50.63082914066082, -50.75934116789928]
[8, 'QAOA', 'TFIM', -10, 2, 6, 'hypersphere', 10]
Time to find global minimum: 532.6830406188965

nfev_t/nfev_a: 1488/528 = 2.8181818181818183
[8, 'QAOA', 'TFIM', -10, 2, 6, 'hypersphere', 10, 2.8181818181818183, 0.7933959834432308, -50.75931710497123, -50.75934116789908, -50.75934116789564]
[8, 'QAOA', 'TFIM', -10, 2, 6, 'hypersphere', 10]
Time to find global minimum: 371.6950316429138

nfev_t/nfev_a: 1136/496 = 2.2903225806451615
[8, 'QAOA', 'TFIM', -10, 2, 6, 'hypersphere', 10, 2.2903225806451615, 0.9999999994206838, -50.630829114496066, -50.63082914066255, -50.63082914066427]
[8, 'QAOA', 'TFIM', -10, 2, 6, 'hypersphere', 10]
Time to find global minimum: 216.50015711784363

nfev_t/nfev_a: 608/464 = 1.3103448275862069
[8, 'QAOA', 'TFIM', -10, 2, 6, 'hypersphere', 10, 1.3103448275862069, 0.9999999108414214, -50.7593371650211, -50.759341167897986, -50.75934116789542]
[8, 'QAOA', 'TFIM', -10, 2, 6, 'hypersphere', 10]
Time to find global minimum: 314.70708560943604

nfev_t/nfev_a: 944/208 = 4.538461538461538
[8, 'QAOA', 'TFIM', -10, 2, 6, 'hypersphere', 10, 4.538461538461538, 0.9999999990391014, -50.919134890475924, -50.91913495072929, -50.919134950727766]
[8, 'QAOA', 'TFIM', -10, 2, 6, 'hypersphere', 10]
Time to find global minimum: 358.31241178512573

nfev_t/nfev_a: 1056/496 = 2.129032258064516
[8, 'QAOA', 'TFIM', -10, 2, 6, 'hypersphere', 10, 2.129032258064516, 0.649531540770129, -50.49456364834765, -50.75934116789926, -50.630829140665114]
[8, 'QAOA', 'TFIM', -10, 2, 6, 'hypersphere', 10]
Time to find global minimum: 451.628470659256

nfev_t/nfev_a: 1168/320 = 3.65
[8, 'QAOA', 'TFIM', -10, 2, 6, 'hypersphere', 10, 3.65, 0.9999999892890294, -50.75934067119978, -50.7593411678978, -50.759341167895904]
[8, 'QAOA', 'TFIM', -10, 2, 6, 'hypersphere', 10]
Time to find global minimum: 314.56906032562256

nfev_t/nfev_a: 976/736 = 1.326086956521739
[8, 'QAOA', 'TFIM', -10, 2, 6, 'hypersphere', 10, 1.326086956521739, 0.7498434902260716, -47.67952617590346, -50.759341167899066, -50.75934116789885]
[8, 'QAOA', 'TFIM', -10, 2, 6, 'hypersphere', 10]
Time to find global minimum: 195.7298080921173

nfev_t/nfev_a: 560/576 = 0.9722222222222222
[8, 'QAOA', 'TFIM', -10, 2, 6, 'hypersphere', 10, 0.9722222222222222, 0.8863608946468531, -46.90679492776877, -50.75934116789764, -50.75934116789776]
[8, 'QAOA', 'TFIM', -10, 2, 6, 'hypersphere', 10]
Time to find global minimum: 253.2163143157959

nfev_t/nfev_a: 752/528 = 1.4242424242424243
[8, 'QAOA', 'TFIM', -10, 2, 6, 'hypersphere', 10, 1.4242424242424243, 0.7371056844988413, -50.75932622702713, -50.630829140665654, -50.75934116789909]
[8, 'QAOA', 'TFIM', -10, 2, 6, 'hypersphere', 10]
Time to find global minimum: 300.17544889450073

srun: Job step aborted: Waiting up to 32 seconds for job step to finish.
  0%|          | 0/12 [00:00<?, ?it/s]  8%|▊         | 1/12 [1:01:42<11:18:51, 3702.83s/it] 17%|█▋        | 2/12 [1:57:39<9:43:09, 3498.99s/it]  25%|██▌       | 3/12 [2:40:34<7:41:33, 3077.02s/it] 33%|███▎      | 4/12 [3:25:22<6:29:49, 2923.64s/it] 42%|████▏     | 5/12 [4:17:33<5:49:48, 2998.38s/it] 50%|█████     | 6/12 [5:12:02<5:09:03, 3090.57s/it] 58%|█████▊    | 7/12 [6:10:41<4:29:11, 3230.35s/it] 67%|██████▋   | 8/12 [7:20:06<3:55:11, 3527.97s/it] 75%|███████▌  | 9/12 [8:15:46<2:53:27, 3469.18s/it] 83%|████████▎ | 10/12 [9:12:20<1:54:52, 3446.11s/it]slurmstepd: error: *** STEP 10317697.0 ON r31n6 CANCELLED AT 2022-11-24T08:27:41 DUE TO TIME LIMIT ***
slurmstepd: error: *** JOB 10317697 ON r31n6 CANCELLED AT 2022-11-24T08:27:41 DUE TO TIME LIMIT ***
