[4, 'QAOA', 'TFIM', -1, 4, 4, 'hypersphere', 10]
Time to find local minimum: 8.829091548919678

func:'s_dict'  took: 1.1502 sec
[1 1 1 2 2 2 2 2 2 2 2 2 2 2]
K_i: [2 2 2 2 2 2 2 2 2 2 2 2 2 2]
K_path: [[1, 1, 1, 2, 2, 2, 2, 2, 2, 2, 2, 2, 2, 2]]
func:'s_dict'  took: 0.0253 sec
[2 2 2 2 2 2 2 2 2 2 2 2 2 2]
K_i: [3 3 3 2 2 2 2 2 2 2 2 2 2 2]
K_path: [[1, 1, 1, 2, 2, 2, 2, 2, 2, 2, 2, 2, 2, 2], [2, 2, 2, 2, 2, 2, 2, 2, 2, 2, 2, 2, 2, 2]]
func:'s_dict'  took: 0.0316 sec
[3 3 3 2 2 2 2 2 2 2 2 2 2 2]
K_i: [3 3 3 2 2 2 2 2 2 2 2 2 2 2]
K_path: [[1, 1, 1, 2, 2, 2, 2, 2, 2, 2, 2, 2, 2, 2], [2, 2, 2, 2, 2, 2, 2, 2, 2, 2, 2, 2, 2, 2], [3, 3, 3, 2, 2, 2, 2, 2, 2, 2, 2, 2, 2, 2]]
K_i: [2 2 2 3 3 3 3 3 3 3 2 2 2 2]
K_path: [[1, 1, 1, 2, 2, 2, 2, 2, 2, 2, 2, 2, 2, 2], [2, 2, 2, 2, 2, 2, 2, 2, 2, 2, 2, 2, 2, 2], [3, 3, 3, 2, 2, 2, 2, 2, 2, 2, 2, 2, 2, 2]]
func:'s_dict'  took: 0.0326 sec
[2 2 2 3 3 3 3 3 3 3 2 2 2 2]
K_i: [3 3 3 2 2 2 2 2 2 2 2 2 2 2]
K_path: [[1, 1, 1, 2, 2, 2, 2, 2, 2, 2, 2, 2, 2, 2], [2, 2, 2, 2, 2, 2, 2, 2, 2, 2, 2, 2, 2, 2], [3, 3, 3, 2, 2, 2, 2, 2, 2, 2, 2, 2, 2, 2], [2, 2, 2, 3, 3, 3, 3, 3, 3, 3, 2, 2, 2, 2]]
K_i: [2 2 2 3 3 3 3 3 3 3 2 2 2 2]
K_path: [[1, 1, 1, 2, 2, 2, 2, 2, 2, 2, 2, 2, 2, 2], [2, 2, 2, 2, 2, 2, 2, 2, 2, 2, 2, 2, 2, 2], [3, 3, 3, 2, 2, 2, 2, 2, 2, 2, 2, 2, 2, 2], [2, 2, 2, 3, 3, 3, 3, 3, 3, 3, 2, 2, 2, 2]]
K_i: [2 2 2 2 2 2 2 2 2 2 3 3 3 3]
K_path: [[1, 1, 1, 2, 2, 2, 2, 2, 2, 2, 2, 2, 2, 2], [2, 2, 2, 2, 2, 2, 2, 2, 2, 2, 2, 2, 2, 2], [3, 3, 3, 2, 2, 2, 2, 2, 2, 2, 2, 2, 2, 2], [2, 2, 2, 3, 3, 3, 3, 3, 3, 3, 2, 2, 2, 2]]
func:'s_dict'  took: 0.0252 sec
[2 2 2 2 2 2 2 2 2 2 3 3 3 3]
K_i: [3 3 3 2 2 2 2 2 2 2 2 2 2 2]
K_path: [[1, 1, 1, 2, 2, 2, 2, 2, 2, 2, 2, 2, 2, 2], [2, 2, 2, 2, 2, 2, 2, 2, 2, 2, 2, 2, 2, 2], [3, 3, 3, 2, 2, 2, 2, 2, 2, 2, 2, 2, 2, 2], [2, 2, 2, 3, 3, 3, 3, 3, 3, 3, 2, 2, 2, 2], [2, 2, 2, 2, 2, 2, 2, 2, 2, 2, 3, 3, 3, 3]]
K_i: [2 2 2 3 3 3 3 3 3 3 2 2 2 2]
K_path: [[1, 1, 1, 2, 2, 2, 2, 2, 2, 2, 2, 2, 2, 2], [2, 2, 2, 2, 2, 2, 2, 2, 2, 2, 2, 2, 2, 2], [3, 3, 3, 2, 2, 2, 2, 2, 2, 2, 2, 2, 2, 2], [2, 2, 2, 3, 3, 3, 3, 3, 3, 3, 2, 2, 2, 2], [2, 2, 2, 2, 2, 2, 2, 2, 2, 2, 3, 3, 3, 3]]
K_i: [2 2 2 2 2 2 2 2 2 2 3 3 3 3]
K_path: [[1, 1, 1, 2, 2, 2, 2, 2, 2, 2, 2, 2, 2, 2], [2, 2, 2, 2, 2, 2, 2, 2, 2, 2, 2, 2, 2, 2], [3, 3, 3, 2, 2, 2, 2, 2, 2, 2, 2, 2, 2, 2], [2, 2, 2, 3, 3, 3, 3, 3, 3, 3, 2, 2, 2, 2], [2, 2, 2, 2, 2, 2, 2, 2, 2, 2, 3, 3, 3, 3]]
K_i: [2 2 2 2 2 2 2 2 2 2 2 2 2 2]
K_path: [[1, 1, 1, 2, 2, 2, 2, 2, 2, 2, 2, 2, 2, 2], [2, 2, 2, 2, 2, 2, 2, 2, 2, 2, 2, 2, 2, 2], [3, 3, 3, 2, 2, 2, 2, 2, 2, 2, 2, 2, 2, 2], [2, 2, 2, 3, 3, 3, 3, 3, 3, 3, 2, 2, 2, 2], [2, 2, 2, 2, 2, 2, 2, 2, 2, 2, 3, 3, 3, 3]]
K_i: [1 1 1 2 2 2 2 2 2 2 1 1 1 1]
K_path: [[1, 1, 1, 2, 2, 2, 2, 2, 2, 2, 2, 2, 2, 2], [2, 2, 2, 2, 2, 2, 2, 2, 2, 2, 2, 2, 2, 2], [3, 3, 3, 2, 2, 2, 2, 2, 2, 2, 2, 2, 2, 2], [2, 2, 2, 3, 3, 3, 3, 3, 3, 3, 2, 2, 2, 2], [2, 2, 2, 2, 2, 2, 2, 2, 2, 2, 3, 3, 3, 3]]
func:'s_dict'  took: 0.0268 sec
[1 1 1 2 2 2 2 2 2 2 1 1 1 1]
K_i: [2 2 2 2 2 2 2 2 2 2 2 2 2 2]
K_path: [[1, 1, 1, 2, 2, 2, 2, 2, 2, 2, 2, 2, 2, 2], [2, 2, 2, 2, 2, 2, 2, 2, 2, 2, 2, 2, 2, 2], [3, 3, 3, 2, 2, 2, 2, 2, 2, 2, 2, 2, 2, 2], [2, 2, 2, 3, 3, 3, 3, 3, 3, 3, 2, 2, 2, 2], [2, 2, 2, 2, 2, 2, 2, 2, 2, 2, 3, 3, 3, 3], [1, 1, 1, 2, 2, 2, 2, 2, 2, 2, 1, 1, 1, 1]]
K_i: [1 1 1 2 2 2 2 2 2 2 1 1 1 1]
K_path: [[1, 1, 1, 2, 2, 2, 2, 2, 2, 2, 2, 2, 2, 2], [2, 2, 2, 2, 2, 2, 2, 2, 2, 2, 2, 2, 2, 2], [3, 3, 3, 2, 2, 2, 2, 2, 2, 2, 2, 2, 2, 2], [2, 2, 2, 3, 3, 3, 3, 3, 3, 3, 2, 2, 2, 2], [2, 2, 2, 2, 2, 2, 2, 2, 2, 2, 3, 3, 3, 3], [1, 1, 1, 2, 2, 2, 2, 2, 2, 2, 1, 1, 1, 1]]
nfev_t/nfev_a: 274/199 = 1.3768844221105527
func:'find_K'  took: 18.7428 sec
[4, 'QAOA', 'TFIM', -1, 4, 4, 'hypersphere', 10, 1.3768844221105527, 0.5737541283020655, -4.650256500345859, -2.296528920531273, -4.650459319353104]
[4, 'QAOA', 'TFIM', -1, 4, 4, 'hypersphere', 10]
Time to find local minimum: 7.378170490264893

func:'s_dict'  took: 0.0202 sec
[2 2 2 0 0 0 0 0 0 0 3 3 3 3]
K_i: [1 1 1 0 0 0 0 0 0 0 0 0 0 0]
K_path: [[2, 2, 2, 0, 0, 0, 0, 0, 0, 0, 3, 3, 3, 3]]
func:'s_dict'  took: 0.0216 sec
[1 1 1 0 0 0 0 0 0 0 0 0 0 0]
K_i: [1 1 1 0 0 0 0 0 0 0 0 0 0 0]
K_path: [[2, 2, 2, 0, 0, 0, 0, 0, 0, 0, 3, 3, 3, 3], [1, 1, 1, 0, 0, 0, 0, 0, 0, 0, 0, 0, 0, 0]]
K_i: [2 2 2 1 1 1 1 1 1 1 0 0 0 0]
K_path: [[2, 2, 2, 0, 0, 0, 0, 0, 0, 0, 3, 3, 3, 3], [1, 1, 1, 0, 0, 0, 0, 0, 0, 0, 0, 0, 0, 0]]
func:'s_dict'  took: 0.0253 sec
[2 2 2 1 1 1 1 1 1 1 0 0 0 0]
K_i: [1 1 1 0 0 0 0 0 0 0 0 0 0 0]
K_path: [[2, 2, 2, 0, 0, 0, 0, 0, 0, 0, 3, 3, 3, 3], [1, 1, 1, 0, 0, 0, 0, 0, 0, 0, 0, 0, 0, 0], [2, 2, 2, 1, 1, 1, 1, 1, 1, 1, 0, 0, 0, 0]]
K_i: [2 2 2 1 1 1 1 1 1 1 0 0 0 0]
K_path: [[2, 2, 2, 0, 0, 0, 0, 0, 0, 0, 3, 3, 3, 3], [1, 1, 1, 0, 0, 0, 0, 0, 0, 0, 0, 0, 0, 0], [2, 2, 2, 1, 1, 1, 1, 1, 1, 1, 0, 0, 0, 0]]
K_i: [ 2  2  2  0  0  0  0  0  0  0 -1 -1 -1 -1]
K_path: [[2, 2, 2, 0, 0, 0, 0, 0, 0, 0, 3, 3, 3, 3], [1, 1, 1, 0, 0, 0, 0, 0, 0, 0, 0, 0, 0, 0], [2, 2, 2, 1, 1, 1, 1, 1, 1, 1, 0, 0, 0, 0]]
func:'s_dict'  took: 0.0187 sec
[ 2  2  2  0  0  0  0  0  0  0 -1 -1 -1 -1]
K_i: [3 3 3 0 0 0 0 0 0 0 0 0 0 0]
K_path: [[2, 2, 2, 0, 0, 0, 0, 0, 0, 0, 3, 3, 3, 3], [1, 1, 1, 0, 0, 0, 0, 0, 0, 0, 0, 0, 0, 0], [2, 2, 2, 1, 1, 1, 1, 1, 1, 1, 0, 0, 0, 0], [2, 2, 2, 0, 0, 0, 0, 0, 0, 0, 3, 3, 3, 3]]
func:'s_dict'  took: 0.0248 sec
[3 3 3 0 0 0 0 0 0 0 0 0 0 0]
K_i: [3 3 3 0 0 0 0 0 0 0 0 0 0 0]
K_path: [[2, 2, 2, 0, 0, 0, 0, 0, 0, 0, 3, 3, 3, 3], [1, 1, 1, 0, 0, 0, 0, 0, 0, 0, 0, 0, 0, 0], [2, 2, 2, 1, 1, 1, 1, 1, 1, 1, 0, 0, 0, 0], [2, 2, 2, 0, 0, 0, 0, 0, 0, 0, 3, 3, 3, 3], [3, 3, 3, 0, 0, 0, 0, 0, 0, 0, 0, 0, 0, 0]]
K_i: [2 2 2 1 1 1 1 1 1 1 0 0 0 0]
K_path: [[2, 2, 2, 0, 0, 0, 0, 0, 0, 0, 3, 3, 3, 3], [1, 1, 1, 0, 0, 0, 0, 0, 0, 0, 0, 0, 0, 0], [2, 2, 2, 1, 1, 1, 1, 1, 1, 1, 0, 0, 0, 0], [2, 2, 2, 0, 0, 0, 0, 0, 0, 0, 3, 3, 3, 3], [3, 3, 3, 0, 0, 0, 0, 0, 0, 0, 0, 0, 0, 0]]
K_i: [2 2 2 0 0 0 0 0 0 0 1 1 1 1]
K_path: [[2, 2, 2, 0, 0, 0, 0, 0, 0, 0, 3, 3, 3, 3], [1, 1, 1, 0, 0, 0, 0, 0, 0, 0, 0, 0, 0, 0], [2, 2, 2, 1, 1, 1, 1, 1, 1, 1, 0, 0, 0, 0], [2, 2, 2, 0, 0, 0, 0, 0, 0, 0, 3, 3, 3, 3], [3, 3, 3, 0, 0, 0, 0, 0, 0, 0, 0, 0, 0, 0]]
func:'s_dict'  took: 0.0186 sec
[2 2 2 0 0 0 0 0 0 0 1 1 1 1]
K_i: [3 3 3 0 0 0 0 0 0 0 0 0 0 0]
K_path: [[2, 2, 2, 0, 0, 0, 0, 0, 0, 0, 3, 3, 3, 3], [1, 1, 1, 0, 0, 0, 0, 0, 0, 0, 0, 0, 0, 0], [2, 2, 2, 1, 1, 1, 1, 1, 1, 1, 0, 0, 0, 0], [2, 2, 2, 0, 0, 0, 0, 0, 0, 0, 3, 3, 3, 3], [3, 3, 3, 0, 0, 0, 0, 0, 0, 0, 0, 0, 0, 0], [2, 2, 2, 0, 0, 0, 0, 0, 0, 0, 1, 1, 1, 1]]
K_i: [2 2 2 1 1 1 1 1 1 1 0 0 0 0]
K_path: [[2, 2, 2, 0, 0, 0, 0, 0, 0, 0, 3, 3, 3, 3], [1, 1, 1, 0, 0, 0, 0, 0, 0, 0, 0, 0, 0, 0], [2, 2, 2, 1, 1, 1, 1, 1, 1, 1, 0, 0, 0, 0], [2, 2, 2, 0, 0, 0, 0, 0, 0, 0, 3, 3, 3, 3], [3, 3, 3, 0, 0, 0, 0, 0, 0, 0, 0, 0, 0, 0], [2, 2, 2, 0, 0, 0, 0, 0, 0, 0, 1, 1, 1, 1]]
K_i: [2 2 2 0 0 0 0 0 0 0 1 1 1 1]
K_path: [[2, 2, 2, 0, 0, 0, 0, 0, 0, 0, 3, 3, 3, 3], [1, 1, 1, 0, 0, 0, 0, 0, 0, 0, 0, 0, 0, 0], [2, 2, 2, 1, 1, 1, 1, 1, 1, 1, 0, 0, 0, 0], [2, 2, 2, 0, 0, 0, 0, 0, 0, 0, 3, 3, 3, 3], [3, 3, 3, 0, 0, 0, 0, 0, 0, 0, 0, 0, 0, 0], [2, 2, 2, 0, 0, 0, 0, 0, 0, 0, 1, 1, 1, 1]]
K_i: [2 2 2 0 0 0 0 0 0 0 0 0 0 0]
K_path: [[2, 2, 2, 0, 0, 0, 0, 0, 0, 0, 3, 3, 3, 3], [1, 1, 1, 0, 0, 0, 0, 0, 0, 0, 0, 0, 0, 0], [2, 2, 2, 1, 1, 1, 1, 1, 1, 1, 0, 0, 0, 0], [2, 2, 2, 0, 0, 0, 0, 0, 0, 0, 3, 3, 3, 3], [3, 3, 3, 0, 0, 0, 0, 0, 0, 0, 0, 0, 0, 0], [2, 2, 2, 0, 0, 0, 0, 0, 0, 0, 1, 1, 1, 1]]
func:'s_dict'  took: 0.0181 sec
[2 2 2 0 0 0 0 0 0 0 0 0 0 0]
K_i: [3 3 3 0 0 0 0 0 0 0 0 0 0 0]
K_path: [[2, 2, 2, 0, 0, 0, 0, 0, 0, 0, 3, 3, 3, 3], [1, 1, 1, 0, 0, 0, 0, 0, 0, 0, 0, 0, 0, 0], [2, 2, 2, 1, 1, 1, 1, 1, 1, 1, 0, 0, 0, 0], [2, 2, 2, 0, 0, 0, 0, 0, 0, 0, 3, 3, 3, 3], [3, 3, 3, 0, 0, 0, 0, 0, 0, 0, 0, 0, 0, 0], [2, 2, 2, 0, 0, 0, 0, 0, 0, 0, 1, 1, 1, 1], [2, 2, 2, 0, 0, 0, 0, 0, 0, 0, 0, 0, 0, 0]]
K_i: [2 2 2 1 1 1 1 1 1 1 0 0 0 0]
K_path: [[2, 2, 2, 0, 0, 0, 0, 0, 0, 0, 3, 3, 3, 3], [1, 1, 1, 0, 0, 0, 0, 0, 0, 0, 0, 0, 0, 0], [2, 2, 2, 1, 1, 1, 1, 1, 1, 1, 0, 0, 0, 0], [2, 2, 2, 0, 0, 0, 0, 0, 0, 0, 3, 3, 3, 3], [3, 3, 3, 0, 0, 0, 0, 0, 0, 0, 0, 0, 0, 0], [2, 2, 2, 0, 0, 0, 0, 0, 0, 0, 1, 1, 1, 1], [2, 2, 2, 0, 0, 0, 0, 0, 0, 0, 0, 0, 0, 0]]
K_i: [2 2 2 0 0 0 0 0 0 0 1 1 1 1]
K_path: [[2, 2, 2, 0, 0, 0, 0, 0, 0, 0, 3, 3, 3, 3], [1, 1, 1, 0, 0, 0, 0, 0, 0, 0, 0, 0, 0, 0], [2, 2, 2, 1, 1, 1, 1, 1, 1, 1, 0, 0, 0, 0], [2, 2, 2, 0, 0, 0, 0, 0, 0, 0, 3, 3, 3, 3], [3, 3, 3, 0, 0, 0, 0, 0, 0, 0, 0, 0, 0, 0], [2, 2, 2, 0, 0, 0, 0, 0, 0, 0, 1, 1, 1, 1], [2, 2, 2, 0, 0, 0, 0, 0, 0, 0, 0, 0, 0, 0]]
K_i: [2 2 2 0 0 0 0 0 0 0 0 0 0 0]
K_path: [[2, 2, 2, 0, 0, 0, 0, 0, 0, 0, 3, 3, 3, 3], [1, 1, 1, 0, 0, 0, 0, 0, 0, 0, 0, 0, 0, 0], [2, 2, 2, 1, 1, 1, 1, 1, 1, 1, 0, 0, 0, 0], [2, 2, 2, 0, 0, 0, 0, 0, 0, 0, 3, 3, 3, 3], [3, 3, 3, 0, 0, 0, 0, 0, 0, 0, 0, 0, 0, 0], [2, 2, 2, 0, 0, 0, 0, 0, 0, 0, 1, 1, 1, 1], [2, 2, 2, 0, 0, 0, 0, 0, 0, 0, 0, 0, 0, 0]]
K_i: [3 3 3 0 0 0 0 0 0 0 0 0 0 0]
K_path: [[2, 2, 2, 0, 0, 0, 0, 0, 0, 0, 3, 3, 3, 3], [1, 1, 1, 0, 0, 0, 0, 0, 0, 0, 0, 0, 0, 0], [2, 2, 2, 1, 1, 1, 1, 1, 1, 1, 0, 0, 0, 0], [2, 2, 2, 0, 0, 0, 0, 0, 0, 0, 3, 3, 3, 3], [3, 3, 3, 0, 0, 0, 0, 0, 0, 0, 0, 0, 0, 0], [2, 2, 2, 0, 0, 0, 0, 0, 0, 0, 1, 1, 1, 1], [2, 2, 2, 0, 0, 0, 0, 0, 0, 0, 0, 0, 0, 0]]
K_i: [2 2 2 1 1 1 1 1 1 1 0 0 0 0]
K_path: [[2, 2, 2, 0, 0, 0, 0, 0, 0, 0, 3, 3, 3, 3], [1, 1, 1, 0, 0, 0, 0, 0, 0, 0, 0, 0, 0, 0], [2, 2, 2, 1, 1, 1, 1, 1, 1, 1, 0, 0, 0, 0], [2, 2, 2, 0, 0, 0, 0, 0, 0, 0, 3, 3, 3, 3], [3, 3, 3, 0, 0, 0, 0, 0, 0, 0, 0, 0, 0, 0], [2, 2, 2, 0, 0, 0, 0, 0, 0, 0, 1, 1, 1, 1], [2, 2, 2, 0, 0, 0, 0, 0, 0, 0, 0, 0, 0, 0]]
K_i: [2 2 2 0 0 0 0 0 0 0 1 1 1 1]
K_path: [[2, 2, 2, 0, 0, 0, 0, 0, 0, 0, 3, 3, 3, 3], [1, 1, 1, 0, 0, 0, 0, 0, 0, 0, 0, 0, 0, 0], [2, 2, 2, 1, 1, 1, 1, 1, 1, 1, 0, 0, 0, 0], [2, 2, 2, 0, 0, 0, 0, 0, 0, 0, 3, 3, 3, 3], [3, 3, 3, 0, 0, 0, 0, 0, 0, 0, 0, 0, 0, 0], [2, 2, 2, 0, 0, 0, 0, 0, 0, 0, 1, 1, 1, 1], [2, 2, 2, 0, 0, 0, 0, 0, 0, 0, 0, 0, 0, 0]]
K_i: [2 2 2 0 0 0 0 0 0 0 0 0 0 0]
K_path: [[2, 2, 2, 0, 0, 0, 0, 0, 0, 0, 3, 3, 3, 3], [1, 1, 1, 0, 0, 0, 0, 0, 0, 0, 0, 0, 0, 0], [2, 2, 2, 1, 1, 1, 1, 1, 1, 1, 0, 0, 0, 0], [2, 2, 2, 0, 0, 0, 0, 0, 0, 0, 3, 3, 3, 3], [3, 3, 3, 0, 0, 0, 0, 0, 0, 0, 0, 0, 0, 0], [2, 2, 2, 0, 0, 0, 0, 0, 0, 0, 1, 1, 1, 1], [2, 2, 2, 0, 0, 0, 0, 0, 0, 0, 0, 0, 0, 0]]
K_i: [1 1 1 0 0 0 0 0 0 0 0 0 0 0]
K_path: [[2, 2, 2, 0, 0, 0, 0, 0, 0, 0, 3, 3, 3, 3], [1, 1, 1, 0, 0, 0, 0, 0, 0, 0, 0, 0, 0, 0], [2, 2, 2, 1, 1, 1, 1, 1, 1, 1, 0, 0, 0, 0], [2, 2, 2, 0, 0, 0, 0, 0, 0, 0, 3, 3, 3, 3], [3, 3, 3, 0, 0, 0, 0, 0, 0, 0, 0, 0, 0, 0], [2, 2, 2, 0, 0, 0, 0, 0, 0, 0, 1, 1, 1, 1], [2, 2, 2, 0, 0, 0, 0, 0, 0, 0, 0, 0, 0, 0]]
K_i: [2 2 2 1 1 1 1 1 1 1 0 0 0 0]
K_path: [[2, 2, 2, 0, 0, 0, 0, 0, 0, 0, 3, 3, 3, 3], [1, 1, 1, 0, 0, 0, 0, 0, 0, 0, 0, 0, 0, 0], [2, 2, 2, 1, 1, 1, 1, 1, 1, 1, 0, 0, 0, 0], [2, 2, 2, 0, 0, 0, 0, 0, 0, 0, 3, 3, 3, 3], [3, 3, 3, 0, 0, 0, 0, 0, 0, 0, 0, 0, 0, 0], [2, 2, 2, 0, 0, 0, 0, 0, 0, 0, 1, 1, 1, 1], [2, 2, 2, 0, 0, 0, 0, 0, 0, 0, 0, 0, 0, 0]]
K_i: [ 2  2  2  0  0  0  0  0  0  0 -1 -1 -1 -1]
K_path: [[2, 2, 2, 0, 0, 0, 0, 0, 0, 0, 3, 3, 3, 3], [1, 1, 1, 0, 0, 0, 0, 0, 0, 0, 0, 0, 0, 0], [2, 2, 2, 1, 1, 1, 1, 1, 1, 1, 0, 0, 0, 0], [2, 2, 2, 0, 0, 0, 0, 0, 0, 0, 3, 3, 3, 3], [3, 3, 3, 0, 0, 0, 0, 0, 0, 0, 0, 0, 0, 0], [2, 2, 2, 0, 0, 0, 0, 0, 0, 0, 1, 1, 1, 1], [2, 2, 2, 0, 0, 0, 0, 0, 0, 0, 0, 0, 0, 0]]
nfev_t/nfev_a: 232/187 = 1.2406417112299466
func:'find_K'  took: 17.9771 sec
[4, 'QAOA', 'TFIM', -1, 4, 4, 'hypersphere', 10, 1.2406417112299466, 0.9918814703259589, 0.0038393563563707458, 0.015700633743108483, 0.003839281387627125]
[4, 'QAOA', 'TFIM', -1, 4, 4, 'hypersphere', 10]
Time to find local minimum: 11.52437973022461

func:'s_dict'  took: 0.0150 sec
[0 0 0 0 0 0 0 0 0 0 2 2 2 2]
nfev_t/nfev_a: 362/277 = 1.3068592057761732
func:'find_K'  took: 20.8943 sec
[4, 'QAOA', 'TFIM', -1, 4, 4, 'hypersphere', 10, 1.3068592057761732, 0.9407371074396059, -4.65247513399311, -4.009401915594935, -4.652477473020554]
[4, 'QAOA', 'TFIM', -1, 4, 4, 'hypersphere', 10]
Time to find local minimum: 0.486316442489624

func:'s_dict'  took: 0.0227 sec
[0 0 0 1 1 1 1 1 1 1 3 3 3 3]
K_i: [0 0 0 0 0 0 0 0 0 0 1 1 1 1]
K_path: [[0, 0, 0, 1, 1, 1, 1, 1, 1, 1, 3, 3, 3, 3]]
func:'s_dict'  took: 0.0143 sec
[0 0 0 0 0 0 0 0 0 0 1 1 1 1]
K_i: [0 0 0 0 0 0 0 0 0 0 1 1 1 1]
K_path: [[0, 0, 0, 1, 1, 1, 1, 1, 1, 1, 3, 3, 3, 3], [0, 0, 0, 0, 0, 0, 0, 0, 0, 0, 1, 1, 1, 1]]
K_i: [0 0 0 0 0 0 0 0 0 0 0 0 0 0]
K_path: [[0, 0, 0, 1, 1, 1, 1, 1, 1, 1, 3, 3, 3, 3], [0, 0, 0, 0, 0, 0, 0, 0, 0, 0, 1, 1, 1, 1]]
func:'s_dict'  took: 0.0137 sec
[0 0 0 0 0 0 0 0 0 0 0 0 0 0]
K_i: [1 1 1 0 0 0 0 0 0 0 0 0 0 0]
K_path: [[0, 0, 0, 1, 1, 1, 1, 1, 1, 1, 3, 3, 3, 3], [0, 0, 0, 0, 0, 0, 0, 0, 0, 0, 1, 1, 1, 1], [0, 0, 0, 0, 0, 0, 0, 0, 0, 0, 0, 0, 0, 0]]
func:'s_dict'  took: 0.0204 sec
[1 1 1 0 0 0 0 0 0 0 0 0 0 0]
K_i: [1 1 1 0 0 0 0 0 0 0 0 0 0 0]
K_path: [[0, 0, 0, 1, 1, 1, 1, 1, 1, 1, 3, 3, 3, 3], [0, 0, 0, 0, 0, 0, 0, 0, 0, 0, 1, 1, 1, 1], [0, 0, 0, 0, 0, 0, 0, 0, 0, 0, 0, 0, 0, 0], [1, 1, 1, 0, 0, 0, 0, 0, 0, 0, 0, 0, 0, 0]]
K_i: [0 0 0 1 1 1 1 1 1 1 0 0 0 0]
K_path: [[0, 0, 0, 1, 1, 1, 1, 1, 1, 1, 3, 3, 3, 3], [0, 0, 0, 0, 0, 0, 0, 0, 0, 0, 1, 1, 1, 1], [0, 0, 0, 0, 0, 0, 0, 0, 0, 0, 0, 0, 0, 0], [1, 1, 1, 0, 0, 0, 0, 0, 0, 0, 0, 0, 0, 0]]
func:'s_dict'  took: 0.0210 sec
[0 0 0 1 1 1 1 1 1 1 0 0 0 0]
K_i: [1 1 1 0 0 0 0 0 0 0 0 0 0 0]
K_path: [[0, 0, 0, 1, 1, 1, 1, 1, 1, 1, 3, 3, 3, 3], [0, 0, 0, 0, 0, 0, 0, 0, 0, 0, 1, 1, 1, 1], [0, 0, 0, 0, 0, 0, 0, 0, 0, 0, 0, 0, 0, 0], [1, 1, 1, 0, 0, 0, 0, 0, 0, 0, 0, 0, 0, 0], [0, 0, 0, 1, 1, 1, 1, 1, 1, 1, 0, 0, 0, 0]]
K_i: [0 0 0 1 1 1 1 1 1 1 0 0 0 0]
K_path: [[0, 0, 0, 1, 1, 1, 1, 1, 1, 1, 3, 3, 3, 3], [0, 0, 0, 0, 0, 0, 0, 0, 0, 0, 1, 1, 1, 1], [0, 0, 0, 0, 0, 0, 0, 0, 0, 0, 0, 0, 0, 0], [1, 1, 1, 0, 0, 0, 0, 0, 0, 0, 0, 0, 0, 0], [0, 0, 0, 1, 1, 1, 1, 1, 1, 1, 0, 0, 0, 0]]
K_i: [0 0 0 0 0 0 0 0 0 0 0 0 0 0]
K_path: [[0, 0, 0, 1, 1, 1, 1, 1, 1, 1, 3, 3, 3, 3], [0, 0, 0, 0, 0, 0, 0, 0, 0, 0, 1, 1, 1, 1], [0, 0, 0, 0, 0, 0, 0, 0, 0, 0, 0, 0, 0, 0], [1, 1, 1, 0, 0, 0, 0, 0, 0, 0, 0, 0, 0, 0], [0, 0, 0, 1, 1, 1, 1, 1, 1, 1, 0, 0, 0, 0]]
K_i: [0 0 0 0 0 0 0 0 0 0 1 1 1 1]
K_path: [[0, 0, 0, 1, 1, 1, 1, 1, 1, 1, 3, 3, 3, 3], [0, 0, 0, 0, 0, 0, 0, 0, 0, 0, 1, 1, 1, 1], [0, 0, 0, 0, 0, 0, 0, 0, 0, 0, 0, 0, 0, 0], [1, 1, 1, 0, 0, 0, 0, 0, 0, 0, 0, 0, 0, 0], [0, 0, 0, 1, 1, 1, 1, 1, 1, 1, 0, 0, 0, 0]]
K_i: [0 0 0 0 0 0 0 0 0 0 0 0 0 0]
K_path: [[0, 0, 0, 1, 1, 1, 1, 1, 1, 1, 3, 3, 3, 3], [0, 0, 0, 0, 0, 0, 0, 0, 0, 0, 1, 1, 1, 1], [0, 0, 0, 0, 0, 0, 0, 0, 0, 0, 0, 0, 0, 0], [1, 1, 1, 0, 0, 0, 0, 0, 0, 0, 0, 0, 0, 0], [0, 0, 0, 1, 1, 1, 1, 1, 1, 1, 0, 0, 0, 0]]
K_i: [0 0 0 0 0 0 0 0 0 0 1 1 1 1]
K_path: [[0, 0, 0, 1, 1, 1, 1, 1, 1, 1, 3, 3, 3, 3], [0, 0, 0, 0, 0, 0, 0, 0, 0, 0, 1, 1, 1, 1], [0, 0, 0, 0, 0, 0, 0, 0, 0, 0, 0, 0, 0, 0], [1, 1, 1, 0, 0, 0, 0, 0, 0, 0, 0, 0, 0, 0], [0, 0, 0, 1, 1, 1, 1, 1, 1, 1, 0, 0, 0, 0]]
K_i: [0 0 0 1 1 1 1 1 1 1 0 0 0 0]
K_path: [[0, 0, 0, 1, 1, 1, 1, 1, 1, 1, 3, 3, 3, 3], [0, 0, 0, 0, 0, 0, 0, 0, 0, 0, 1, 1, 1, 1], [0, 0, 0, 0, 0, 0, 0, 0, 0, 0, 0, 0, 0, 0], [1, 1, 1, 0, 0, 0, 0, 0, 0, 0, 0, 0, 0, 0], [0, 0, 0, 1, 1, 1, 1, 1, 1, 1, 0, 0, 0, 0]]
nfev_t/nfev_a: 15/157 = 0.09554140127388536
func:'find_K'  took: 7.6669 sec
[4, 'QAOA', 'TFIM', -1, 4, 4, 'hypersphere', 10, 0.09554140127388536, 0.8853791358377189, -4.652475114551162, -3.5764049887657166, -4.652476251125336]
[4, 'QAOA', 'TFIM', -1, 4, 4, 'hypersphere', 10]
Time to find local minimum: 7.045563220977783

func:'s_dict'  took: 0.0379 sec
[3 3 3 3 3 3 3 3 3 3 1 1 1 1]
K_i: [4 4 4 3 3 3 3 3 3 3 3 3 3 3]
K_path: [[3, 3, 3, 3, 3, 3, 3, 3, 3, 3, 1, 1, 1, 1]]
func:'s_dict'  took: 0.0369 sec
[4 4 4 3 3 3 3 3 3 3 3 3 3 3]
K_i: [5 5 5 3 3 3 3 3 3 3 3 3 3 3]
K_path: [[3, 3, 3, 3, 3, 3, 3, 3, 3, 3, 1, 1, 1, 1], [0, 0, 0, 3, 3, 3, 3, 3, 3, 3, 3, 3, 3, 3]]
func:'s_dict'  took: 0.0416 sec
[5 5 5 3 3 3 3 3 3 3 3 3 3 3]
K_i: [5 5 5 3 3 3 3 3 3 3 3 3 3 3]
K_path: [[3, 3, 3, 3, 3, 3, 3, 3, 3, 3, 1, 1, 1, 1], [0, 0, 0, 3, 3, 3, 3, 3, 3, 3, 3, 3, 3, 3], [1, 1, 1, 3, 3, 3, 3, 3, 3, 3, 3, 3, 3, 3]]
K_i: [4 4 4 4 4 4 4 4 4 4 3 3 3 3]
K_path: [[3, 3, 3, 3, 3, 3, 3, 3, 3, 3, 1, 1, 1, 1], [0, 0, 0, 3, 3, 3, 3, 3, 3, 3, 3, 3, 3, 3], [1, 1, 1, 3, 3, 3, 3, 3, 3, 3, 3, 3, 3, 3]]
func:'s_dict'  took: 0.0358 sec
[4 4 4 4 4 4 4 4 4 4 3 3 3 3]
K_i: [5 5 5 4 4 4 4 4 4 4 4 4 4 4]
K_path: [[3, 3, 3, 3, 3, 3, 3, 3, 3, 3, 1, 1, 1, 1], [0, 0, 0, 3, 3, 3, 3, 3, 3, 3, 3, 3, 3, 3], [1, 1, 1, 3, 3, 3, 3, 3, 3, 3, 3, 3, 3, 3], [0, 0, 0, 0, 0, 0, 0, 0, 0, 0, 3, 3, 3, 3]]
func:'s_dict'  took: 0.0423 sec
[5 5 5 4 4 4 4 4 4 4 4 4 4 4]
K_i: [5 5 5 4 4 4 4 4 4 4 4 4 4 4]
K_path: [[3, 3, 3, 3, 3, 3, 3, 3, 3, 3, 1, 1, 1, 1], [0, 0, 0, 3, 3, 3, 3, 3, 3, 3, 3, 3, 3, 3], [1, 1, 1, 3, 3, 3, 3, 3, 3, 3, 3, 3, 3, 3], [0, 0, 0, 0, 0, 0, 0, 0, 0, 0, 3, 3, 3, 3], [1, 1, 1, 0, 0, 0, 0, 0, 0, 0, 0, 0, 0, 0]]
K_i: [4 4 4 5 5 5 5 5 5 5 4 4 4 4]
K_path: [[3, 3, 3, 3, 3, 3, 3, 3, 3, 3, 1, 1, 1, 1], [0, 0, 0, 3, 3, 3, 3, 3, 3, 3, 3, 3, 3, 3], [1, 1, 1, 3, 3, 3, 3, 3, 3, 3, 3, 3, 3, 3], [0, 0, 0, 0, 0, 0, 0, 0, 0, 0, 3, 3, 3, 3], [1, 1, 1, 0, 0, 0, 0, 0, 0, 0, 0, 0, 0, 0]]
func:'s_dict'  took: 0.0434 sec
[4 4 4 5 5 5 5 5 5 5 4 4 4 4]
K_i: [5 5 5 4 4 4 4 4 4 4 4 4 4 4]
K_path: [[3, 3, 3, 3, 3, 3, 3, 3, 3, 3, 1, 1, 1, 1], [0, 0, 0, 3, 3, 3, 3, 3, 3, 3, 3, 3, 3, 3], [1, 1, 1, 3, 3, 3, 3, 3, 3, 3, 3, 3, 3, 3], [0, 0, 0, 0, 0, 0, 0, 0, 0, 0, 3, 3, 3, 3], [1, 1, 1, 0, 0, 0, 0, 0, 0, 0, 0, 0, 0, 0], [0, 0, 0, 1, 1, 1, 1, 1, 1, 1, 0, 0, 0, 0]]
K_i: [4 4 4 5 5 5 5 5 5 5 4 4 4 4]
K_path: [[3, 3, 3, 3, 3, 3, 3, 3, 3, 3, 1, 1, 1, 1], [0, 0, 0, 3, 3, 3, 3, 3, 3, 3, 3, 3, 3, 3], [1, 1, 1, 3, 3, 3, 3, 3, 3, 3, 3, 3, 3, 3], [0, 0, 0, 0, 0, 0, 0, 0, 0, 0, 3, 3, 3, 3], [1, 1, 1, 0, 0, 0, 0, 0, 0, 0, 0, 0, 0, 0], [0, 0, 0, 1, 1, 1, 1, 1, 1, 1, 0, 0, 0, 0]]
K_i: [4 4 4 4 4 4 4 4 4 4 5 5 5 5]
K_path: [[3, 3, 3, 3, 3, 3, 3, 3, 3, 3, 1, 1, 1, 1], [0, 0, 0, 3, 3, 3, 3, 3, 3, 3, 3, 3, 3, 3], [1, 1, 1, 3, 3, 3, 3, 3, 3, 3, 3, 3, 3, 3], [0, 0, 0, 0, 0, 0, 0, 0, 0, 0, 3, 3, 3, 3], [1, 1, 1, 0, 0, 0, 0, 0, 0, 0, 0, 0, 0, 0], [0, 0, 0, 1, 1, 1, 1, 1, 1, 1, 0, 0, 0, 0]]
func:'s_dict'  took: 0.0367 sec
[4 4 4 4 4 4 4 4 4 4 5 5 5 5]
K_i: [4 4 4 4 4 4 4 4 4 4 5 5 5 5]
K_path: [[3, 3, 3, 3, 3, 3, 3, 3, 3, 3, 1, 1, 1, 1], [0, 0, 0, 3, 3, 3, 3, 3, 3, 3, 3, 3, 3, 3], [1, 1, 1, 3, 3, 3, 3, 3, 3, 3, 3, 3, 3, 3], [0, 0, 0, 0, 0, 0, 0, 0, 0, 0, 3, 3, 3, 3], [1, 1, 1, 0, 0, 0, 0, 0, 0, 0, 0, 0, 0, 0], [0, 0, 0, 1, 1, 1, 1, 1, 1, 1, 0, 0, 0, 0], [0, 0, 0, 0, 0, 0, 0, 0, 0, 0, 1, 1, 1, 1]]
func:'s_dict'  took: 0.0361 sec
[4 4 4 4 4 4 4 4 4 4 5 5 5 5]
K_i: [4 4 4 4 4 4 4 4 4 4 5 5 5 5]
K_path: [[3, 3, 3, 3, 3, 3, 3, 3, 3, 3, 1, 1, 1, 1], [0, 0, 0, 3, 3, 3, 3, 3, 3, 3, 3, 3, 3, 3], [1, 1, 1, 3, 3, 3, 3, 3, 3, 3, 3, 3, 3, 3], [0, 0, 0, 0, 0, 0, 0, 0, 0, 0, 3, 3, 3, 3], [1, 1, 1, 0, 0, 0, 0, 0, 0, 0, 0, 0, 0, 0], [0, 0, 0, 1, 1, 1, 1, 1, 1, 1, 0, 0, 0, 0], [0, 0, 0, 0, 0, 0, 0, 0, 0, 0, 1, 1, 1, 1], [0, 0, 0, 0, 0, 0, 0, 0, 0, 0, 1, 1, 1, 1]]
func:'s_dict'  took: 0.0363 sec
[4 4 4 4 4 4 4 4 4 4 5 5 5 5]
K_i: [4 4 4 4 4 4 4 4 4 4 5 5 5 5]
K_path: [[3, 3, 3, 3, 3, 3, 3, 3, 3, 3, 1, 1, 1, 1], [0, 0, 0, 3, 3, 3, 3, 3, 3, 3, 3, 3, 3, 3], [1, 1, 1, 3, 3, 3, 3, 3, 3, 3, 3, 3, 3, 3], [0, 0, 0, 0, 0, 0, 0, 0, 0, 0, 3, 3, 3, 3], [1, 1, 1, 0, 0, 0, 0, 0, 0, 0, 0, 0, 0, 0], [0, 0, 0, 1, 1, 1, 1, 1, 1, 1, 0, 0, 0, 0], [0, 0, 0, 0, 0, 0, 0, 0, 0, 0, 1, 1, 1, 1], [0, 0, 0, 0, 0, 0, 0, 0, 0, 0, 1, 1, 1, 1], [0, 0, 0, 0, 0, 0, 0, 0, 0, 0, 1, 1, 1, 1]]
func:'s_dict'  took: 0.0364 sec
[4 4 4 4 4 4 4 4 4 4 5 5 5 5]
K_i: [4 4 4 4 4 4 4 4 4 4 5 5 5 5]
K_path: [[3, 3, 3, 3, 3, 3, 3, 3, 3, 3, 1, 1, 1, 1], [0, 0, 0, 3, 3, 3, 3, 3, 3, 3, 3, 3, 3, 3], [1, 1, 1, 3, 3, 3, 3, 3, 3, 3, 3, 3, 3, 3], [0, 0, 0, 0, 0, 0, 0, 0, 0, 0, 3, 3, 3, 3], [1, 1, 1, 0, 0, 0, 0, 0, 0, 0, 0, 0, 0, 0], [0, 0, 0, 1, 1, 1, 1, 1, 1, 1, 0, 0, 0, 0], [0, 0, 0, 0, 0, 0, 0, 0, 0, 0, 1, 1, 1, 1], [0, 0, 0, 0, 0, 0, 0, 0, 0, 0, 1, 1, 1, 1], [0, 0, 0, 0, 0, 0, 0, 0, 0, 0, 1, 1, 1, 1], [0, 0, 0, 0, 0, 0, 0, 0, 0, 0, 1, 1, 1, 1]]
nfev_t/nfev_a: 222/182 = 1.2197802197802199
func:'find_K'  took: 16.1871 sec
[4, 'QAOA', 'TFIM', -1, 4, 4, 'hypersphere', 10, 1.2197802197802199, 0.6618112363539168, -4.654311774249029, -2.183840900659561, -4.6543141305446625]
  0%|          | 0/5 [00:00<?, ?it/s] 20%|██        | 1/5 [00:18<01:14, 18.74s/it] 40%|████      | 2/5 [00:36<00:54, 18.29s/it] 60%|██████    | 3/5 [00:57<00:38, 19.48s/it] 80%|████████  | 4/5 [01:05<00:14, 14.82s/it]100%|██████████| 5/5 [01:21<00:00, 15.31s/it]100%|██████████| 5/5 [01:21<00:00, 16.30s/it]
