[6, 'QAOA', 'TFIM', -10, 2, 6, 'hypersphere', 10]
Time to find local minimum: 3.022224187850952

func:'s_dict'  took: 1.1795 sec
[0.01989437 0.01989437 0.01989437 0.01989437 0.01989437 0.01989437
 0.01989437 0.01989437 0.01989437 0.01989437 0.01989437]
Optimization stopped because of boundary condition
func:'s_dict'  took: 0.0314 sec
[5.96431257e+00 6.58746932e-01 7.60057809e-01 5.57361291e+00
 7.89011816e-02 4.75098438e-01 3.92988404e-01 3.35520164e-01
 6.23259343e+00 3.91864932e-03 6.27031899e+00]
Optimization stopped because of boundary condition
func:'s_dict'  took: 0.0313 sec
[4.66525423e-01 6.15653408e+00 7.60057809e-01 5.57361291e+00
 7.89011816e-02 4.75098438e-01 3.92988404e-01 3.35520164e-01
 6.23259343e+00 3.91864932e-03 6.27031899e+00]
Optimization stopped because of boundary condition
func:'s_dict'  took: 0.0293 sec
[4.66525423e-01 6.58746932e-01 6.25784495e+00 5.57361291e+00
 7.89011816e-02 4.75098438e-01 3.92988404e-01 3.35520164e-01
 6.23259343e+00 3.91864932e-03 6.27031899e+00]
Optimization stopped because of boundary condition
func:'s_dict'  took: 0.0322 sec
[4.66525423e-01 6.58746932e-01 7.60057809e-01 7.58257656e-02
 7.89011816e-02 4.75098438e-01 3.92988404e-01 3.35520164e-01
 6.23259343e+00 3.91864932e-03 6.27031899e+00]
Optimization stopped because of boundary condition
func:'s_dict'  took: 0.0300 sec
[4.66525423e-01 6.58746932e-01 7.60057809e-01 5.57361291e+00
 7.89011816e-02 5.97288558e+00 3.92988404e-01 3.35520164e-01
 6.23259343e+00 3.91864932e-03 6.27031899e+00]
Optimization stopped because of boundary condition
func:'s_dict'  took: 0.0305 sec
[4.66525423e-01 6.58746932e-01 7.60057809e-01 5.57361291e+00
 7.89011816e-02 4.75098438e-01 5.89077555e+00 3.35520164e-01
 6.23259343e+00 3.91864932e-03 6.27031899e+00]
Optimization stopped because of boundary condition
nfev_t/nfev_a: 444/372 = 1.1935483870967742
func:'find_K'  took: 10.0112 sec
[6, 'QAOA', 'TFIM', -10, 2, 6, 'hypersphere', 10, 1.1935483870967742, 0.8336563340406259, -33.94519826426055, -40.221465835700975, -40.22146583570216]
[6, 'QAOA', 'TFIM', -10, 2, 6, 'hypersphere', 10]
Time to find local minimum: 6.75803017616272

func:'s_dict'  took: 0.0295 sec
[0.01989437 0.01989437 0.01989437 0.01989437 0.01989437 0.01989437
 0.01989437 0.01989437 0.01989437 0.01989437 0.01989437]
Optimization stopped because of boundary condition
func:'s_dict'  took: 0.0270 sec
[6.83116638e-02 2.93196735e-02 2.63564679e-02 6.27395429e+00
 1.09579331e+00 9.18043391e-02 7.88832456e-01 1.06108649e-01
 5.12352087e-03 1.38327574e-02 6.25075519e+00]
Optimization stopped because of boundary condition
func:'s_dict'  took: 0.0280 sec
[6.83116638e-02 2.93196735e-02 5.52414361e+00 6.27395429e+00
 3.10395148e-01 9.18043391e-02 7.88832456e-01 1.06108649e-01
 5.12352087e-03 1.38327574e-02 6.25075519e+00]
Optimization stopped because of boundary condition
func:'s_dict'  took: 0.0246 sec
[6.83116638e-02 2.93196735e-02 5.52414361e+00 6.27395429e+00
 1.09579331e+00 9.18043391e-02 3.43429287e-03 1.06108649e-01
 5.12352087e-03 1.38327574e-02 6.25075519e+00]
Optimization stopped because of boundary condition
nfev_t/nfev_a: 1176/1188 = 0.98989898989899
func:'find_K'  took: 15.1380 sec
[6, 'QAOA', 'TFIM', -10, 2, 6, 'hypersphere', 10, 0.98989898989899, 0.298812474485325, -27.799965844790336, -40.18147782531484, -40.221465835702126]
[6, 'QAOA', 'TFIM', -10, 2, 6, 'hypersphere', 10]
Time to find local minimum: 3.3146395683288574

func:'s_dict'  took: 0.0254 sec
[0.01989437 0.01989437 0.01989437 0.01989437 0.01989437 0.01989437
 0.01989437 0.01989437 0.01989437 0.01989437 0.01989437]
Optimization stopped because of boundary condition
func:'s_dict'  took: 0.0278 sec
[0.1034897  6.05672226 5.65917933 6.23216233 0.61503101 5.85200298
 0.28664364 0.16940609 5.67408947 6.21258204 0.05627007]
Optimization stopped because of boundary condition
func:'s_dict'  took: 0.0283 sec
[0.1034897  5.2713241  5.65917933 6.23216233 0.61503101 5.85200298
 0.28664364 0.16940609 5.67408947 6.21258204 0.05627007]
Optimization stopped because of boundary condition
func:'s_dict'  took: 0.0286 sec
[0.1034897  4.48592594 5.65917933 6.23216233 0.61503101 5.85200298
 0.28664364 0.16940609 5.67408947 6.21258204 0.05627007]
Optimization stopped because of boundary condition
func:'s_dict'  took: 0.0301 sec
[0.1034897  3.70052777 5.65917933 6.23216233 0.61503101 5.85200298
 0.28664364 0.16940609 5.67408947 6.21258204 0.05627007]
Optimization stopped because of boundary condition
func:'s_dict'  took: 0.0303 sec
[0.1034897  4.48592594 4.87378117 6.23216233 0.61503101 5.85200298
 0.28664364 0.16940609 5.67408947 6.21258204 0.05627007]
Optimization stopped because of boundary condition
func:'s_dict'  took: 0.0317 sec
[0.1034897  3.70052777 4.87378117 6.23216233 0.61503101 5.85200298
 0.28664364 0.16940609 5.67408947 6.21258204 0.05627007]
Optimization stopped because of boundary condition
func:'s_dict'  took: 0.0301 sec
[0.1034897  4.48592594 4.088383   6.23216233 0.61503101 5.85200298
 0.28664364 0.16940609 5.67408947 6.21258204 0.05627007]
Optimization stopped because of boundary condition
func:'s_dict'  took: 0.0327 sec
[0.1034897  4.48592594 4.87378117 5.44676416 0.61503101 5.85200298
 0.28664364 0.16940609 5.67408947 6.21258204 0.05627007]
Optimization stopped because of boundary condition
func:'s_dict'  took: 0.0276 sec
[0.1034897  4.48592594 4.87378117 6.23216233 6.11281815 5.85200298
 0.28664364 0.16940609 5.67408947 6.21258204 0.05627007]
Optimization stopped because of boundary condition
nfev_t/nfev_a: 528/516 = 1.0232558139534884
func:'find_K'  took: 10.4521 sec
[6, 'QAOA', 'TFIM', -10, 2, 6, 'hypersphere', 10, 1.0232558139534884, 0.16728575136828713, -10.7210595566334, -40.22146583570111, -40.18147782531504]
[6, 'QAOA', 'TFIM', -10, 2, 6, 'hypersphere', 10]
Time to find local minimum: 2.68637752532959

func:'s_dict'  took: 0.0316 sec
[0.01989437 0.01989437 0.01989437 0.01989437 0.01989437 0.01989437
 0.01989437 0.01989437 0.01989437 0.01989437 0.01989437]
Optimization stopped because of boundary condition
func:'s_dict'  took: 0.0258 sec
[6.01601770e+00 6.12991161e+00 5.57741726e+00 5.59964153e+00
 6.23829070e+00 6.28006341e+00 2.91045114e-03 6.22551479e+00
 2.61732913e-02 4.15734012e-03 6.27664144e+00]
Optimization stopped because of boundary condition
func:'s_dict'  took: 0.0263 sec
[5.23061954e+00 6.12991161e+00 5.57741726e+00 5.59964153e+00
 6.23829070e+00 6.28006341e+00 2.91045114e-03 6.22551479e+00
 2.61732913e-02 4.15734012e-03 6.27664144e+00]
Optimization stopped because of boundary condition
func:'s_dict'  took: 0.1103 sec
[4.44522137e+00 6.12991161e+00 5.57741726e+00 5.59964153e+00
 6.23829070e+00 6.28006341e+00 2.91045114e-03 6.22551479e+00
 2.61732913e-02 4.15734012e-03 6.27664144e+00]
Optimization stopped because of boundary condition
func:'s_dict'  took: 0.0282 sec
[3.65982321e+00 6.12991161e+00 5.57741726e+00 5.59964153e+00
 6.23829070e+00 6.28006341e+00 2.91045114e-03 6.22551479e+00
 2.61732913e-02 4.15734012e-03 6.27664144e+00]
Optimization stopped because of boundary condition
func:'s_dict'  took: 0.0294 sec
[2.87442505e+00 6.12991161e+00 5.57741726e+00 5.59964153e+00
 6.23829070e+00 6.28006341e+00 2.91045114e-03 6.22551479e+00
 2.61732913e-02 4.15734012e-03 6.27664144e+00]
Optimization stopped because of boundary condition
func:'s_dict'  took: 0.0302 sec
[2.08902688e+00 6.12991161e+00 5.57741726e+00 5.59964153e+00
 6.23829070e+00 6.28006341e+00 2.91045114e-03 6.22551479e+00
 2.61732913e-02 4.15734012e-03 6.27664144e+00]
Optimization stopped because of boundary condition
func:'s_dict'  took: 0.0315 sec
[1.30362872e+00 6.12991161e+00 5.57741726e+00 5.59964153e+00
 6.23829070e+00 6.28006341e+00 2.91045114e-03 6.22551479e+00
 2.61732913e-02 4.15734012e-03 6.27664144e+00]
Optimization stopped because of boundary condition
func:'s_dict'  took: 0.0318 sec
[5.18230557e-01 6.12991161e+00 5.57741726e+00 5.59964153e+00
 6.23829070e+00 6.28006341e+00 2.91045114e-03 6.22551479e+00
 2.61732913e-02 4.15734012e-03 6.27664144e+00]
Optimization stopped because of boundary condition
func:'s_dict'  took: 0.0338 sec
[6.01601770e+00 6.12991161e+00 5.57741726e+00 5.59964153e+00
 6.23829070e+00 6.28006341e+00 2.91045114e-03 6.22551479e+00
 2.61732913e-02 4.15734012e-03 6.27664144e+00]
Optimization stopped because of boundary condition
nfev_t/nfev_a: 504/456 = 1.105263157894737
func:'find_K'  took: 10.8871 sec
[6, 'QAOA', 'TFIM', -10, 2, 6, 'hypersphere', 10, 1.105263157894737, 0.74851709888389, -31.918557469504776, -40.22146583570214, -40.22146583570152]
[6, 'QAOA', 'TFIM', -10, 2, 6, 'hypersphere', 10]
Time to find local minimum: 3.0799262523651123

func:'s_dict'  took: 0.0265 sec
[0.01989437 0.01989437 0.01989437 0.01989437 0.01989437 0.01989437
 0.01989437 0.01989437 0.01989437 0.01989437 0.01989437]
Optimization stopped because of boundary condition
func:'s_dict'  took: 0.0277 sec
[6.17068162 5.98656338 0.1378226  1.13579093 0.78075543 0.04921191
 0.01371964 0.66790246 0.6430549  0.15651541 0.04880586]
Optimization stopped because of boundary condition
func:'s_dict'  took: 0.0288 sec
[5.38528345 5.98656338 0.1378226  1.13579093 0.78075543 0.04921191
 0.01371964 0.66790246 0.6430549  0.15651541 0.04880586]
Optimization stopped because of boundary condition
func:'s_dict'  took: 0.0298 sec
[4.59988529 5.98656338 0.1378226  1.13579093 0.78075543 0.04921191
 0.01371964 0.66790246 0.6430549  0.15651541 0.04880586]
Optimization stopped because of boundary condition
func:'s_dict'  took: 0.0303 sec
[3.81448713 5.98656338 0.1378226  1.13579093 0.78075543 0.04921191
 0.01371964 0.66790246 0.6430549  0.15651541 0.04880586]
Optimization stopped because of boundary condition
func:'s_dict'  took: 0.0313 sec
[4.59988529 5.20116522 0.1378226  1.13579093 0.78075543 0.04921191
 0.01371964 0.66790246 0.6430549  0.15651541 0.04880586]
Optimization stopped because of boundary condition
func:'s_dict'  took: 0.0317 sec
[3.81448713 5.20116522 0.1378226  1.13579093 0.78075543 0.04921191
 0.01371964 0.66790246 0.6430549  0.15651541 0.04880586]
Optimization stopped because of boundary condition
func:'s_dict'  took: 0.0341 sec
[4.59988529 4.41576705 0.1378226  1.13579093 0.78075543 0.04921191
 0.01371964 0.66790246 0.6430549  0.15651541 0.04880586]
Optimization stopped because of boundary condition
func:'s_dict'  took: 0.0324 sec
[4.59988529 5.20116522 0.1378226  0.35039276 0.78075543 0.04921191
 0.01371964 0.66790246 0.6430549  0.15651541 0.04880586]
Optimization stopped because of boundary condition
func:'s_dict'  took: 0.0302 sec
[3.81448713 5.20116522 0.1378226  0.35039276 0.78075543 0.04921191
 0.01371964 0.66790246 0.6430549  0.15651541 0.04880586]
Optimization stopped because of boundary condition
nfev_t/nfev_a: 492/624 = 0.7884615384615384
func:'find_K'  took: 11.0083 sec
[6, 'QAOA', 'TFIM', -10, 2, 6, 'hypersphere', 10, 0.7884615384615384, 0.35185206669517677, -19.566661282890344, -40.181477825314985, -40.181477825314296]
  0%|          | 0/5 [00:00<?, ?it/s] 20%|██        | 1/5 [00:10<00:40, 10.01s/it] 40%|████      | 2/5 [00:25<00:39, 13.03s/it] 60%|██████    | 3/5 [00:35<00:23, 11.85s/it] 80%|████████  | 4/5 [00:46<00:11, 11.47s/it]100%|██████████| 5/5 [00:57<00:00, 11.31s/it]100%|██████████| 5/5 [00:57<00:00, 11.50s/it]
