[6, 'QAOA', 'TFIM', -1, 2, 6, 'hypersphere', 10]
Time to find local minimum: 2.6624972820281982

func:'s_dict'  took: 1.1753 sec
[1, 0, 1, 3, 1, 0, 0, 3, 1, 1, 3]
func:'s_dict'  took: 0.0272 sec
[0, 0, 1, 3, 1, 0, 0, 3, 1, 1, 3]
func:'s_dict'  took: 0.0283 sec
[0, 1, 1, 3, 1, 0, 0, 3, 1, 1, 3]
func:'s_dict'  took: 0.0265 sec
[0, 0, 2, 3, 1, 0, 0, 3, 1, 1, 3]
func:'s_dict'  took: 0.0279 sec
[0, 1, 2, 3, 1, 0, 0, 3, 1, 1, 3]
func:'s_dict'  took: 0.0291 sec
[0, 0, 3, 3, 1, 0, 0, 3, 1, 1, 3]
func:'s_dict'  took: 0.0253 sec
[0, 0, 2, 4, 1, 0, 0, 3, 1, 1, 3]
func:'s_dict'  took: 0.0249 sec
[0, 0, 2, 3, 2, 0, 0, 3, 1, 1, 3]
func:'s_dict'  took: 0.0268 sec
[0, 0, 2, 3, 1, 1, 0, 3, 1, 1, 3]
func:'s_dict'  took: 0.0270 sec
[0, 0, 2, 3, 1, 0, 1, 3, 1, 1, 3]
nfev_t/nfev_a: 456/336 = 1.3571428571428572
func:'find_K'  took: 110.4277 sec
[6, 'QAOA', 'TFIM', -1, 2, 6, 'hypersphere', 10, 1.3571428571428572, 0.9983746172864153, -7.056792798821669, -7.067969738559466, -7.067969738550398]
[6, 'QAOA', 'TFIM', -1, 2, 6, 'hypersphere', 10]
Time to find local minimum: 2.669192314147949

func:'s_dict'  took: 0.0292 sec
[1, 0, 3, 1, 0, 2, 1, 1, 0, 3, 2]
func:'s_dict'  took: 0.0246 sec
[0, 0, 3, 1, 0, 2, 1, 1, 0, 3, 2]
func:'s_dict'  took: 0.0254 sec
[0, 1, 3, 1, 0, 2, 1, 1, 0, 3, 2]
func:'s_dict'  took: 0.0237 sec
[0, 0, 4, 1, 0, 2, 1, 1, 0, 3, 2]
func:'s_dict'  took: 0.0249 sec
[1, 0, 4, 1, 0, 2, 1, 1, 0, 3, 2]
func:'s_dict'  took: 0.0260 sec
[2, 0, 4, 1, 0, 2, 1, 1, 0, 3, 2]
func:'s_dict'  took: 0.0268 sec
[3, 0, 4, 1, 0, 2, 1, 1, 0, 3, 2]
func:'s_dict'  took: 0.0275 sec
[2, 1, 4, 1, 0, 2, 1, 1, 0, 3, 2]
func:'s_dict'  took: 0.0281 sec
[3, 1, 4, 1, 0, 2, 1, 1, 0, 3, 2]
func:'s_dict'  took: 0.0271 sec
[2, 2, 4, 1, 0, 2, 1, 1, 0, 3, 2]
nfev_t/nfev_a: 468/396 = 1.1818181818181819
func:'find_K'  took: 103.4583 sec
[6, 'QAOA', 'TFIM', -1, 2, 6, 'hypersphere', 10, 1.1818181818181819, 0.9974306480078752, -7.063988516860107, -7.067969738559579, -7.0679697385590465]
[6, 'QAOA', 'TFIM', -1, 2, 6, 'hypersphere', 10]
Time to find local minimum: 1.6030659675598145

func:'s_dict'  took: 0.0273 sec
[0, 0, 2, 1, 3, 3, 2, 1, 3, 1, 3]
func:'s_dict'  took: 0.0291 sec
[1, 0, 2, 1, 3, 3, 2, 1, 3, 1, 3]
func:'s_dict'  took: 0.0297 sec
[2, 0, 2, 1, 3, 3, 2, 1, 3, 1, 3]
func:'s_dict'  took: 0.1581 sec
[3, 0, 2, 1, 3, 3, 2, 1, 3, 1, 3]
func:'s_dict'  took: 0.0315 sec
[4, 0, 2, 1, 3, 3, 2, 1, 3, 1, 3]
func:'s_dict'  took: 0.0324 sec
[5, 0, 2, 1, 3, 3, 2, 1, 3, 1, 3]
func:'s_dict'  took: 0.0334 sec
[6, 0, 2, 1, 3, 3, 2, 1, 3, 1, 3]
func:'s_dict'  took: 0.0345 sec
[7, 0, 2, 1, 3, 3, 2, 1, 3, 1, 3]
func:'s_dict'  took: 0.0356 sec
[8, 0, 2, 1, 3, 3, 2, 1, 3, 1, 3]
func:'s_dict'  took: 0.0364 sec
[9, 0, 2, 1, 3, 3, 2, 1, 3, 1, 3]
nfev_t/nfev_a: 276/12 = 23.0
func:'find_K'  took: 29.7330 sec
[6, 'QAOA', 'TFIM', -1, 2, 6, 'hypersphere', 10, 23.0, 0.9999999999982624, -4.96887066353171, -4.9688706635286515, -4.96887066353171]
[6, 'QAOA', 'TFIM', -1, 2, 6, 'hypersphere', 10]
Time to find local minimum: 2.9109034538269043

func:'s_dict'  took: 0.0224 sec
[0, 2, 3, 0, 2, 2, 0, 0, 0, 0, 3]
func:'s_dict'  took: 0.0242 sec
[1, 2, 3, 0, 2, 2, 0, 0, 0, 0, 3]
func:'s_dict'  took: 0.0249 sec
[2, 2, 3, 0, 2, 2, 0, 0, 0, 0, 3]
func:'s_dict'  took: 0.0257 sec
[1, 3, 3, 0, 2, 2, 0, 0, 0, 0, 3]
func:'s_dict'  took: 0.0239 sec
[1, 2, 4, 0, 2, 2, 0, 0, 0, 0, 3]
func:'s_dict'  took: 0.0282 sec
[1, 2, 3, 1, 2, 2, 0, 0, 0, 0, 3]
func:'s_dict'  took: 0.0314 sec
[1, 2, 3, 0, 3, 2, 0, 0, 0, 0, 3]
func:'s_dict'  took: 0.0250 sec
[1, 2, 3, 0, 2, 3, 0, 0, 0, 0, 3]
func:'s_dict'  took: 0.0246 sec
[1, 2, 3, 0, 2, 2, 0, 1, 0, 0, 3]
func:'s_dict'  took: 0.0246 sec
[1, 2, 3, 0, 2, 2, 0, 0, 1, 0, 3]
nfev_t/nfev_a: 492/264 = 1.8636363636363635
func:'find_K'  took: 85.2727 sec
[6, 'QAOA', 'TFIM', -1, 2, 6, 'hypersphere', 10, 1.8636363636363635, 0.7113680994851875, -4.940632694438929, -4.657577881049521, -4.968870663529419]
[6, 'QAOA', 'TFIM', -1, 2, 6, 'hypersphere', 10]
Time to find local minimum: 2.6185977458953857

func:'s_dict'  took: 0.0251 sec
[1, 3, 3, 0, 0, 1, 2, 1, 1, 1, 3]
func:'s_dict'  took: 0.0249 sec
[0, 3, 3, 0, 0, 1, 2, 1, 1, 1, 3]
func:'s_dict'  took: 0.0247 sec
[0, 4, 3, 0, 0, 1, 2, 1, 1, 1, 3]
func:'s_dict'  took: 0.0259 sec
[1, 4, 3, 0, 0, 1, 2, 1, 1, 1, 3]
func:'s_dict'  took: 0.0264 sec
[2, 4, 3, 0, 0, 1, 2, 1, 1, 1, 3]
func:'s_dict'  took: 0.0278 sec
[3, 4, 3, 0, 0, 1, 2, 1, 1, 1, 3]
func:'s_dict'  took: 0.0278 sec
[2, 5, 3, 0, 0, 1, 2, 1, 1, 1, 3]
func:'s_dict'  took: 0.0294 sec
[3, 5, 3, 0, 0, 1, 2, 1, 1, 1, 3]
func:'s_dict'  took: 0.0283 sec
[2, 6, 3, 0, 0, 1, 2, 1, 1, 1, 3]
func:'s_dict'  took: 0.0276 sec
[2, 5, 4, 0, 0, 1, 2, 1, 1, 1, 3]
nfev_t/nfev_a: 456/348 = 1.3103448275862069
func:'find_K'  took: 114.2463 sec
[6, 'QAOA', 'TFIM', -1, 2, 6, 'hypersphere', 10, 1.3103448275862069, 0.9983752743818686, -7.063853747131558, -7.067969738562592, -7.067969738558759]
  0%|          | 0/5 [00:00<?, ?it/s] 20%|██        | 1/5 [01:50<07:21, 110.43s/it] 40%|████      | 2/5 [03:33<05:18, 106.33s/it] 60%|██████    | 3/5 [04:03<02:22, 71.35s/it]  80%|████████  | 4/5 [05:28<01:16, 76.85s/it]100%|██████████| 5/5 [07:23<00:00, 90.34s/it]100%|██████████| 5/5 [07:23<00:00, 88.63s/it]
