[6, 'QAOA', 'TFIM', -1, 2, 6, 'hypersphere', 10]
-7.067969738555513
Time to find local minimum: 16.735639810562134

func:'s_dict'  took: 1.1516 sec
func:'s_dict'  took: 0.0236 sec
func:'s_dict'  took: 0.0219 sec
func:'s_dict'  took: 0.0259 sec
func:'s_dict'  took: 0.0280 sec
func:'s_dict'  took: 0.0274 sec
func:'s_dict'  took: 0.0267 sec
func:'s_dict'  took: 0.0265 sec
func:'s_dict'  took: 0.0273 sec
func:'s_dict'  took: 0.0258 sec
Energy of approx  -7.069727138910854
nfev_t/nfev_a: 624/300 = 2.08
func:'find_K'  took: 43.8126 sec
[6, 'QAOA', 'TFIM', -1, 2, 6, 'hypersphere', 10, 2.08, 0.9996942087191294, -7.067777513207513, -7.067969738555513, -7.067969738559766]
[6, 'QAOA', 'TFIM', -1, 2, 6, 'hypersphere', 10]
-4.968870663530154
Time to find local minimum: 9.175639867782593

func:'s_dict'  took: 0.0267 sec
func:'s_dict'  took: 0.0267 sec
func:'s_dict'  took: 0.0261 sec
func:'s_dict'  took: 0.0282 sec
func:'s_dict'  took: 0.0280 sec
func:'s_dict'  took: 0.0266 sec
func:'s_dict'  took: 0.0274 sec
func:'s_dict'  took: 0.0271 sec
Energy of approx  -4.968870752625406
nfev_t/nfev_a: 336/132 = 2.5454545454545454
func:'find_K'  took: 24.0609 sec
[6, 'QAOA', 'TFIM', -1, 2, 6, 'hypersphere', 10, 2.5454545454545454, 0.9999999543994655, -4.968870483337993, -4.968870663530154, -4.968870663459326]
[6, 'QAOA', 'TFIM', -1, 2, 6, 'hypersphere', 10]
-7.0679697384968545
Time to find local minimum: 19.13041853904724

func:'s_dict'  took: 0.0256 sec
func:'s_dict'  took: 0.0270 sec
func:'s_dict'  took: 0.0243 sec
func:'s_dict'  took: 0.0260 sec
func:'s_dict'  took: 0.0251 sec
func:'s_dict'  took: 0.0250 sec
func:'s_dict'  took: 0.0262 sec
func:'s_dict'  took: 0.0236 sec
func:'s_dict'  took: 0.0245 sec
func:'s_dict'  took: 0.0279 sec
Energy of approx  -7.070926995990263
nfev_t/nfev_a: 708/276 = 2.5652173913043477
func:'find_K'  took: 46.1611 sec
[6, 'QAOA', 'TFIM', -1, 2, 6, 'hypersphere', 10, 2.5652173913043477, 0.9996261314537457, -7.0678221247323805, -7.0679697384968545, -7.067969738548398]
[6, 'QAOA', 'TFIM', -1, 2, 6, 'hypersphere', 10]
-4.96887066352239
Time to find local minimum: 8.459079265594482

func:'s_dict'  took: 0.0269 sec
func:'s_dict'  took: 0.0276 sec
func:'s_dict'  took: 0.0269 sec
func:'s_dict'  took: 0.0263 sec
func:'s_dict'  took: 0.0280 sec
func:'s_dict'  took: 0.0273 sec
func:'s_dict'  took: 0.0273 sec
func:'s_dict'  took: 0.0276 sec
Energy of approx  -4.968870625905287
nfev_t/nfev_a: 312/132 = 2.3636363636363638
func:'find_K'  took: 23.5112 sec
[6, 'QAOA', 'TFIM', -1, 2, 6, 'hypersphere', 10, 2.3636363636363638, 0.999999982811468, -4.968870625904618, -4.96887066352239, -4.968870663509411]
[6, 'QAOA', 'TFIM', -1, 2, 6, 'hypersphere', 10]
-7.067969738538586
Time to find local minimum: 21.33308744430542

func:'s_dict'  took: 0.0238 sec
func:'s_dict'  took: 0.0219 sec
func:'s_dict'  took: 0.0211 sec
func:'s_dict'  took: 0.0219 sec
func:'s_dict'  took: 0.0258 sec
func:'s_dict'  took: 0.0259 sec
func:'s_dict'  took: 0.1979 sec
func:'s_dict'  took: 0.0238 sec
func:'s_dict'  took: 0.0337 sec
func:'s_dict'  took: 0.0270 sec
Energy of approx  -4.968870658796914
nfev_t/nfev_a: 792/108 = 7.333333333333333
func:'find_K'  took: 40.0079 sec
[6, 'QAOA', 'TFIM', -1, 2, 6, 'hypersphere', 10, 7.333333333333333, 0.03785981333095823, -4.968870658796822, -7.067969738538586, -4.96887066352134]
  0%|          | 0/5 [00:00<?, ?it/s] 20%|██        | 1/5 [00:43<02:55, 43.81s/it] 40%|████      | 2/5 [01:07<01:36, 32.20s/it] 60%|██████    | 3/5 [01:54<01:17, 38.57s/it] 80%|████████  | 4/5 [02:17<00:32, 32.63s/it]100%|██████████| 5/5 [02:57<00:00, 35.29s/it]100%|██████████| 5/5 [02:57<00:00, 35.51s/it]
